#
# There is insufficient memory for the Java Runtime Environment to continue.
# Native memory allocation (mmap) failed to map 65011712 bytes for G1 virtual space
# Possible reasons:
#   The system is out of physical RAM or swap space
#   The process is running with CompressedOops enabled, and the Java Heap may be blocking the growth of the native heap
# Possible solutions:
#   Reduce memory load on the system
#   Increase physical memory or swap space
#   Check if swap backing store is full
#   Decrease Java heap size (-Xmx/-Xms)
#   Decrease number of Java threads
#   Decrease Java thread stack sizes (-Xss)
#   Set larger code cache with -XX:ReservedCodeCacheSize=
#   JVM is running with Unscaled Compressed Oops mode in which the Java heap is
#     placed in the first 4GB address space. The Java Heap base address is the
#     maximum limit for the native heap growth. Please use -XX:HeapBaseMinAddress
#     to set the Java Heap base and to place the Java Heap above 4GB virtual address.
# This output file may be truncated or incomplete.
#
#  Out of Memory Error (./open/src/hotspot/os/windows/os_windows.cpp:3472), pid=19044, tid=19284
#
# JRE version:  (15.0+36) (build )
# Java VM: Java HotSpot(TM) 64-Bit Server VM (15+36-1562, mixed mode, sharing, tiered, compressed oops, g1 gc, windows-amd64)
# No core dump will be written. Minidumps are not enabled by default on client versions of Windows
#

---------------  S U M M A R Y ------------

Command Line: -Dfile.encoding=UTF-8 -agentlib:jdwp=transport=dt_shmem,address=javadebug7673 --module-path=C:\Users\aysha\Documents\NetBeansProjects\java_CRUD\build\classes java_crud.Java_CRUD

Host: Intel(R) Core(TM) i3-7100U CPU @ 2.40GHz, 4 cores, 3G,  Windows 10 , 64 bit Build 19041 (10.0.19041.3570)
Time: Tue Dec  5 11:26:24 2023 Sri Lanka Standard Time elapsed time: 2.653157 seconds (0d 0h 0m 2s)

---------------  T H R E A D  ---------------

Current thread (0x0000022d99180670):  JavaThread "Unknown thread" [_thread_in_vm, id=19284, stack(0x00000077a8e00000,0x00000077a8f00000)]

Stack: [0x00000077a8e00000,0x00000077a8f00000]
Native frames: (J=compiled Java code, j=interpreted, Vv=VM code, C=native code)
V  [jvm.dll+0x629eaa]
V  [jvm.dll+0x780379]
V  [jvm.dll+0x781ad3]
V  [jvm.dll+0x782133]
V  [jvm.dll+0x2159d5]
V  [jvm.dll+0x627299]
V  [jvm.dll+0x61bdd5]
V  [jvm.dll+0x2cf96d]
V  [jvm.dll+0x2cf7d2]
V  [jvm.dll+0x2d57ac]
V  [jvm.dll+0x32523a]
V  [jvm.dll+0x324904]
V  [jvm.dll+0x2a68ea]
V  [jvm.dll+0x2a7a88]
V  [jvm.dll+0x75d0f1]
V  [jvm.dll+0x333af4]
V  [jvm.dll+0x73d816]
V  [jvm.dll+0x3b68e7]
V  [jvm.dll+0x3b8371]
C  [jli.dll+0x52fb]
C  [ucrtbase.dll+0x21bb2]
C  [KERNEL32.DLL+0x17344]
C  [ntdll.dll+0x526b1]


---------------  P R O C E S S  ---------------

Threads class SMR info:
_java_thread_list=0x00007ffa447f2fa0, length=0, elements={
}

Java Threads: ( => current thread )

Other Threads:
  0x0000022d991aec70 GCTaskThread "GC Thread#0" [stack: 0x00000077a8f00000,0x00000077a9000000] [id=19300]
  0x0000022d991b87a0 ConcurrentGCThread "G1 Main Marker" [stack: 0x00000077a9000000,0x00000077a9100000] [id=19304]
  0x0000022d991b9ac0 ConcurrentGCThread "G1 Conc#0" [stack: 0x00000077a9100000,0x00000077a9200000] [id=19308]

[error occurred during error reporting (printing all threads), id 0xc0000005, EXCEPTION_ACCESS_VIOLATION (0xc0000005) at pc=0x00007ffa43fe77b7]

VM state: not at safepoint (not fully initialized)

VM Mutex/Monitor currently owned by a thread:  ([mutex/lock_event])
[0x0000022d9917d9a0] Heap_lock - owner thread: 0x0000022d99180670

Heap address: 0x00000000c3600000, size: 970 MB, Compressed Oops mode: 32-bit
CDS archive(s) mapped at: [0x0000000000000000-0x0000000000000000-0x0000000000000000), size 0, SharedBaseAddress: 0x0000000800000000, ArchiveRelocationMode: 0.
Narrow klass base: 0x0000000000000000, Narrow klass shift: 0, Narrow klass range: 0x0

Heap:
 garbage-first heap   total 63488K, used 0K [0x00000000c3600000, 0x0000000100000000)
  region size 1024K, 0 young (0K), 0 survivors (0K)
 Metaspace       used 0K, capacity 0K, committed 0K, reserved 0K
  class space    used 0K, capacity 0K, committed 0K, reserved 0K

Heap Regions: E=young(eden), S=young(survivor), O=old, HS=humongous(starts), HC=humongous(continues), CS=collection set, F=free, OA=open archive, CA=closed archive, TAMS=top-at-mark-start (previous, next)

Card table byte_map: [0x0000022db05b0000,0x0000022db07a0000] _byte_map_base: 0x0000022daff95000

Marking Bits (Prev, Next): (CMBitMap*) 0x0000022d991b0400, (CMBitMap*) 0x0000022d991b0440
 Prev Bits: [0x0000022db0990000, 0x0000022db18b8000)
 Next Bits: [0x0000022db18c0000, 0x0000022db27e8000)

GC Heap History (0 events):
No events

Deoptimization events (0 events):
No events

Classes unloaded (0 events):
No events

Classes redefined (0 events):
No events

Internal exceptions (0 events):
No events

Events (1 events):
Event: 0.555 Loaded shared library C:\Program Files\Java\jdk-15\bin\java.dll


Dynamic libraries:
0x00007ff659680000 - 0x00007ff65968f000 	C:\Program Files\Java\jdk-15\bin\java.exe
0x00007ffa71f70000 - 0x00007ffa72167000 	C:\WINDOWS\SYSTEM32\ntdll.dll
0x00007ffa71c40000 - 0x00007ffa71cfd000 	C:\WINDOWS\System32\KERNEL32.DLL
0x00007ffa6f7f0000 - 0x00007ffa6fae6000 	C:\WINDOWS\System32\KERNELBASE.dll
0x00007ffa6ff60000 - 0x00007ffa70060000 	C:\WINDOWS\System32\ucrtbase.dll
0x00007ffa60bd0000 - 0x00007ffa60be8000 	C:\Program Files\Java\jdk-15\bin\jli.dll
0x00007ffa70060000 - 0x00007ffa7010e000 	C:\WINDOWS\System32\ADVAPI32.dll
0x00007ffa71d10000 - 0x00007ffa71dae000 	C:\WINDOWS\System32\msvcrt.dll
0x00007ffa71db0000 - 0x00007ffa71e4c000 	C:\WINDOWS\System32\sechost.dll
0x00007ffa70310000 - 0x00007ffa70436000 	C:\WINDOWS\System32\RPCRT4.dll
0x00007ffa6aac0000 - 0x00007ffa6aad9000 	C:\Program Files\Java\jdk-15\bin\VCRUNTIME140.dll
0x00007ffa708b0000 - 0x00007ffa70a4e000 	C:\WINDOWS\System32\USER32.dll
0x00007ffa6fb20000 - 0x00007ffa6fb42000 	C:\WINDOWS\System32\win32u.dll
0x00007ffa70170000 - 0x00007ffa7019c000 	C:\WINDOWS\System32\GDI32.dll
0x00007ffa6fba0000 - 0x00007ffa6fcba000 	C:\WINDOWS\System32\gdi32full.dll
0x00007ffa6f750000 - 0x00007ffa6f7ed000 	C:\WINDOWS\System32\msvcp_win.dll
0x00007ffa5f270000 - 0x00007ffa5f50a000 	C:\WINDOWS\WinSxS\amd64_microsoft.windows.common-controls_6595b64144ccf1df_6.0.19041.3570_none_60bb2a3971f3e41a\COMCTL32.dll
0x00007ffa61170000 - 0x00007ffa6117a000 	C:\WINDOWS\SYSTEM32\VERSION.dll
0x00007ffa702d0000 - 0x00007ffa70300000 	C:\WINDOWS\System32\IMM32.DLL
0x00007ffa6b9c0000 - 0x00007ffa6b9cc000 	C:\Program Files\Java\jdk-15\bin\vcruntime140_1.dll
0x00007ffa5a200000 - 0x00007ffa5a291000 	C:\Program Files\Java\jdk-15\bin\msvcp140.dll
0x00007ffa43d30000 - 0x00007ffa4488c000 	C:\Program Files\Java\jdk-15\bin\server\jvm.dll
0x00007ffa71d00000 - 0x00007ffa71d08000 	C:\WINDOWS\System32\PSAPI.DLL
0x00007ffa60b50000 - 0x00007ffa60b59000 	C:\WINDOWS\SYSTEM32\WSOCK32.dll
0x00007ffa70c00000 - 0x00007ffa70c6b000 	C:\WINDOWS\System32\WS2_32.dll
0x00007ffa5ec70000 - 0x00007ffa5ec97000 	C:\WINDOWS\SYSTEM32\WINMM.dll
0x00007ffa6d760000 - 0x00007ffa6d772000 	C:\WINDOWS\SYSTEM32\kernel.appcore.dll
0x00007ffa66220000 - 0x00007ffa6622a000 	C:\Program Files\Java\jdk-15\bin\jimage.dll
0x00007ffa6d2e0000 - 0x00007ffa6d4c4000 	C:\WINDOWS\SYSTEM32\DBGHELP.DLL
0x00007ffa5b5b0000 - 0x00007ffa5b5e4000 	C:\WINDOWS\SYSTEM32\dbgcore.DLL
0x00007ffa6fd70000 - 0x00007ffa6fdf2000 	C:\WINDOWS\System32\bcryptPrimitives.dll
0x00007ffa5be20000 - 0x00007ffa5be59000 	C:\Program Files\Java\jdk-15\bin\jdwp.dll
0x00007ffa67e80000 - 0x00007ffa67ea5000 	C:\Program Files\Java\jdk-15\bin\java.dll

dbghelp: loaded successfully - version: 4.0.5 - missing functions: none
symbol engine: initialized successfully - sym options: 0x614 - pdb path: .;C:\Program Files\Java\jdk-15\bin;C:\WINDOWS\SYSTEM32;C:\WINDOWS\WinSxS\amd64_microsoft.windows.common-controls_6595b64144ccf1df_6.0.19041.3570_none_60bb2a3971f3e41a;C:\Program Files\Java\jdk-15\bin\server

VM Arguments:
jvm_args: -Dfile.encoding=UTF-8 -agentlib:jdwp=transport=dt_shmem,address=javadebug7673 --module-path=C:\Users\aysha\Documents\NetBeansProjects\java_CRUD\build\classes 
java_command: java_crud.Java_CRUD
java_class_path (initial): C:\Users\aysha\Desktop\lbr\MySqlJdbcDriver\mysql-connector-j-8.1.0.jar;C:\Users\aysha\Desktop\Libraries\rs2xml.jar;C:\Users\aysha\Documents\NetBeansProjects\java_CRUD\build\classes
Launcher Type: SUN_STANDARD

[Global flags]
     intx CICompilerCount                          = 3                                         {product} {ergonomic}
     uint ConcGCThreads                            = 1                                         {product} {ergonomic}
     uint G1ConcRefinementThreads                  = 4                                         {product} {ergonomic}
   size_t G1HeapRegionSize                         = 1048576                                   {product} {ergonomic}
    uintx GCDrainStackTargetSize                   = 64                                        {product} {ergonomic}
   size_t InitialHeapSize                          = 65011712                                  {product} {ergonomic}
   size_t MarkStackSize                            = 4194304                                   {product} {ergonomic}
   size_t MaxHeapSize                              = 1017118720                                {product} {ergonomic}
   size_t MinHeapDeltaBytes                        = 1048576                                   {product} {ergonomic}
   size_t MinHeapSize                              = 8388608                                   {product} {ergonomic}
    uintx NonNMethodCodeHeapSize                   = 5832780                                {pd product} {ergonomic}
    uintx NonProfiledCodeHeapSize                  = 122912730                              {pd product} {ergonomic}
    uintx ProfiledCodeHeapSize                     = 122912730                              {pd product} {ergonomic}
    uintx ReservedCodeCacheSize                    = 251658240                              {pd product} {ergonomic}
     bool SegmentedCodeCache                       = true                                      {product} {ergonomic}
   size_t SoftMaxHeapSize                          = 1017118720                             {manageable} {ergonomic}
     bool UseCompressedClassPointers               = true                                 {lp64_product} {ergonomic}
     bool UseCompressedOops                        = true                                 {lp64_product} {ergonomic}
     bool UseG1GC                                  = true                                      {product} {ergonomic}
     bool UseLargePagesIndividualAllocation        = false                                  {pd product} {ergonomic}

Logging:
Log output configuration:
 #0: stdout all=warning uptime,level,tags
 #1: stderr all=off uptime,level,tags

Environment Variables:
JAVA_HOME=C:\Program Files\Java\jdk-15
PATH=C:\Program Files\Common Files\Oracle\Java\javapath;C:\WINDOWS\system32;C:\WINDOWS;C:\WINDOWS\System32\Wbem;C:\WINDOWS\System32\WindowsPowerShell\v1.0\;C:\WINDOWS\System32\OpenSSH\;C:\Program Files\Microsoft SQL Server\150\Tools\Binn\;C:\Program Files\Microsoft\Web Platform Installer\;C:\Program Files (x86)\Microsoft ASP.NET\ASP.NET Web Pages\v1.0\;C:\Program Files (x86)\Windows Kits\8.0\Windows Performance Toolkit\;C:\Program Files\Microsoft SQL Server\110\Tools\Binn\;C:\Program Files\Java\jdk-15\bin;C:\Program Files\MySQL\MySQL Shell 8.0\bin\;C:\Users\aysha\AppData\Local\Microsoft\WindowsApps;C:\Users\aysha\AppData\Local\Programs\Microsoft VS Code\bin
USERNAME=aysha
OS=Windows_NT
PROCESSOR_IDENTIFIER=Intel64 Family 6 Model 142 Stepping 9, GenuineIntel



---------------  S Y S T E M  ---------------

OS:
 Windows 10 , 64 bit Build 19041 (10.0.19041.3570)
OS uptime: 0 days 8:51 hours

CPU: total 4 (initial active 4) (2 cores per cpu, 2 threads per core) family 6 model 142 stepping 9, cmov, cx8, fxsr, mmx, sse, sse2, sse3, ssse3, sse4.1, sse4.2, popcnt, vzeroupper, avx, avx2, aes, clmul, erms, 3dnowpref, lzcnt, ht, tsc, tscinvbit, bmi1, bmi2, adx, fma, clflush, clflushopt

Memory: 4k page, system-wide physical 3879M (113M free)
TotalPageFile size 15655M (AvailPageFile size 3M)
current process WorkingSet (physical memory assigned to process): 10M, peak: 10M
current process commit charge ("private bytes"): 51M, peak: 113M

vm_info: Java HotSpot(TM) 64-Bit Server VM (15+36-1562) for windows-amd64 JRE (15+36-1562), built on Aug 11 2020 22:38:02 by "mach5one" with unknown MS VC++:1925

END.
