#
# There is insufficient memory for the Java Runtime Environment to continue.
# Native memory allocation (malloc) failed to allocate 32744 bytes for ChunkPool::allocate
# Possible reasons:
#   The system is out of physical RAM or swap space
#   The process is running with CompressedOops enabled, and the Java Heap may be blocking the growth of the native heap
# Possible solutions:
#   Reduce memory load on the system
#   Increase physical memory or swap space
#   Check if swap backing store is full
#   Decrease Java heap size (-Xmx/-Xms)
#   Decrease number of Java threads
#   Decrease Java thread stack sizes (-Xss)
#   Set larger code cache with -XX:ReservedCodeCacheSize=
#   JVM is running with Unscaled Compressed Oops mode in which the Java heap is
#     placed in the first 4GB address space. The Java Heap base address is the
#     maximum limit for the native heap growth. Please use -XX:HeapBaseMinAddress
#     to set the Java Heap base and to place the Java Heap above 4GB virtual address.
# This output file may be truncated or incomplete.
#
#  Out of Memory Error (./open/src/hotspot/share/memory/arena.cpp:79), pid=19364, tid=20228
#
# JRE version:  (15.0+36) (build )
# Java VM: Java HotSpot(TM) 64-Bit Server VM (15+36-1562, mixed mode, sharing, tiered, compressed oops, g1 gc, windows-amd64)
# No core dump will be written. Minidumps are not enabled by default on client versions of Windows
#

---------------  S U M M A R Y ------------

Command Line: -Dfile.encoding=UTF-8 -agentlib:jdwp=transport=dt_shmem,address=javadebug5570 --module-path=C:\Users\aysha\Documents\NetBeansProjects\java_CRUD\build\classes java_crud.Java_CRUD

Host: Intel(R) Core(TM) i3-7100U CPU @ 2.40GHz, 4 cores, 3G,  Windows 10 , 64 bit Build 19041 (10.0.19041.3570)
Time: Tue Nov 28 22:05:55 2023 Sri Lanka Standard Time elapsed time: 3.594181 seconds (0d 0h 0m 3s)

---------------  T H R E A D  ---------------

Current thread (0x000002ae1a7b07f0):  JavaThread "Unknown thread" [_thread_in_vm, id=20228, stack(0x000000fb48f00000,0x000000fb49000000)]

Stack: [0x000000fb48f00000,0x000000fb49000000]
Native frames: (J=compiled Java code, j=interpreted, Vv=VM code, C=native code)
V  [jvm.dll+0x629eaa]
V  [jvm.dll+0x780379]
V  [jvm.dll+0x781ad3]
V  [jvm.dll+0x782133]
V  [jvm.dll+0x2159d5]
V  [jvm.dll+0x97cdf]
V  [jvm.dll+0x9802c]
V  [jvm.dll+0x26c3c2]
V  [jvm.dll+0x5b200f]
V  [jvm.dll+0x333ad1]
V  [jvm.dll+0x73d816]
V  [jvm.dll+0x3b68e7]
V  [jvm.dll+0x3b8371]
C  [jli.dll+0x52fb]
C  [ucrtbase.dll+0x21bb2]
C  [KERNEL32.DLL+0x17344]
C  [ntdll.dll+0x526b1]


---------------  P R O C E S S  ---------------

Threads class SMR info:
_java_thread_list=0x00007fffd88e2fa0, length=0, elements={
}

Java Threads: ( => current thread )

Other Threads:

=>0x000002ae1a7b07f0 (exited) JavaThread "Unknown thread" [_thread_in_vm, id=20228, stack(0x000000fb48f00000,0x000000fb49000000)]

Threads with active compile tasks:

VM state: not at safepoint (not fully initialized)

VM Mutex/Monitor currently owned by a thread: None

Heap address: 0x0000000000000000, size: 0 MB, Compressed Oops mode: 32-bit
CDS archive(s) mapped at: [0x0000000000000000-0x0000000000000000-0x0000000000000000), size 0, SharedBaseAddress: 0x0000000800000000, ArchiveRelocationMode: 0.
Narrow klass base: 0x0000000000000000, Narrow klass shift: 0, Narrow klass range: 0x0

Deoptimization events (0 events):
No events

Classes unloaded (0 events):
No events

Classes redefined (0 events):
No events

Internal exceptions (0 events):
No events

Events (0 events):
No events


Dynamic libraries:
0x00007ff7e3300000 - 0x00007ff7e330f000 	C:\Program Files\Java\jdk-15\bin\java.exe
0x00007ff805290000 - 0x00007ff805487000 	C:\WINDOWS\SYSTEM32\ntdll.dll
0x00007ff804ae0000 - 0x00007ff804b9d000 	C:\WINDOWS\System32\KERNEL32.DLL
0x00007ff802f30000 - 0x00007ff803226000 	C:\WINDOWS\System32\KERNELBASE.dll
0x00007ff8029d0000 - 0x00007ff802ad0000 	C:\WINDOWS\System32\ucrtbase.dll
0x00007ffffd810000 - 0x00007ffffd829000 	C:\Program Files\Java\jdk-15\bin\VCRUNTIME140.dll
0x00007fffe40c0000 - 0x00007fffe40d8000 	C:\Program Files\Java\jdk-15\bin\jli.dll
0x00007ff803840000 - 0x00007ff8038ee000 	C:\WINDOWS\System32\ADVAPI32.dll
0x00007ff804e80000 - 0x00007ff804f1e000 	C:\WINDOWS\System32\msvcrt.dll
0x00007ff804c00000 - 0x00007ff804c9c000 	C:\WINDOWS\System32\sechost.dll
0x00007ff803500000 - 0x00007ff803626000 	C:\WINDOWS\System32\RPCRT4.dll
0x00007ff804940000 - 0x00007ff804ade000 	C:\WINDOWS\System32\USER32.dll
0x00007ff802b80000 - 0x00007ff802ba2000 	C:\WINDOWS\System32\win32u.dll
0x00007ff803700000 - 0x00007ff80372c000 	C:\WINDOWS\System32\GDI32.dll
0x00007ff803230000 - 0x00007ff80334a000 	C:\WINDOWS\System32\gdi32full.dll
0x00007ff802c30000 - 0x00007ff802ccd000 	C:\WINDOWS\System32\msvcp_win.dll
0x00007ffff73e0000 - 0x00007ffff73ea000 	C:\WINDOWS\SYSTEM32\VERSION.dll
0x00007ffff16e0000 - 0x00007ffff197a000 	C:\WINDOWS\WinSxS\amd64_microsoft.windows.common-controls_6595b64144ccf1df_6.0.19041.3570_none_60bb2a3971f3e41a\COMCTL32.dll
0x00007ff803970000 - 0x00007ff8039a0000 	C:\WINDOWS\System32\IMM32.DLL
0x00007ffffd800000 - 0x00007ffffd80c000 	C:\Program Files\Java\jdk-15\bin\vcruntime140_1.dll
0x00007fffe3930000 - 0x00007fffe39c1000 	C:\Program Files\Java\jdk-15\bin\msvcp140.dll
0x00007fffd7e20000 - 0x00007fffd897c000 	C:\Program Files\Java\jdk-15\bin\server\jvm.dll
0x00007ff8039b0000 - 0x00007ff8039b8000 	C:\WINDOWS\System32\PSAPI.DLL
0x00007fffef390000 - 0x00007fffef399000 	C:\WINDOWS\SYSTEM32\WSOCK32.dll
0x00007ff805130000 - 0x00007ff80519b000 	C:\WINDOWS\System32\WS2_32.dll
0x00007fffefd50000 - 0x00007fffefd77000 	C:\WINDOWS\SYSTEM32\WINMM.dll
0x00007ff801200000 - 0x00007ff801212000 	C:\WINDOWS\SYSTEM32\kernel.appcore.dll
0x00007ffffd7f0000 - 0x00007ffffd7fa000 	C:\Program Files\Java\jdk-15\bin\jimage.dll
0x00007ff800f00000 - 0x00007ff8010e4000 	C:\WINDOWS\SYSTEM32\DBGHELP.DLL
0x00007fffee120000 - 0x00007fffee154000 	C:\WINDOWS\SYSTEM32\dbgcore.DLL
0x00007ff802ea0000 - 0x00007ff802f22000 	C:\WINDOWS\System32\bcryptPrimitives.dll
0x00007fffe4080000 - 0x00007fffe40b9000 	C:\Program Files\Java\jdk-15\bin\jdwp.dll

dbghelp: loaded successfully - version: 4.0.5 - missing functions: none
symbol engine: initialized successfully - sym options: 0x614 - pdb path: .;C:\Program Files\Java\jdk-15\bin;C:\WINDOWS\SYSTEM32;C:\WINDOWS\WinSxS\amd64_microsoft.windows.common-controls_6595b64144ccf1df_6.0.19041.3570_none_60bb2a3971f3e41a;C:\Program Files\Java\jdk-15\bin\server

VM Arguments:
jvm_args: -Dfile.encoding=UTF-8 -agentlib:jdwp=transport=dt_shmem,address=javadebug5570 --module-path=C:\Users\aysha\Documents\NetBeansProjects\java_CRUD\build\classes 
java_command: java_crud.Java_CRUD
java_class_path (initial): C:\Users\aysha\Desktop\lbr\MySqlJdbcDriver\mysql-connector-j-8.1.0.jar;C:\Users\aysha\Desktop\Libraries\rs2xml.jar;C:\Users\aysha\Documents\NetBeansProjects\java_CRUD\build\classes
Launcher Type: SUN_STANDARD

[Global flags]
     uint ConcGCThreads                            = 1                                         {product} {ergonomic}
     uint G1ConcRefinementThreads                  = 4                                         {product} {ergonomic}
    uintx GCDrainStackTargetSize                   = 64                                        {product} {ergonomic}
   size_t InitialHeapSize                          = 63556224                                  {product} {ergonomic}
   size_t MarkStackSize                            = 4194304                                   {product} {ergonomic}
   size_t MaxHeapSize                              = 1016899584                                {product} {ergonomic}
   size_t MinHeapSize                              = 6815736                                   {product} {ergonomic}
    uintx ReservedCodeCacheSize                    = 251658240                              {pd product} {ergonomic}
     bool SegmentedCodeCache                       = true                                      {product} {ergonomic}
     bool UseCompressedClassPointers               = true                                 {lp64_product} {ergonomic}
     bool UseCompressedOops                        = true                                 {lp64_product} {ergonomic}
     bool UseG1GC                                  = true                                      {product} {ergonomic}
     bool UseLargePagesIndividualAllocation        = false                                  {pd product} {ergonomic}

Logging:
Log output configuration:
 #0: stdout all=warning uptime,level,tags
 #1: stderr all=off uptime,level,tags

Environment Variables:
JAVA_HOME=C:\Program Files\Java\jdk-15
PATH=C:\Program Files\Common Files\Oracle\Java\javapath;C:\WINDOWS\system32;C:\WINDOWS;C:\WINDOWS\System32\Wbem;C:\WINDOWS\System32\WindowsPowerShell\v1.0\;C:\WINDOWS\System32\OpenSSH\;C:\Program Files\Microsoft SQL Server\150\Tools\Binn\;C:\Program Files\Microsoft\Web Platform Installer\;C:\Program Files (x86)\Microsoft ASP.NET\ASP.NET Web Pages\v1.0\;C:\Program Files (x86)\Windows Kits\8.0\Windows Performance Toolkit\;C:\Program Files\Microsoft SQL Server\110\Tools\Binn\;C:\Program Files\Java\jdk-15\bin;C:\Program Files\MySQL\MySQL Shell 8.0\bin\;C:\Users\aysha\AppData\Local\Microsoft\WindowsApps;C:\Users\aysha\AppData\Local\Programs\Microsoft VS Code\bin
USERNAME=aysha
OS=Windows_NT
PROCESSOR_IDENTIFIER=Intel64 Family 6 Model 142 Stepping 9, GenuineIntel



---------------  S Y S T E M  ---------------

OS:
 Windows 10 , 64 bit Build 19041 (10.0.19041.3570)
OS uptime: 0 days 0:39 hours

CPU: total 4 (initial active 4) 

Memory: 4k page, system-wide physical 3879M (330M free)
TotalPageFile size 15655M (AvailPageFile size 1253M)
current process WorkingSet (physical memory assigned to process): 8M, peak: 8M
current process commit charge ("private bytes"): 3M, peak: 3M

vm_info: Java HotSpot(TM) 64-Bit Server VM (15+36-1562) for windows-amd64 JRE (15+36-1562), built on Aug 11 2020 22:38:02 by "mach5one" with unknown MS VC++:1925

END.
