#
# There is insufficient memory for the Java Runtime Environment to continue.
# Native memory allocation (malloc) failed to allocate 8192 bytes for AllocateHeap
# Possible reasons:
#   The system is out of physical RAM or swap space
#   The process is running with CompressedOops enabled, and the Java Heap may be blocking the growth of the native heap
# Possible solutions:
#   Reduce memory load on the system
#   Increase physical memory or swap space
#   Check if swap backing store is full
#   Decrease Java heap size (-Xmx/-Xms)
#   Decrease number of Java threads
#   Decrease Java thread stack sizes (-Xss)
#   Set larger code cache with -XX:ReservedCodeCacheSize=
#   JVM is running with Unscaled Compressed Oops mode in which the Java heap is
#     placed in the first 4GB address space. The Java Heap base address is the
#     maximum limit for the native heap growth. Please use -XX:HeapBaseMinAddress
#     to set the Java Heap base and to place the Java Heap above 4GB virtual address.
# This output file may be truncated or incomplete.
#
#  Out of Memory Error (./open/src/hotspot/share/memory/allocation.cpp:44), pid=16140, tid=20312
#
# JRE version: Java(TM) SE Runtime Environment (15.0+36) (build 15+36-1562)
# Java VM: Java HotSpot(TM) 64-Bit Server VM (15+36-1562, mixed mode, sharing, tiered, compressed oops, g1 gc, windows-amd64)
# No core dump will be written. Minidumps are not enabled by default on client versions of Windows
#

---------------  S U M M A R Y ------------

Command Line: -Dfile.encoding=UTF-8 -agentlib:jdwp=transport=dt_shmem,address=javadebug1402 --module-path=C:\Users\aysha\Documents\NetBeansProjects\java_CRUD\build\classes java_crud.Java_CRUD

Host: Intel(R) Core(TM) i3-7100U CPU @ 2.40GHz, 4 cores, 3G,  Windows 10 , 64 bit Build 19041 (10.0.19041.3570)
Time: Tue Nov 28 22:05:55 2023 Sri Lanka Standard Time elapsed time: 4.035136 seconds (0d 0h 0m 4s)

---------------  T H R E A D  ---------------

Current thread (0x00000209b5871520):  JavaThread "main" [_thread_in_vm, id=20312, stack(0x0000005590d00000,0x0000005590e00000)]

Stack: [0x0000005590d00000,0x0000005590e00000]
Native frames: (J=compiled Java code, j=interpreted, Vv=VM code, C=native code)
V  [jvm.dll+0x629eaa]
V  [jvm.dll+0x780379]
V  [jvm.dll+0x781ad3]
V  [jvm.dll+0x782133]
V  [jvm.dll+0x2159d5]
V  [jvm.dll+0x8e9ba]
V  [jvm.dll+0x3161bc]
V  [jvm.dll+0x692a49]
V  [jvm.dll+0x69e73a]
V  [jvm.dll+0x6912b7]
V  [jvm.dll+0x69148b]
V  [jvm.dll+0x5dd7c4]
V  [jvm.dll+0x5e0208]
V  [jvm.dll+0x33d60c]
V  [jvm.dll+0x7055cc]
V  [jvm.dll+0x7050e3]
V  [jvm.dll+0x706af8]
V  [jvm.dll+0x706df3]
V  [jvm.dll+0x20e7b4]
V  [jvm.dll+0x20ea42]
V  [jvm.dll+0x51e828]
V  [jvm.dll+0x521620]
V  [jvm.dll+0x34cdd0]
V  [jvm.dll+0x34c40f]
C  0x00000209bf2eda8e

Java frames: (J=compiled Java code, j=interpreted, Vv=VM code)
j  java.lang.invoke.InnerClassLambdaMetafactory.spinInnerClass()Ljava/lang/Class;+0 java.base@15
j  java.lang.invoke.InnerClassLambdaMetafactory.buildCallSite()Ljava/lang/invoke/CallSite;+1 java.base@15
j  java.lang.invoke.LambdaMetafactory.metafactory(Ljava/lang/invoke/MethodHandles$Lookup;Ljava/lang/String;Ljava/lang/invoke/MethodType;Ljava/lang/invoke/MethodType;Ljava/lang/invoke/MethodHandle;Ljava/lang/invoke/MethodType;)Ljava/lang/invoke/CallSite;+31 java.base@15
j  java.lang.invoke.DirectMethodHandle$Holder.invokeStatic(Ljava/lang/Object;Ljava/lang/Object;Ljava/lang/Object;Ljava/lang/Object;Ljava/lang/Object;Ljava/lang/Object;Ljava/lang/Object;)Ljava/lang/Object;+20 java.base@15
j  java.lang.invoke.Invokers$Holder.invokeExact_MT(Ljava/lang/Object;Ljava/lang/Object;Ljava/lang/Object;Ljava/lang/Object;Ljava/lang/Object;Ljava/lang/Object;Ljava/lang/Object;Ljava/lang/Object;)Ljava/lang/Object;+28 java.base@15
j  java.lang.invoke.BootstrapMethodInvoker.invoke(Ljava/lang/Class;Ljava/lang/invoke/MethodHandle;Ljava/lang/String;Ljava/lang/Object;Ljava/lang/Object;Ljava/lang/Class;)Ljava/lang/Object;+262 java.base@15
j  java.lang.invoke.CallSite.makeSite(Ljava/lang/invoke/MethodHandle;Ljava/lang/String;Ljava/lang/invoke/MethodType;Ljava/lang/Object;Ljava/lang/Class;)Ljava/lang/invoke/CallSite;+8 java.base@15
j  java.lang.invoke.MethodHandleNatives.linkCallSiteImpl(Ljava/lang/Class;Ljava/lang/invoke/MethodHandle;Ljava/lang/String;Ljava/lang/invoke/MethodType;Ljava/lang/Object;[Ljava/lang/Object;)Ljava/lang/invoke/MemberName;+6 java.base@15
j  java.lang.invoke.MethodHandleNatives.linkCallSite(Ljava/lang/Object;ILjava/lang/Object;Ljava/lang/Object;Ljava/lang/Object;Ljava/lang/Object;[Ljava/lang/Object;)Ljava/lang/invoke/MemberName;+46 java.base@15
v  ~StubRoutines::call_stub
j  jdk.internal.module.DefaultRoots.compute(Ljava/lang/module/ModuleFinder;Ljava/lang/module/ModuleFinder;)Ljava/util/Set;+11 java.base@15
j  jdk.internal.module.ModuleBootstrap.boot()Ljava/lang/ModuleLayer;+711 java.base@15
j  java.lang.System.initPhase2(ZZ)I+0 java.base@15
v  ~StubRoutines::call_stub

---------------  P R O C E S S  ---------------

Threads class SMR info:
_java_thread_list=0x00000209d3a91200, length=9, elements={
0x00000209b5871520, 0x00000209d3a7fd40, 0x00000209d3a80910, 0x00000209d3a98020,
0x00000209d3a9a8f0, 0x00000209d3a9c2c0, 0x00000209d3a9d0a0, 0x00000209d3a9dc40,
0x00000209d3b04e00
}

Java Threads: ( => current thread )
=>0x00000209b5871520 JavaThread "main" [_thread_in_vm, id=20312, stack(0x0000005590d00000,0x0000005590e00000)]
  0x00000209d3a7fd40 JavaThread "Reference Handler" daemon [_thread_blocked, id=20904, stack(0x0000005591400000,0x0000005591500000)]
  0x00000209d3a80910 JavaThread "Finalizer" daemon [_thread_blocked, id=20908, stack(0x0000005591500000,0x0000005591600000)]
  0x00000209d3a98020 JavaThread "Signal Dispatcher" daemon [_thread_blocked, id=20976, stack(0x0000005591600000,0x0000005591700000)]
  0x00000209d3a9a8f0 JavaThread "Attach Listener" daemon [_thread_blocked, id=20980, stack(0x0000005591700000,0x0000005591800000)]
  0x00000209d3a9c2c0 JavaThread "Service Thread" daemon [_thread_blocked, id=20984, stack(0x0000005591800000,0x0000005591900000)]
  0x00000209d3a9d0a0 JavaThread "C2 CompilerThread0" daemon [_thread_blocked, id=20988, stack(0x0000005591900000,0x0000005591a00000)]
  0x00000209d3a9dc40 JavaThread "C1 CompilerThread0" daemon [_thread_blocked, id=20992, stack(0x0000005591a00000,0x0000005591b00000)]
  0x00000209d3b04e00 JavaThread "Sweeper thread" daemon [_thread_blocked, id=20996, stack(0x0000005591b00000,0x0000005591c00000)]

Other Threads:
  0x00000209d3a7cd10 VMThread "VM Thread" [stack: 0x0000005591300000,0x0000005591400000] [id=20748]
  0x00000209b589eb10 GCTaskThread "GC Thread#0" [stack: 0x0000005590e00000,0x0000005590f00000] [id=20524]
  0x00000209b58a7720 ConcurrentGCThread "G1 Main Marker" [stack: 0x0000005590f00000,0x0000005591000000] [id=20528]
  0x00000209b58a8390 ConcurrentGCThread "G1 Conc#0" [stack: 0x0000005591000000,0x0000005591100000] [id=20532]
  0x00000209b58e6a80 ConcurrentGCThread "G1 Refine#0" [stack: 0x0000005591100000,0x0000005591200000] [id=20644]
  0x00000209b58e85b0 ConcurrentGCThread "G1 Young RemSet Sampling" [stack: 0x0000005591200000,0x0000005591300000] [id=20648]

Threads with active compile tasks:

VM state: not at safepoint (normal execution)

VM Mutex/Monitor currently owned by a thread:  ([mutex/lock_event])
[0x00000209b586dba0] AdapterHandlerLibrary_lock - owner thread: 0x00000209b5871520

Heap address: 0x00000000c3600000, size: 970 MB, Compressed Oops mode: 32-bit
CDS archive(s) mapped at: [0x0000000800000000-0x0000000800b50000-0x0000000800b50000), size 11862016, SharedBaseAddress: 0x0000000800000000, ArchiveRelocationMode: 0.
Compressed class space mapped at: 0x0000000800b50000-0x0000000840b50000, size: 1073741824
Narrow klass base: 0x0000000800000000, Narrow klass shift: 3, Narrow klass range: 0x100000000

GC Precious Log:
 CPUs: 4 total, 4 available
 Memory: 3879M
 Large Page Support: Disabled
 NUMA Support: Disabled
 Compressed Oops: Enabled (32-bit)
 Heap Region Size: 1M
 Heap Min Capacity: 8M
 Heap Initial Capacity: 62M
 Heap Max Capacity: 970M
 Pre-touch: Disabled
 Parallel Workers: 4
 Concurrent Workers: 1
 Concurrent Refinement Workers: 4
 Periodic GC: Disabled

Heap:
 garbage-first heap   total 63488K, used 0K [0x00000000c3600000, 0x0000000100000000)
  region size 1024K, 1 young (1024K), 0 survivors (0K)
 Metaspace       used 146K, capacity 4480K, committed 4480K, reserved 1056768K
  class space    used 15K, capacity 384K, committed 384K, reserved 1048576K

Heap Regions: E=young(eden), S=young(survivor), O=old, HS=humongous(starts), HC=humongous(continues), CS=collection set, F=free, OA=open archive, CA=closed archive, TAMS=top-at-mark-start (previous, next)
|   0|0x00000000c3600000, 0x00000000c3600000, 0x00000000c3700000|  0%| F|  |TAMS 0x00000000c3600000, 0x00000000c3600000| Untracked 
|   1|0x00000000c3700000, 0x00000000c3700000, 0x00000000c3800000|  0%| F|  |TAMS 0x00000000c3700000, 0x00000000c3700000| Untracked 
|   2|0x00000000c3800000, 0x00000000c3800000, 0x00000000c3900000|  0%| F|  |TAMS 0x00000000c3800000, 0x00000000c3800000| Untracked 
|   3|0x00000000c3900000, 0x00000000c3900000, 0x00000000c3a00000|  0%| F|  |TAMS 0x00000000c3900000, 0x00000000c3900000| Untracked 
|   4|0x00000000c3a00000, 0x00000000c3a00000, 0x00000000c3b00000|  0%| F|  |TAMS 0x00000000c3a00000, 0x00000000c3a00000| Untracked 
|   5|0x00000000c3b00000, 0x00000000c3b00000, 0x00000000c3c00000|  0%| F|  |TAMS 0x00000000c3b00000, 0x00000000c3b00000| Untracked 
|   6|0x00000000c3c00000, 0x00000000c3c00000, 0x00000000c3d00000|  0%| F|  |TAMS 0x00000000c3c00000, 0x00000000c3c00000| Untracked 
|   7|0x00000000c3d00000, 0x00000000c3d00000, 0x00000000c3e00000|  0%| F|  |TAMS 0x00000000c3d00000, 0x00000000c3d00000| Untracked 
|   8|0x00000000c3e00000, 0x00000000c3e00000, 0x00000000c3f00000|  0%| F|  |TAMS 0x00000000c3e00000, 0x00000000c3e00000| Untracked 
|   9|0x00000000c3f00000, 0x00000000c3f00000, 0x00000000c4000000|  0%| F|  |TAMS 0x00000000c3f00000, 0x00000000c3f00000| Untracked 
|  10|0x00000000c4000000, 0x00000000c4000000, 0x00000000c4100000|  0%| F|  |TAMS 0x00000000c4000000, 0x00000000c4000000| Untracked 
|  11|0x00000000c4100000, 0x00000000c4100000, 0x00000000c4200000|  0%| F|  |TAMS 0x00000000c4100000, 0x00000000c4100000| Untracked 
|  12|0x00000000c4200000, 0x00000000c4200000, 0x00000000c4300000|  0%| F|  |TAMS 0x00000000c4200000, 0x00000000c4200000| Untracked 
|  13|0x00000000c4300000, 0x00000000c4300000, 0x00000000c4400000|  0%| F|  |TAMS 0x00000000c4300000, 0x00000000c4300000| Untracked 
|  14|0x00000000c4400000, 0x00000000c4400000, 0x00000000c4500000|  0%| F|  |TAMS 0x00000000c4400000, 0x00000000c4400000| Untracked 
|  15|0x00000000c4500000, 0x00000000c4500000, 0x00000000c4600000|  0%| F|  |TAMS 0x00000000c4500000, 0x00000000c4500000| Untracked 
|  16|0x00000000c4600000, 0x00000000c4600000, 0x00000000c4700000|  0%| F|  |TAMS 0x00000000c4600000, 0x00000000c4600000| Untracked 
|  17|0x00000000c4700000, 0x00000000c4700000, 0x00000000c4800000|  0%| F|  |TAMS 0x00000000c4700000, 0x00000000c4700000| Untracked 
|  18|0x00000000c4800000, 0x00000000c4800000, 0x00000000c4900000|  0%| F|  |TAMS 0x00000000c4800000, 0x00000000c4800000| Untracked 
|  19|0x00000000c4900000, 0x00000000c4900000, 0x00000000c4a00000|  0%| F|  |TAMS 0x00000000c4900000, 0x00000000c4900000| Untracked 
|  20|0x00000000c4a00000, 0x00000000c4a00000, 0x00000000c4b00000|  0%| F|  |TAMS 0x00000000c4a00000, 0x00000000c4a00000| Untracked 
|  21|0x00000000c4b00000, 0x00000000c4b00000, 0x00000000c4c00000|  0%| F|  |TAMS 0x00000000c4b00000, 0x00000000c4b00000| Untracked 
|  22|0x00000000c4c00000, 0x00000000c4c00000, 0x00000000c4d00000|  0%| F|  |TAMS 0x00000000c4c00000, 0x00000000c4c00000| Untracked 
|  23|0x00000000c4d00000, 0x00000000c4d00000, 0x00000000c4e00000|  0%| F|  |TAMS 0x00000000c4d00000, 0x00000000c4d00000| Untracked 
|  24|0x00000000c4e00000, 0x00000000c4e00000, 0x00000000c4f00000|  0%| F|  |TAMS 0x00000000c4e00000, 0x00000000c4e00000| Untracked 
|  25|0x00000000c4f00000, 0x00000000c4f00000, 0x00000000c5000000|  0%| F|  |TAMS 0x00000000c4f00000, 0x00000000c4f00000| Untracked 
|  26|0x00000000c5000000, 0x00000000c5000000, 0x00000000c5100000|  0%| F|  |TAMS 0x00000000c5000000, 0x00000000c5000000| Untracked 
|  27|0x00000000c5100000, 0x00000000c5100000, 0x00000000c5200000|  0%| F|  |TAMS 0x00000000c5100000, 0x00000000c5100000| Untracked 
|  28|0x00000000c5200000, 0x00000000c5200000, 0x00000000c5300000|  0%| F|  |TAMS 0x00000000c5200000, 0x00000000c5200000| Untracked 
|  29|0x00000000c5300000, 0x00000000c5300000, 0x00000000c5400000|  0%| F|  |TAMS 0x00000000c5300000, 0x00000000c5300000| Untracked 
|  30|0x00000000c5400000, 0x00000000c5400000, 0x00000000c5500000|  0%| F|  |TAMS 0x00000000c5400000, 0x00000000c5400000| Untracked 
|  31|0x00000000c5500000, 0x00000000c5500000, 0x00000000c5600000|  0%| F|  |TAMS 0x00000000c5500000, 0x00000000c5500000| Untracked 
|  32|0x00000000c5600000, 0x00000000c5600000, 0x00000000c5700000|  0%| F|  |TAMS 0x00000000c5600000, 0x00000000c5600000| Untracked 
|  33|0x00000000c5700000, 0x00000000c5700000, 0x00000000c5800000|  0%| F|  |TAMS 0x00000000c5700000, 0x00000000c5700000| Untracked 
|  34|0x00000000c5800000, 0x00000000c5800000, 0x00000000c5900000|  0%| F|  |TAMS 0x00000000c5800000, 0x00000000c5800000| Untracked 
|  35|0x00000000c5900000, 0x00000000c5900000, 0x00000000c5a00000|  0%| F|  |TAMS 0x00000000c5900000, 0x00000000c5900000| Untracked 
|  36|0x00000000c5a00000, 0x00000000c5a00000, 0x00000000c5b00000|  0%| F|  |TAMS 0x00000000c5a00000, 0x00000000c5a00000| Untracked 
|  37|0x00000000c5b00000, 0x00000000c5b00000, 0x00000000c5c00000|  0%| F|  |TAMS 0x00000000c5b00000, 0x00000000c5b00000| Untracked 
|  38|0x00000000c5c00000, 0x00000000c5c00000, 0x00000000c5d00000|  0%| F|  |TAMS 0x00000000c5c00000, 0x00000000c5c00000| Untracked 
|  39|0x00000000c5d00000, 0x00000000c5d00000, 0x00000000c5e00000|  0%| F|  |TAMS 0x00000000c5d00000, 0x00000000c5d00000| Untracked 
|  40|0x00000000c5e00000, 0x00000000c5e00000, 0x00000000c5f00000|  0%| F|  |TAMS 0x00000000c5e00000, 0x00000000c5e00000| Untracked 
|  41|0x00000000c5f00000, 0x00000000c5f00000, 0x00000000c6000000|  0%| F|  |TAMS 0x00000000c5f00000, 0x00000000c5f00000| Untracked 
|  42|0x00000000c6000000, 0x00000000c6000000, 0x00000000c6100000|  0%| F|  |TAMS 0x00000000c6000000, 0x00000000c6000000| Untracked 
|  43|0x00000000c6100000, 0x00000000c6100000, 0x00000000c6200000|  0%| F|  |TAMS 0x00000000c6100000, 0x00000000c6100000| Untracked 
|  44|0x00000000c6200000, 0x00000000c6200000, 0x00000000c6300000|  0%| F|  |TAMS 0x00000000c6200000, 0x00000000c6200000| Untracked 
|  45|0x00000000c6300000, 0x00000000c6300000, 0x00000000c6400000|  0%| F|  |TAMS 0x00000000c6300000, 0x00000000c6300000| Untracked 
|  46|0x00000000c6400000, 0x00000000c6400000, 0x00000000c6500000|  0%| F|  |TAMS 0x00000000c6400000, 0x00000000c6400000| Untracked 
|  47|0x00000000c6500000, 0x00000000c6500000, 0x00000000c6600000|  0%| F|  |TAMS 0x00000000c6500000, 0x00000000c6500000| Untracked 
|  48|0x00000000c6600000, 0x00000000c6600000, 0x00000000c6700000|  0%| F|  |TAMS 0x00000000c6600000, 0x00000000c6600000| Untracked 
|  49|0x00000000c6700000, 0x00000000c6700000, 0x00000000c6800000|  0%| F|  |TAMS 0x00000000c6700000, 0x00000000c6700000| Untracked 
|  50|0x00000000c6800000, 0x00000000c6800000, 0x00000000c6900000|  0%| F|  |TAMS 0x00000000c6800000, 0x00000000c6800000| Untracked 
|  51|0x00000000c6900000, 0x00000000c6900000, 0x00000000c6a00000|  0%| F|  |TAMS 0x00000000c6900000, 0x00000000c6900000| Untracked 
|  52|0x00000000c6a00000, 0x00000000c6a00000, 0x00000000c6b00000|  0%| F|  |TAMS 0x00000000c6a00000, 0x00000000c6a00000| Untracked 
|  53|0x00000000c6b00000, 0x00000000c6b00000, 0x00000000c6c00000|  0%| F|  |TAMS 0x00000000c6b00000, 0x00000000c6b00000| Untracked 
|  54|0x00000000c6c00000, 0x00000000c6c00000, 0x00000000c6d00000|  0%| F|  |TAMS 0x00000000c6c00000, 0x00000000c6c00000| Untracked 
|  55|0x00000000c6d00000, 0x00000000c6d00000, 0x00000000c6e00000|  0%| F|  |TAMS 0x00000000c6d00000, 0x00000000c6d00000| Untracked 
|  56|0x00000000c6e00000, 0x00000000c6e00000, 0x00000000c6f00000|  0%| F|  |TAMS 0x00000000c6e00000, 0x00000000c6e00000| Untracked 
|  57|0x00000000c6f00000, 0x00000000c6f00000, 0x00000000c7000000|  0%| F|  |TAMS 0x00000000c6f00000, 0x00000000c6f00000| Untracked 
|  58|0x00000000c7000000, 0x00000000c7000000, 0x00000000c7100000|  0%| F|  |TAMS 0x00000000c7000000, 0x00000000c7000000| Untracked 
|  59|0x00000000c7100000, 0x00000000c7100000, 0x00000000c7200000|  0%| F|  |TAMS 0x00000000c7100000, 0x00000000c7100000| Untracked 
|  60|0x00000000c7200000, 0x00000000c7200000, 0x00000000c7300000|  0%| F|  |TAMS 0x00000000c7200000, 0x00000000c7200000| Untracked 
|  61|0x00000000c7300000, 0x00000000c7385208, 0x00000000c7400000| 52%| E|  |TAMS 0x00000000c7300000, 0x00000000c7300000| Complete 

Card table byte_map: [0x00000209cead0000,0x00000209cecc0000] _byte_map_base: 0x00000209ce4b5000

Marking Bits (Prev, Next): (CMBitMap*) 0x00000209b589f380, (CMBitMap*) 0x00000209b589f3c0
 Prev Bits: [0x00000209ceeb0000, 0x00000209cfdd8000)
 Next Bits: [0x00000209cfde0000, 0x00000209d0d08000)

Polling page: 0x00000209b5950000

Metaspace:

Usage:
  Non-class:      4.00 MB capacity,   130.91 KB (  3%) used,     3.87 MB ( 97%) free+waste,    64 bytes ( <1%) overhead. 
      Class:    384.00 KB capacity,    15.12 KB (  4%) used,   368.81 KB ( 96%) free+waste,    64 bytes ( <1%) overhead. 
       Both:      4.38 MB capacity,   146.04 KB (  3%) used,     4.23 MB ( 97%) free+waste,   128 bytes ( <1%) overhead. 

Virtual space:
  Non-class space:        8.00 MB reserved,       4.00 MB ( 50%) committed 
      Class space:        1.00 GB reserved,     384.00 KB ( <1%) committed 
             Both:        1.01 GB reserved,       4.38 MB ( <1%) committed 

Chunk freelists:
   Non-Class:  0 bytes
       Class:  0 bytes
        Both:  0 bytes

MaxMetaspaceSize: 17179869184.00 GB
CompressedClassSpaceSize: 1.00 GB

CodeHeap 'non-profiled nmethods': size=120000Kb used=5Kb max_used=5Kb free=119994Kb
 bounds [0x00000209c6d90000, 0x00000209c7000000, 0x00000209ce2c0000]
CodeHeap 'profiled nmethods': size=120000Kb used=17Kb max_used=17Kb free=119983Kb
 bounds [0x00000209bf860000, 0x00000209bfad0000, 0x00000209c6d90000]
CodeHeap 'non-nmethods': size=5760Kb used=1160Kb max_used=1160Kb free=4599Kb
 bounds [0x00000209bf2c0000, 0x00000209bf530000, 0x00000209bf860000]
 total_blobs=324 nmethods=20 adapters=218
 compilation: enabled
              stopped_count=0, restarted_count=0
 full_count=0

Compilation events (1 events):
Event: 2.024 Thread 0x00000209d3a9dc40    1       3       java.lang.Object::<init> (1 bytes)

GC Heap History (0 events):
No events

Deoptimization events (0 events):
No events

Classes unloaded (0 events):
No events

Classes redefined (0 events):
No events

Internal exceptions (0 events):
No events

Events (12 events):
Event: 0.325 Loaded shared library C:\Program Files\Java\jdk-15\bin\java.dll
Event: 1.476 Thread 0x00000209b5871520 Thread added: 0x00000209b5871520
Event: 1.497 Thread 0x00000209d3a7fd40 Thread added: 0x00000209d3a7fd40
Event: 1.497 Thread 0x00000209d3a80910 Thread added: 0x00000209d3a80910
Event: 1.998 loading class sun/nio/cs/UTF_8$Encoder
Event: 1.999 loading class sun/nio/cs/UTF_8$Encoder done
Event: 2.003 Thread 0x00000209d3a98020 Thread added: 0x00000209d3a98020
Event: 2.003 Thread 0x00000209d3a9a8f0 Thread added: 0x00000209d3a9a8f0
Event: 2.003 Thread 0x00000209d3a9c2c0 Thread added: 0x00000209d3a9c2c0
Event: 2.004 Thread 0x00000209d3a9d0a0 Thread added: 0x00000209d3a9d0a0
Event: 2.016 Thread 0x00000209d3a9dc40 Thread added: 0x00000209d3a9dc40
Event: 2.021 Thread 0x00000209d3b04e00 Thread added: 0x00000209d3b04e00


Dynamic libraries:
0x00007ff7e3300000 - 0x00007ff7e330f000 	C:\Program Files\Java\jdk-15\bin\java.exe
0x00007ff805290000 - 0x00007ff805487000 	C:\WINDOWS\SYSTEM32\ntdll.dll
0x00007ff804ae0000 - 0x00007ff804b9d000 	C:\WINDOWS\System32\KERNEL32.DLL
0x00007ff802f30000 - 0x00007ff803226000 	C:\WINDOWS\System32\KERNELBASE.dll
0x00007ff8029d0000 - 0x00007ff802ad0000 	C:\WINDOWS\System32\ucrtbase.dll
0x00007ffffd810000 - 0x00007ffffd829000 	C:\Program Files\Java\jdk-15\bin\VCRUNTIME140.dll
0x00007fffe40c0000 - 0x00007fffe40d8000 	C:\Program Files\Java\jdk-15\bin\jli.dll
0x00007ff803840000 - 0x00007ff8038ee000 	C:\WINDOWS\System32\ADVAPI32.dll
0x00007ff804e80000 - 0x00007ff804f1e000 	C:\WINDOWS\System32\msvcrt.dll
0x00007ff804c00000 - 0x00007ff804c9c000 	C:\WINDOWS\System32\sechost.dll
0x00007ff803500000 - 0x00007ff803626000 	C:\WINDOWS\System32\RPCRT4.dll
0x00007ff804940000 - 0x00007ff804ade000 	C:\WINDOWS\System32\USER32.dll
0x00007ff802b80000 - 0x00007ff802ba2000 	C:\WINDOWS\System32\win32u.dll
0x00007ff803700000 - 0x00007ff80372c000 	C:\WINDOWS\System32\GDI32.dll
0x00007ff803230000 - 0x00007ff80334a000 	C:\WINDOWS\System32\gdi32full.dll
0x00007ff802c30000 - 0x00007ff802ccd000 	C:\WINDOWS\System32\msvcp_win.dll
0x00007ffff16e0000 - 0x00007ffff197a000 	C:\WINDOWS\WinSxS\amd64_microsoft.windows.common-controls_6595b64144ccf1df_6.0.19041.3570_none_60bb2a3971f3e41a\COMCTL32.dll
0x00007ffff73e0000 - 0x00007ffff73ea000 	C:\WINDOWS\SYSTEM32\VERSION.dll
0x00007ff803970000 - 0x00007ff8039a0000 	C:\WINDOWS\System32\IMM32.DLL
0x00007ffffd800000 - 0x00007ffffd80c000 	C:\Program Files\Java\jdk-15\bin\vcruntime140_1.dll
0x00007fffe3930000 - 0x00007fffe39c1000 	C:\Program Files\Java\jdk-15\bin\msvcp140.dll
0x00007fffd7e20000 - 0x00007fffd897c000 	C:\Program Files\Java\jdk-15\bin\server\jvm.dll
0x00007ff8039b0000 - 0x00007ff8039b8000 	C:\WINDOWS\System32\PSAPI.DLL
0x00007fffef390000 - 0x00007fffef399000 	C:\WINDOWS\SYSTEM32\WSOCK32.dll
0x00007ff805130000 - 0x00007ff80519b000 	C:\WINDOWS\System32\WS2_32.dll
0x00007fffefd50000 - 0x00007fffefd77000 	C:\WINDOWS\SYSTEM32\WINMM.dll
0x00007ff801200000 - 0x00007ff801212000 	C:\WINDOWS\SYSTEM32\kernel.appcore.dll
0x00007ffffd7f0000 - 0x00007ffffd7fa000 	C:\Program Files\Java\jdk-15\bin\jimage.dll
0x00007ff800f00000 - 0x00007ff8010e4000 	C:\WINDOWS\SYSTEM32\DBGHELP.DLL
0x00007fffee120000 - 0x00007fffee154000 	C:\WINDOWS\SYSTEM32\dbgcore.DLL
0x00007ff802ea0000 - 0x00007ff802f22000 	C:\WINDOWS\System32\bcryptPrimitives.dll
0x00007fffe4080000 - 0x00007fffe40b9000 	C:\Program Files\Java\jdk-15\bin\jdwp.dll
0x00007fffef410000 - 0x00007fffef435000 	C:\Program Files\Java\jdk-15\bin\java.dll
0x00007ff803d80000 - 0x00007ff8044c4000 	C:\WINDOWS\System32\SHELL32.dll
0x00007ff8006a0000 - 0x00007ff800e3b000 	C:\WINDOWS\SYSTEM32\windows.storage.dll
0x00007ff8039c0000 - 0x00007ff803d14000 	C:\WINDOWS\System32\combase.dll
0x00007ff802340000 - 0x00007ff80236d000 	C:\WINDOWS\SYSTEM32\Wldp.dll
0x00007ff804dd0000 - 0x00007ff804e7d000 	C:\WINDOWS\System32\SHCORE.dll
0x00007ff803d20000 - 0x00007ff803d75000 	C:\WINDOWS\System32\shlwapi.dll
0x00007ff802900000 - 0x00007ff802925000 	C:\WINDOWS\SYSTEM32\profapi.dll

dbghelp: loaded successfully - version: 4.0.5 - missing functions: none
symbol engine: initialized successfully - sym options: 0x614 - pdb path: .;C:\Program Files\Java\jdk-15\bin;C:\WINDOWS\SYSTEM32;C:\WINDOWS\WinSxS\amd64_microsoft.windows.common-controls_6595b64144ccf1df_6.0.19041.3570_none_60bb2a3971f3e41a;C:\Program Files\Java\jdk-15\bin\server

VM Arguments:
jvm_args: -Dfile.encoding=UTF-8 -agentlib:jdwp=transport=dt_shmem,address=javadebug1402 --module-path=C:\Users\aysha\Documents\NetBeansProjects\java_CRUD\build\classes 
java_command: java_crud.Java_CRUD
java_class_path (initial): C:\Users\aysha\Desktop\lbr\MySqlJdbcDriver\mysql-connector-j-8.1.0.jar;C:\Users\aysha\Desktop\Libraries\rs2xml.jar;C:\Users\aysha\Documents\NetBeansProjects\java_CRUD\build\classes
Launcher Type: SUN_STANDARD

[Global flags]
     intx CICompilerCount                          = 3                                         {product} {ergonomic}
     uint ConcGCThreads                            = 1                                         {product} {ergonomic}
     uint G1ConcRefinementThreads                  = 4                                         {product} {ergonomic}
   size_t G1HeapRegionSize                         = 1048576                                   {product} {ergonomic}
    uintx GCDrainStackTargetSize                   = 64                                        {product} {ergonomic}
   size_t InitialHeapSize                          = 65011712                                  {product} {ergonomic}
   size_t MarkStackSize                            = 4194304                                   {product} {ergonomic}
   size_t MaxHeapSize                              = 1017118720                                {product} {ergonomic}
   size_t MaxNewSize                               = 610271232                                 {product} {ergonomic}
   size_t MinHeapDeltaBytes                        = 1048576                                   {product} {ergonomic}
   size_t MinHeapSize                              = 8388608                                   {product} {ergonomic}
    uintx NonNMethodCodeHeapSize                   = 5832780                                {pd product} {ergonomic}
    uintx NonProfiledCodeHeapSize                  = 122912730                              {pd product} {ergonomic}
    uintx ProfiledCodeHeapSize                     = 122912730                              {pd product} {ergonomic}
    uintx ReservedCodeCacheSize                    = 251658240                              {pd product} {ergonomic}
     bool SegmentedCodeCache                       = true                                      {product} {ergonomic}
   size_t SoftMaxHeapSize                          = 1017118720                             {manageable} {ergonomic}
     bool UseCompressedClassPointers               = true                                 {lp64_product} {ergonomic}
     bool UseCompressedOops                        = true                                 {lp64_product} {ergonomic}
     bool UseG1GC                                  = true                                      {product} {ergonomic}
     bool UseLargePagesIndividualAllocation        = false                                  {pd product} {ergonomic}

Logging:
Log output configuration:
 #0: stdout all=warning uptime,level,tags
 #1: stderr all=off uptime,level,tags

Environment Variables:
JAVA_HOME=C:\Program Files\Java\jdk-15
PATH=C:\Program Files\Common Files\Oracle\Java\javapath;C:\WINDOWS\system32;C:\WINDOWS;C:\WINDOWS\System32\Wbem;C:\WINDOWS\System32\WindowsPowerShell\v1.0\;C:\WINDOWS\System32\OpenSSH\;C:\Program Files\Microsoft SQL Server\150\Tools\Binn\;C:\Program Files\Microsoft\Web Platform Installer\;C:\Program Files (x86)\Microsoft ASP.NET\ASP.NET Web Pages\v1.0\;C:\Program Files (x86)\Windows Kits\8.0\Windows Performance Toolkit\;C:\Program Files\Microsoft SQL Server\110\Tools\Binn\;C:\Program Files\Java\jdk-15\bin;C:\Program Files\MySQL\MySQL Shell 8.0\bin\;C:\Users\aysha\AppData\Local\Microsoft\WindowsApps;C:\Users\aysha\AppData\Local\Programs\Microsoft VS Code\bin
USERNAME=aysha
OS=Windows_NT
PROCESSOR_IDENTIFIER=Intel64 Family 6 Model 142 Stepping 9, GenuineIntel



---------------  S Y S T E M  ---------------

OS:
 Windows 10 , 64 bit Build 19041 (10.0.19041.3570)
OS uptime: 0 days 0:39 hours

CPU: total 4 (initial active 4) (2 cores per cpu, 2 threads per core) family 6 model 142 stepping 9, cmov, cx8, fxsr, mmx, sse, sse2, sse3, ssse3, sse4.1, sse4.2, popcnt, vzeroupper, avx, avx2, aes, clmul, erms, 3dnowpref, lzcnt, ht, tsc, tscinvbit, bmi1, bmi2, adx, fma, clflush, clflushopt

Memory: 4k page, system-wide physical 3879M (415M free)
TotalPageFile size 15655M (AvailPageFile size 1501M)
current process WorkingSet (physical memory assigned to process): 24M, peak: 24M
current process commit charge ("private bytes"): 135M, peak: 135M

vm_info: Java HotSpot(TM) 64-Bit Server VM (15+36-1562) for windows-amd64 JRE (15+36-1562), built on Aug 11 2020 22:38:02 by "mach5one" with unknown MS VC++:1925

END.
