#
# A fatal error has been detected by the Java Runtime Environment:
#
#  EXCEPTION_ACCESS_VIOLATION (0xc0000005) at pc=0x00007ff99c141c1d, pid=8240, tid=20812
#
# JRE version:  (15.0+36) (build )
# Java VM: Java HotSpot(TM) 64-Bit Server VM (15+36-1562, mixed mode, sharing, tiered, unknown gc, windows-amd64)
# Problematic frame:
# C  [jimage.dll+0x1c1d]
#
# No core dump will be written. Minidumps are not enabled by default on client versions of Windows
#
#

---------------  S U M M A R Y ------------

Command Line: 

Host: Intel(R) Core(TM) i3-7100U CPU @ 2.40GHz, 4 cores, 3G,  Windows 10 , 64 bit Build 19041 (10.0.19041.3570)
Time: Wed Dec  6 23:20:58 2023 Sri Lanka Standard Time elapsed time: 4.715343 seconds (0d 0h 0m 4s)

---------------  T H R E A D  ---------------

Current thread is native thread

Stack: [0x0000002635e00000,0x0000002635f00000],  sp=0x0000002635efdfe0,  free space=1015k
Native frames: (J=compiled Java code, j=interpreted, Vv=VM code, C=native code)
C  [jimage.dll+0x1c1d]
C  [jimage.dll+0x1dab]
C  [jimage.dll+0x2689]
V  [jvm.dll+0x1c5577]
V  [jvm.dll+0x9c2a8]
V  [jvm.dll+0x73d38d]
V  [jvm.dll+0x3b68e7]
V  [jvm.dll+0x3b8371]
C  [jli.dll+0x52fb]
C  [ucrtbase.dll+0x21bb2]
C  [KERNEL32.DLL+0x17344]
C  [ntdll.dll+0x526b1]


siginfo: EXCEPTION_ACCESS_VIOLATION (0xc0000005), reading address 0x000000000001c55c


Registers:
RAX=0x0000000000007150, RBX=0x0000002635efe0d1, RCX=0x00007ff99c146000, RDX=0x0000000000007150
RSP=0x0000002635efdfe0, RBP=0x0000002635efe0d0, RSI=0x0000000000007e57, RDI=0x0000002635efe0d0
R8 =0x00007ff99c144298, R9 =0x000000000000001c, R10=0x00007ff97b3da500, R11=0x00007ff99c146000
R12=0x0000000000000000, R13=0x0000013100f28ff0, R14=0x0000002635eff140, R15=0x00007ff97b3da5f0
RIP=0x00007ff99c141c1d, EFLAGS=0x0000000000010246

Top of Stack: (sp=0x0000002635efdfe0)
0x0000002635efdfe0:   0000000000000000 0000000000000000
0x0000002635efdff0:   0000000000000000 0000000000000000
0x0000002635efe000:   0000013100f154b0 00007ff99c141dab
0x0000002635efe010:   000000000000000b 0000013100f154b0
0x0000002635efe020:   0000000000000000 0000000000000000
0x0000002635efe030:   0000000000000000 0000000000000000
0x0000002635efe040:   0000000000000000 0000000000000000
0x0000002635efe050:   0000000000000000 0000000000000000
0x0000002635efe060:   0000000000000000 0000000000000000
0x0000002635efe070:   0000cf120c5fe10f 0000000000000000
0x0000002635efe080:   00007ff97b3b7188 0000000000000017
0x0000002635efe090:   0000013100f154b0 0000002635eff140
0x0000002635efe0a0:   000000000000000b 00007ff99c142689
0x0000002635efe0b0:   0000000000000000 0000000000000000
0x0000002635efe0c0:   0000000000000000 0000000000000000
0x0000002635efe0d0:   61622e6176616a2f 692f6b646a2f6573 

Instructions: (pc=0x00007ff99c141c1d)
0x00007ff99c141b1d:   d2 44 8d 42 40 e9 35 20 00 00 cc 40 53 48 83 ec
0x00007ff99c141b2d:   20 48 8b d9 48 8b 49 48 48 85 c9 74 1d 80 3d cf
0x00007ff99c141b3d:   44 00 00 00 74 06 48 8b 53 18 eb 04 48 8b 53 40
0x00007ff99c141b4d:   e8 96 0e 00 00 48 83 63 48 00 8b 4b 0c 83 f9 ff
0x00007ff99c141b5d:   74 09 e8 cc 0c 00 00 83 4b 0c ff 48 83 c4 20 5b
0x00007ff99c141b6d:   c3 cc cc 40 53 48 83 ec 20 48 8b d9 48 8d 0d b0
0x00007ff99c141b7d:   46 00 00 e8 b3 0c 00 00 83 6b 08 01 75 24 48 8b
0x00007ff99c141b8d:   d3 48 8d 0d 83 44 00 00 e8 22 08 00 00 48 8b cb
0x00007ff99c141b9d:   e8 aa fe ff ff ba 78 00 00 00 48 8b cb e8 b1 0e
0x00007ff99c141bad:   00 00 48 8d 0d 7a 46 00 00 48 83 c4 20 5b e9 80
0x00007ff99c141bbd:   0c 00 00 48 89 5c 24 08 48 89 74 24 10 57 48 83
0x00007ff99c141bcd:   ec 20 41 8b f1 4d 8b c8 48 8b fa 4c 8b d9 4d 85
0x00007ff99c141bdd:   c0 74 78 85 f6 74 74 44 8a 12 48 8d 5a 01 48 8b
0x00007ff99c141bed:   d3 b8 93 01 00 01 eb 12 69 c0 93 01 00 01 41 0f
0x00007ff99c141bfd:   b6 ca 44 8a 12 33 c1 48 ff c2 45 84 d2 75 e9 4d
0x00007ff99c141c0d:   8b 03 0f ba f0 1f 33 d2 49 8b cb f7 f6 48 63 c2
0x00007ff99c141c1d:   41 8b 14 81 41 ff 50 08 85 c0 7e 24 8a 0f eb 10
0x00007ff99c141c2d:   69 c0 93 01 00 01 0f b6 c9 33 c1 8a 0b 48 ff c3
0x00007ff99c141c3d:   84 c9 75 ec 0f ba f0 1f 33 d2 f7 f6 8b c2 eb 0e
0x00007ff99c141c4d:   79 09 83 c9 ff 2b c8 8b c1 eb 03 83 c8 ff 48 8b
0x00007ff99c141c5d:   5c 24 30 48 8b 74 24 38 48 83 c4 20 5f c3 cc 48
0x00007ff99c141c6d:   89 5c 24 08 48 89 74 24 10 57 48 83 ec 20 48 8b
0x00007ff99c141c7d:   f1 48 8d 0d ab 45 00 00 e8 ae 0b 00 00 33 ff 39
0x00007ff99c141c8d:   3d 86 43 00 00 76 24 48 8b 05 85 43 00 00 48 8b
0x00007ff99c141c9d:   d6 48 8b 1c f8 48 8b 0b e8 d6 1e 00 00 85 c0 74
0x00007ff99c141cad:   2b ff c7 3b 3d 62 43 00 00 72 dc 33 db 48 8d 0d
0x00007ff99c141cbd:   6f 45 00 00 e8 7a 0b 00 00 48 8b 74 24 38 48 8b
0x00007ff99c141ccd:   c3 48 8b 5c 24 30 48 83 c4 20 5f c3 ff 43 08 eb
0x00007ff99c141cdd:   dc cc cc 48 89 5c 24 08 48 89 74 24 10 57 48 83
0x00007ff99c141ced:   ec 20 48 8b d9 48 8b f2 48 8b 49 10 49 8b f8 8b
0x00007ff99c141cfd:   53 30 48 8b 01 ff 50 20 4c 8b 43 50 48 8b d6 48
0x00007ff99c141d0d:   8b 4b 10 44 8b c8 e8 a8 fe ff ff 83 f8 ff 74 38 



---------------  P R O C E S S  ---------------

VM state: not at safepoint (not fully initialized)

VM Mutex/Monitor currently owned by a thread: None


Dynamic libraries:
0x00007ff7035d0000 - 0x00007ff7035df000 	C:\Program Files\Java\jdk-15\bin\java.exe
0x00007ff9a62d0000 - 0x00007ff9a64c7000 	C:\WINDOWS\SYSTEM32\ntdll.dll
0x00007ff9a4b00000 - 0x00007ff9a4bbd000 	C:\WINDOWS\System32\KERNEL32.DLL
0x00007ff9a3b60000 - 0x00007ff9a3e56000 	C:\WINDOWS\System32\KERNELBASE.dll
0x00007ff9a4290000 - 0x00007ff9a4390000 	C:\WINDOWS\System32\ucrtbase.dll
0x00007ff99c150000 - 0x00007ff99c169000 	C:\Program Files\Java\jdk-15\bin\VCRUNTIME140.dll
0x00007ff990380000 - 0x00007ff990398000 	C:\Program Files\Java\jdk-15\bin\jli.dll
0x00007ff9a4830000 - 0x00007ff9a48de000 	C:\WINDOWS\System32\ADVAPI32.dll
0x00007ff9a61c0000 - 0x00007ff9a625e000 	C:\WINDOWS\System32\msvcrt.dll
0x00007ff9a46f0000 - 0x00007ff9a478c000 	C:\WINDOWS\System32\sechost.dll
0x00007ff9a4cf0000 - 0x00007ff9a4e16000 	C:\WINDOWS\System32\RPCRT4.dll
0x00007ff9a4390000 - 0x00007ff9a452e000 	C:\WINDOWS\System32\USER32.dll
0x00007ff9a3e60000 - 0x00007ff9a3e82000 	C:\WINDOWS\System32\win32u.dll
0x00007ff9a4790000 - 0x00007ff9a47bc000 	C:\WINDOWS\System32\GDI32.dll
0x00007ff9a4010000 - 0x00007ff9a412a000 	C:\WINDOWS\System32\gdi32full.dll
0x00007ff9a3f70000 - 0x00007ff9a400d000 	C:\WINDOWS\System32\msvcp_win.dll
0x00007ff9942c0000 - 0x00007ff99455a000 	C:\WINDOWS\WinSxS\amd64_microsoft.windows.common-controls_6595b64144ccf1df_6.0.19041.3570_none_60bb2a3971f3e41a\COMCTL32.dll
0x00007ff995360000 - 0x00007ff99536a000 	C:\WINDOWS\SYSTEM32\VERSION.dll
0x00007ff9a6260000 - 0x00007ff9a6290000 	C:\WINDOWS\System32\IMM32.DLL
0x00007ff99c9f0000 - 0x00007ff99c9fc000 	C:\Program Files\Java\jdk-15\bin\vcruntime140_1.dll
0x00007ff98ade0000 - 0x00007ff98ae71000 	C:\Program Files\Java\jdk-15\bin\msvcp140.dll
0x00007ff97ab70000 - 0x00007ff97b6cc000 	C:\Program Files\Java\jdk-15\bin\server\jvm.dll
0x00007ff9a4bc0000 - 0x00007ff9a4bc8000 	C:\WINDOWS\System32\PSAPI.DLL
0x00007ff990600000 - 0x00007ff990609000 	C:\WINDOWS\SYSTEM32\WSOCK32.dll
0x00007ff9a48e0000 - 0x00007ff9a494b000 	C:\WINDOWS\System32\WS2_32.dll
0x00007ff9939e0000 - 0x00007ff993a07000 	C:\WINDOWS\SYSTEM32\WINMM.dll
0x00007ff9a1940000 - 0x00007ff9a1952000 	C:\WINDOWS\SYSTEM32\kernel.appcore.dll
0x00007ff99c140000 - 0x00007ff99c14a000 	C:\Program Files\Java\jdk-15\bin\jimage.dll
0x00007ff9a1650000 - 0x00007ff9a1834000 	C:\WINDOWS\SYSTEM32\DBGHELP.DLL
0x00007ff98f8d0000 - 0x00007ff98f904000 	C:\WINDOWS\SYSTEM32\dbgcore.DLL
0x00007ff9a3ee0000 - 0x00007ff9a3f62000 	C:\WINDOWS\System32\bcryptPrimitives.dll

dbghelp: loaded successfully - version: 4.0.5 - missing functions: none
symbol engine: initialized successfully - sym options: 0x614 - pdb path: .;C:\Program Files\Java\jdk-15\bin;C:\WINDOWS\SYSTEM32;C:\WINDOWS\WinSxS\amd64_microsoft.windows.common-controls_6595b64144ccf1df_6.0.19041.3570_none_60bb2a3971f3e41a;C:\Program Files\Java\jdk-15\bin\server

VM Arguments:
java_command: <unknown>
java_class_path (initial): <not set>
Launcher Type: SUN_STANDARD

[Global flags]
     bool UseLargePagesIndividualAllocation        = false                                  {pd product} {ergonomic}

Logging:
Log output configuration:
 #0: stdout all=warning uptime,level,tags
 #1: stderr all=off uptime,level,tags

Environment Variables:
JAVA_HOME=C:\Program Files\Java\jdk-15
PATH=C:\Program Files\Common Files\Oracle\Java\javapath;C:\WINDOWS\system32;C:\WINDOWS;C:\WINDOWS\System32\Wbem;C:\WINDOWS\System32\WindowsPowerShell\v1.0\;C:\WINDOWS\System32\OpenSSH\;C:\Program Files\Microsoft SQL Server\150\Tools\Binn\;C:\Program Files\Microsoft\Web Platform Installer\;C:\Program Files (x86)\Microsoft ASP.NET\ASP.NET Web Pages\v1.0\;C:\Program Files (x86)\Windows Kits\8.0\Windows Performance Toolkit\;C:\Program Files\Microsoft SQL Server\110\Tools\Binn\;C:\Program Files\Java\jdk-15\bin;C:\Program Files\MySQL\MySQL Shell 8.0\bin\;C:\Users\aysha\AppData\Local\Microsoft\WindowsApps;C:\Users\aysha\AppData\Local\Programs\Microsoft VS Code\bin
USERNAME=aysha
OS=Windows_NT
PROCESSOR_IDENTIFIER=Intel64 Family 6 Model 142 Stepping 9, GenuineIntel



---------------  S Y S T E M  ---------------

OS:
 Windows 10 , 64 bit Build 19041 (10.0.19041.3570)
OS uptime: 1 days 2:52 hours

CPU: total 4 (initial active 0) 

Memory: 4k page, system-wide physical 3879M (258M free)
TotalPageFile size 15627M (AvailPageFile size 74M)
current process WorkingSet (physical memory assigned to process): 7M, peak: 7M
current process commit charge ("private bytes"): 3M, peak: 3M

vm_info: Java HotSpot(TM) 64-Bit Server VM (15+36-1562) for windows-amd64 JRE (15+36-1562), built on Aug 11 2020 22:38:02 by "mach5one" with unknown MS VC++:1925

END.
