#
# There is insufficient memory for the Java Runtime Environment to continue.
# Native memory allocation (malloc) failed to allocate 32744 bytes for ChunkPool::allocate
# Possible reasons:
#   The system is out of physical RAM or swap space
#   The process is running with CompressedOops enabled, and the Java Heap may be blocking the growth of the native heap
# Possible solutions:
#   Reduce memory load on the system
#   Increase physical memory or swap space
#   Check if swap backing store is full
#   Decrease Java heap size (-Xmx/-Xms)
#   Decrease number of Java threads
#   Decrease Java thread stack sizes (-Xss)
#   Set larger code cache with -XX:ReservedCodeCacheSize=
#   JVM is running with Unscaled Compressed Oops mode in which the Java heap is
#     placed in the first 4GB address space. The Java Heap base address is the
#     maximum limit for the native heap growth. Please use -XX:HeapBaseMinAddress
#     to set the Java Heap base and to place the Java Heap above 4GB virtual address.
# This output file may be truncated or incomplete.
#
#  Out of Memory Error (./open/src/hotspot/share/memory/arena.cpp:79), pid=18828, tid=9472
#
# JRE version: Java(TM) SE Runtime Environment (15.0+36) (build 15+36-1562)
# Java VM: Java HotSpot(TM) 64-Bit Server VM (15+36-1562, mixed mode, sharing, tiered, compressed oops, g1 gc, windows-amd64)
# No core dump will be written. Minidumps are not enabled by default on client versions of Windows
#

---------------  S U M M A R Y ------------

Command Line: -Dfile.encoding=UTF-8 -agentlib:jdwp=transport=dt_shmem,address=javadebug5855 --module-path=C:\Users\aysha\Documents\NetBeansProjects\java_CRUD\build\classes java_crud.Java_CRUD

Host: Intel(R) Core(TM) i3-7100U CPU @ 2.40GHz, 4 cores, 3G,  Windows 10 , 64 bit Build 19041 (10.0.19041.3570)
Time: Wed Dec  6 00:00:41 2023 Sri Lanka Standard Time elapsed time: 77.623228 seconds (0d 0h 1m 17s)

---------------  T H R E A D  ---------------

Current thread (0x000001a032ce17e0):  JavaThread "C2 CompilerThread0" daemon [_thread_in_native, id=9472, stack(0x0000007079800000,0x0000007079900000)]


Current CompileTask:
C2:  77623  861       4       java.lang.StringLatin1::canEncode (13 bytes)

Stack: [0x0000007079800000,0x0000007079900000]
Native frames: (J=compiled Java code, j=interpreted, Vv=VM code, C=native code)
V  [jvm.dll+0x629eaa]
V  [jvm.dll+0x780379]
V  [jvm.dll+0x781ad3]
V  [jvm.dll+0x782133]
V  [jvm.dll+0x2159d5]
V  [jvm.dll+0x97cdf]
V  [jvm.dll+0x97abd]
V  [jvm.dll+0x608b94]
V  [jvm.dll+0x6542ea]
V  [jvm.dll+0x18ddfd]
V  [jvm.dll+0x1e9ef2]
V  [jvm.dll+0x1e903e]
V  [jvm.dll+0x177f17]
V  [jvm.dll+0x1f88f5]
V  [jvm.dll+0x1f699c]
V  [jvm.dll+0x74384d]
V  [jvm.dll+0x73c64a]
V  [jvm.dll+0x628d16]
C  [ucrtbase.dll+0x21bb2]
C  [KERNEL32.DLL+0x17344]
C  [ntdll.dll+0x526b1]


---------------  P R O C E S S  ---------------

Threads class SMR info:
_java_thread_list=0x000001a03311b3d0, length=19, elements={
0x000001a0169f08b0, 0x000001a032cc1470, 0x000001a032cc26f0, 0x000001a032cd9ef0,
0x000001a032cdc8c0, 0x000001a032cde290, 0x000001a032ce17e0, 0x000001a032d07e90,
0x000001a032d71e70, 0x000001a032cac420, 0x000001a032fb5f20, 0x000001a032fb9110,
0x000001a032fb9600, 0x000001a032fde4a0, 0x000001a033202f10, 0x000001a033223d70,
0x000001a03303f480, 0x000001a0331952a0, 0x000001a033195770
}

Java Threads: ( => current thread )
  0x000001a0169f08b0 JavaThread "main" [_thread_blocked, id=10268, stack(0x0000007078c00000,0x0000007078d00000)]
  0x000001a032cc1470 JavaThread "Reference Handler" daemon [_thread_blocked, id=7224, stack(0x0000007079300000,0x0000007079400000)]
  0x000001a032cc26f0 JavaThread "Finalizer" daemon [_thread_blocked, id=15856, stack(0x0000007079400000,0x0000007079500000)]
  0x000001a032cd9ef0 JavaThread "Signal Dispatcher" daemon [_thread_blocked, id=15920, stack(0x0000007079500000,0x0000007079600000)]
  0x000001a032cdc8c0 JavaThread "Attach Listener" daemon [_thread_blocked, id=15928, stack(0x0000007079600000,0x0000007079700000)]
  0x000001a032cde290 JavaThread "Service Thread" daemon [_thread_blocked, id=12480, stack(0x0000007079700000,0x0000007079800000)]
=>0x000001a032ce17e0 JavaThread "C2 CompilerThread0" daemon [_thread_in_native, id=9472, stack(0x0000007079800000,0x0000007079900000)]
  0x000001a032d07e90 JavaThread "C1 CompilerThread0" daemon [_thread_in_native, id=19460, stack(0x0000007079900000,0x0000007079a00000)]
  0x000001a032d71e70 JavaThread "Sweeper thread" daemon [_thread_blocked, id=19472, stack(0x0000007079a00000,0x0000007079b00000)]
  0x000001a032cac420 JavaThread "Common-Cleaner" daemon [_thread_blocked, id=19564, stack(0x0000007079b00000,0x0000007079c00000)]
  0x000001a032fb5f20 JavaThread "JDWP Transport Listener: dt_shmem" daemon [_thread_blocked, id=20072, stack(0x0000007078a00000,0x0000007078b00000)]
  0x000001a032fb9110 JavaThread "JDWP Event Helper Thread" daemon [_thread_blocked, id=20076, stack(0x0000007079c00000,0x0000007079d00000)]
  0x000001a032fb9600 JavaThread "JDWP Command Reader" daemon [_thread_in_native, id=20092, stack(0x0000007079d00000,0x0000007079e00000)]
  0x000001a032fde4a0 JavaThread "Notification Thread" daemon [_thread_blocked, id=12940, stack(0x0000007079e00000,0x0000007079f00000)]
  0x000001a033202f10 JavaThread "Java2D Disposer" daemon [_thread_blocked, id=9780, stack(0x000000707a100000,0x000000707a200000)]
  0x000001a033223d70 JavaThread "AWT-Windows" daemon [_thread_in_native, id=3804, stack(0x000000707a300000,0x000000707a400000)]
  0x000001a03303f480 JavaThread "Image Fetcher 0" daemon [_thread_blocked, id=14396, stack(0x000000707a200000,0x000000707a300000)]
  0x000001a0331952a0 JavaThread "AWT-Shutdown" [_thread_blocked, id=14748, stack(0x000000707a400000,0x000000707a500000)]
  0x000001a033195770 JavaThread "AWT-EventQueue-0" [_thread_blocked, id=16860, stack(0x000000707a500000,0x000000707a600000)]

Other Threads:
  0x000001a032cbd530 VMThread "VM Thread" [stack: 0x0000007079200000,0x0000007079300000] [id=12024]
  0x000001a03304c5c0 WatcherThread [stack: 0x0000007079f00000,0x000000707a000000] [id=9312]
  0x000001a016a1ef30 GCTaskThread "GC Thread#0" [stack: 0x0000007078d00000,0x0000007078e00000] [id=19260]
  0x000001a016a28a60 ConcurrentGCThread "G1 Main Marker" [stack: 0x0000007078e00000,0x0000007078f00000] [id=19240]
  0x000001a016a295e0 ConcurrentGCThread "G1 Conc#0" [stack: 0x0000007078f00000,0x0000007079000000] [id=19144]
  0x000001a016a67be0 ConcurrentGCThread "G1 Refine#0" [stack: 0x0000007079000000,0x0000007079100000] [id=1232]
  0x000001a016a69620 ConcurrentGCThread "G1 Young RemSet Sampling" [stack: 0x0000007079100000,0x0000007079200000] [id=1440]

Threads with active compile tasks:
C2 CompilerThread0    77753  861       4       java.lang.StringLatin1::canEncode (13 bytes)
C1 CompilerThread0    77753  860       3       java.lang.StringLatin1::toLowerCase (186 bytes)

VM state: at safepoint (normal execution)

VM Mutex/Monitor currently owned by a thread:  ([mutex/lock_event])
[0x000001a0169ecdd0] Threads_lock - owner thread: 0x000001a032cbd530
[0x000001a0169ed7f0] Heap_lock - owner thread: 0x000001a0169f08b0

Heap address: 0x00000000c3600000, size: 970 MB, Compressed Oops mode: 32-bit
CDS archive(s) mapped at: [0x0000000800000000-0x0000000800b50000-0x0000000800b50000), size 11862016, SharedBaseAddress: 0x0000000800000000, ArchiveRelocationMode: 0.
Compressed class space mapped at: 0x0000000800b50000-0x0000000840b50000, size: 1073741824
Narrow klass base: 0x0000000800000000, Narrow klass shift: 3, Narrow klass range: 0x100000000

GC Precious Log:
 CPUs: 4 total, 4 available
 Memory: 3879M
 Large Page Support: Disabled
 NUMA Support: Disabled
 Compressed Oops: Enabled (32-bit)
 Heap Region Size: 1M
 Heap Min Capacity: 8M
 Heap Initial Capacity: 62M
 Heap Max Capacity: 970M
 Pre-touch: Disabled
 Parallel Workers: 4
 Concurrent Workers: 1
 Concurrent Refinement Workers: 4
 Periodic GC: Disabled

Heap:
 garbage-first heap   total 63488K, used 3040K [0x00000000c3600000, 0x0000000100000000)
  region size 1024K, 2 young (2048K), 2 survivors (2048K)
 Metaspace       used 7862K, capacity 8068K, committed 8192K, reserved 1064960K
  class space    used 874K, capacity 936K, committed 1024K, reserved 1048576K

Heap Regions: E=young(eden), S=young(survivor), O=old, HS=humongous(starts), HC=humongous(continues), CS=collection set, F=free, OA=open archive, CA=closed archive, TAMS=top-at-mark-start (previous, next)
|   0|0x00000000c3600000, 0x00000000c36f8208, 0x00000000c3700000| 96%| O|  |TAMS 0x00000000c3600000, 0x00000000c3600000| Untracked 
|   1|0x00000000c3700000, 0x00000000c3700000, 0x00000000c3800000|  0%| F|  |TAMS 0x00000000c3700000, 0x00000000c3700000| Untracked 
|   2|0x00000000c3800000, 0x00000000c3800000, 0x00000000c3900000|  0%| F|  |TAMS 0x00000000c3800000, 0x00000000c3800000| Untracked 
|   3|0x00000000c3900000, 0x00000000c3900000, 0x00000000c3a00000|  0%| F|  |TAMS 0x00000000c3900000, 0x00000000c3900000| Untracked 
|   4|0x00000000c3a00000, 0x00000000c3a00000, 0x00000000c3b00000|  0%| F|  |TAMS 0x00000000c3a00000, 0x00000000c3a00000| Untracked 
|   5|0x00000000c3b00000, 0x00000000c3b00000, 0x00000000c3c00000|  0%| F|  |TAMS 0x00000000c3b00000, 0x00000000c3b00000| Untracked 
|   6|0x00000000c3c00000, 0x00000000c3c00000, 0x00000000c3d00000|  0%| F|  |TAMS 0x00000000c3c00000, 0x00000000c3c00000| Untracked 
|   7|0x00000000c3d00000, 0x00000000c3d00000, 0x00000000c3e00000|  0%| F|  |TAMS 0x00000000c3d00000, 0x00000000c3d00000| Untracked 
|   8|0x00000000c3e00000, 0x00000000c3e00000, 0x00000000c3f00000|  0%| F|  |TAMS 0x00000000c3e00000, 0x00000000c3e00000| Untracked 
|   9|0x00000000c3f00000, 0x00000000c3f00000, 0x00000000c4000000|  0%| F|  |TAMS 0x00000000c3f00000, 0x00000000c3f00000| Untracked 
|  10|0x00000000c4000000, 0x00000000c4000000, 0x00000000c4100000|  0%| F|  |TAMS 0x00000000c4000000, 0x00000000c4000000| Untracked 
|  11|0x00000000c4100000, 0x00000000c4100000, 0x00000000c4200000|  0%| F|  |TAMS 0x00000000c4100000, 0x00000000c4100000| Untracked 
|  12|0x00000000c4200000, 0x00000000c4200000, 0x00000000c4300000|  0%| F|  |TAMS 0x00000000c4200000, 0x00000000c4200000| Untracked 
|  13|0x00000000c4300000, 0x00000000c4300000, 0x00000000c4400000|  0%| F|  |TAMS 0x00000000c4300000, 0x00000000c4300000| Untracked 
|  14|0x00000000c4400000, 0x00000000c4400000, 0x00000000c4500000|  0%| F|  |TAMS 0x00000000c4400000, 0x00000000c4400000| Untracked 
|  15|0x00000000c4500000, 0x00000000c4500000, 0x00000000c4600000|  0%| F|  |TAMS 0x00000000c4500000, 0x00000000c4500000| Untracked 
|  16|0x00000000c4600000, 0x00000000c4600000, 0x00000000c4700000|  0%| F|  |TAMS 0x00000000c4600000, 0x00000000c4600000| Untracked 
|  17|0x00000000c4700000, 0x00000000c4700000, 0x00000000c4800000|  0%| F|  |TAMS 0x00000000c4700000, 0x00000000c4700000| Untracked 
|  18|0x00000000c4800000, 0x00000000c4800000, 0x00000000c4900000|  0%| F|  |TAMS 0x00000000c4800000, 0x00000000c4800000| Untracked 
|  19|0x00000000c4900000, 0x00000000c4900000, 0x00000000c4a00000|  0%| F|  |TAMS 0x00000000c4900000, 0x00000000c4900000| Untracked 
|  20|0x00000000c4a00000, 0x00000000c4a00000, 0x00000000c4b00000|  0%| F|  |TAMS 0x00000000c4a00000, 0x00000000c4a00000| Untracked 
|  21|0x00000000c4b00000, 0x00000000c4b00000, 0x00000000c4c00000|  0%| F|  |TAMS 0x00000000c4b00000, 0x00000000c4b00000| Untracked 
|  22|0x00000000c4c00000, 0x00000000c4c00000, 0x00000000c4d00000|  0%| F|  |TAMS 0x00000000c4c00000, 0x00000000c4c00000| Untracked 
|  23|0x00000000c4d00000, 0x00000000c4d00000, 0x00000000c4e00000|  0%| F|  |TAMS 0x00000000c4d00000, 0x00000000c4d00000| Untracked 
|  24|0x00000000c4e00000, 0x00000000c4e00000, 0x00000000c4f00000|  0%| F|  |TAMS 0x00000000c4e00000, 0x00000000c4e00000| Untracked 
|  25|0x00000000c4f00000, 0x00000000c4f00000, 0x00000000c5000000|  0%| F|  |TAMS 0x00000000c4f00000, 0x00000000c4f00000| Untracked 
|  26|0x00000000c5000000, 0x00000000c5000000, 0x00000000c5100000|  0%| F|  |TAMS 0x00000000c5000000, 0x00000000c5000000| Untracked 
|  27|0x00000000c5100000, 0x00000000c5100000, 0x00000000c5200000|  0%| F|  |TAMS 0x00000000c5100000, 0x00000000c5100000| Untracked 
|  28|0x00000000c5200000, 0x00000000c5200000, 0x00000000c5300000|  0%| F|  |TAMS 0x00000000c5200000, 0x00000000c5200000| Untracked 
|  29|0x00000000c5300000, 0x00000000c5300000, 0x00000000c5400000|  0%| F|  |TAMS 0x00000000c5300000, 0x00000000c5300000| Untracked 
|  30|0x00000000c5400000, 0x00000000c5400000, 0x00000000c5500000|  0%| F|  |TAMS 0x00000000c5400000, 0x00000000c5400000| Untracked 
|  31|0x00000000c5500000, 0x00000000c5500000, 0x00000000c5600000|  0%| F|  |TAMS 0x00000000c5500000, 0x00000000c5500000| Untracked 
|  32|0x00000000c5600000, 0x00000000c5600000, 0x00000000c5700000|  0%| F|  |TAMS 0x00000000c5600000, 0x00000000c5600000| Untracked 
|  33|0x00000000c5700000, 0x00000000c5700000, 0x00000000c5800000|  0%| F|  |TAMS 0x00000000c5700000, 0x00000000c5700000| Untracked 
|  34|0x00000000c5800000, 0x00000000c5800000, 0x00000000c5900000|  0%| F|  |TAMS 0x00000000c5800000, 0x00000000c5800000| Untracked 
|  35|0x00000000c5900000, 0x00000000c5900000, 0x00000000c5a00000|  0%| F|  |TAMS 0x00000000c5900000, 0x00000000c5900000| Untracked 
|  36|0x00000000c5a00000, 0x00000000c5a00000, 0x00000000c5b00000|  0%| F|  |TAMS 0x00000000c5a00000, 0x00000000c5a00000| Untracked 
|  37|0x00000000c5b00000, 0x00000000c5b00000, 0x00000000c5c00000|  0%| F|  |TAMS 0x00000000c5b00000, 0x00000000c5b00000| Untracked 
|  38|0x00000000c5c00000, 0x00000000c5c00000, 0x00000000c5d00000|  0%| F|  |TAMS 0x00000000c5c00000, 0x00000000c5c00000| Untracked 
|  39|0x00000000c5d00000, 0x00000000c5d00000, 0x00000000c5e00000|  0%| F|  |TAMS 0x00000000c5d00000, 0x00000000c5d00000| Untracked 
|  40|0x00000000c5e00000, 0x00000000c5e00000, 0x00000000c5f00000|  0%| F|  |TAMS 0x00000000c5e00000, 0x00000000c5e00000| Untracked 
|  41|0x00000000c5f00000, 0x00000000c5f00000, 0x00000000c6000000|  0%| F|  |TAMS 0x00000000c5f00000, 0x00000000c5f00000| Untracked 
|  42|0x00000000c6000000, 0x00000000c6000000, 0x00000000c6100000|  0%| F|  |TAMS 0x00000000c6000000, 0x00000000c6000000| Untracked 
|  43|0x00000000c6100000, 0x00000000c6100000, 0x00000000c6200000|  0%| F|  |TAMS 0x00000000c6100000, 0x00000000c6100000| Untracked 
|  44|0x00000000c6200000, 0x00000000c6200000, 0x00000000c6300000|  0%| F|  |TAMS 0x00000000c6200000, 0x00000000c6200000| Untracked 
|  45|0x00000000c6300000, 0x00000000c6300000, 0x00000000c6400000|  0%| F|  |TAMS 0x00000000c6300000, 0x00000000c6300000| Untracked 
|  46|0x00000000c6400000, 0x00000000c6400000, 0x00000000c6500000|  0%| F|  |TAMS 0x00000000c6400000, 0x00000000c6400000| Untracked 
|  47|0x00000000c6500000, 0x00000000c6500000, 0x00000000c6600000|  0%| F|  |TAMS 0x00000000c6500000, 0x00000000c6500000| Untracked 
|  48|0x00000000c6600000, 0x00000000c6600000, 0x00000000c6700000|  0%| F|  |TAMS 0x00000000c6600000, 0x00000000c6600000| Untracked 
|  49|0x00000000c6700000, 0x00000000c6700000, 0x00000000c6800000|  0%| F|  |TAMS 0x00000000c6700000, 0x00000000c6700000| Untracked 
|  50|0x00000000c6800000, 0x00000000c6800000, 0x00000000c6900000|  0%| F|  |TAMS 0x00000000c6800000, 0x00000000c6800000| Untracked 
|  51|0x00000000c6900000, 0x00000000c6a00000, 0x00000000c6a00000|100%| S|CS|TAMS 0x00000000c6900000, 0x00000000c6900000| Complete 
|  52|0x00000000c6a00000, 0x00000000c6b00000, 0x00000000c6b00000|100%| S|CS|TAMS 0x00000000c6a00000, 0x00000000c6a00000| Complete 
|  53|0x00000000c6b00000, 0x00000000c6b00000, 0x00000000c6c00000|  0%| F|  |TAMS 0x00000000c6b00000, 0x00000000c6b00000| Untracked 
|  54|0x00000000c6c00000, 0x00000000c6c00000, 0x00000000c6d00000|  0%| F|  |TAMS 0x00000000c6c00000, 0x00000000c6c00000| Untracked 
|  55|0x00000000c6d00000, 0x00000000c6d00000, 0x00000000c6e00000|  0%| F|  |TAMS 0x00000000c6d00000, 0x00000000c6d00000| Untracked 
|  56|0x00000000c6e00000, 0x00000000c6e00000, 0x00000000c6f00000|  0%| F|  |TAMS 0x00000000c6e00000, 0x00000000c6e00000| Untracked 
|  57|0x00000000c6f00000, 0x00000000c6f00000, 0x00000000c7000000|  0%| F|  |TAMS 0x00000000c6f00000, 0x00000000c6f00000| Untracked 
|  58|0x00000000c7000000, 0x00000000c7000000, 0x00000000c7100000|  0%| F|  |TAMS 0x00000000c7000000, 0x00000000c7000000| Untracked 
|  59|0x00000000c7100000, 0x00000000c7100000, 0x00000000c7200000|  0%| F|  |TAMS 0x00000000c7100000, 0x00000000c7100000| Untracked 
|  60|0x00000000c7200000, 0x00000000c7200000, 0x00000000c7300000|  0%| F|  |TAMS 0x00000000c7200000, 0x00000000c7200000| Untracked 
|  61|0x00000000c7300000, 0x00000000c7300000, 0x00000000c7400000|  0%| F|  |TAMS 0x00000000c7300000, 0x00000000c7300000| Untracked 

Card table byte_map: [0x000001a02de20000,0x000001a02e010000] _byte_map_base: 0x000001a02d805000

Marking Bits (Prev, Next): (CMBitMap*) 0x000001a016a206c0, (CMBitMap*) 0x000001a016a20700
 Prev Bits: [0x000001a02e200000, 0x000001a02f128000)
 Next Bits: [0x000001a02f130000, 0x000001a030058000)

Polling page: 0x000001a014850000

Metaspace:

Usage:
  Non-class:      6.96 MB capacity,     6.82 MB ( 98%) used,   133.39 KB (  2%) free+waste,    11.12 KB ( <1%) overhead. 
      Class:    936.00 KB capacity,   874.80 KB ( 93%) used,    56.20 KB (  6%) free+waste,     5.00 KB ( <1%) overhead. 
       Both:      7.88 MB capacity,     7.68 MB ( 97%) used,   189.59 KB (  2%) free+waste,    16.12 KB ( <1%) overhead. 

Virtual space:
  Non-class space:       16.00 MB reserved,       7.00 MB ( 44%) committed 
      Class space:        1.00 GB reserved,       1.00 MB ( <1%) committed 
             Both:        1.02 GB reserved,       8.00 MB ( <1%) committed 

Chunk freelists:
   Non-Class:  36.00 KB
       Class:  24.00 KB
        Both:  60.00 KB

MaxMetaspaceSize: 17179869184.00 GB
CompressedClassSpaceSize: 1.00 GB

CodeHeap 'non-profiled nmethods': size=120000Kb used=260Kb max_used=260Kb free=119739Kb
 bounds [0x000001a026700000, 0x000001a026970000, 0x000001a02dc30000]
CodeHeap 'profiled nmethods': size=120000Kb used=1408Kb max_used=1408Kb free=118591Kb
 bounds [0x000001a01f1d0000, 0x000001a01f440000, 0x000001a026700000]
CodeHeap 'non-nmethods': size=5760Kb used=1352Kb max_used=1365Kb free=4407Kb
 bounds [0x000001a01ec30000, 0x000001a01eea0000, 0x000001a01f1d0000]
 total_blobs=1410 nmethods=856 adapters=467
 compilation: enabled
              stopped_count=0, restarted_count=0
 full_count=0

Compilation events (20 events):
Event: 75.199 Thread 0x000001a032ce17e0 nmethod 847 0x000001a026740c10 code [0x000001a026740d80, 0x000001a026740e38]
Event: 75.199 Thread 0x000001a032d07e90 nmethod 852 0x000001a01f32bf10 code [0x000001a01f32c1e0, 0x000001a01f32d098]
Event: 75.199 Thread 0x000001a032d07e90  851       3       java.nio.DirectByteBufferR::slice (66 bytes)
Event: 75.200 Thread 0x000001a032d07e90 nmethod 851 0x000001a01f32d610 code [0x000001a01f32d7c0, 0x000001a01f32da48]
Event: 75.200 Thread 0x000001a032d07e90  853       1       java.awt.Component::getParent_NoClientCode (5 bytes)
Event: 75.200 Thread 0x000001a032d07e90 nmethod 853 0x000001a026740f10 code [0x000001a0267410a0, 0x000001a026741158]
Event: 75.200 Thread 0x000001a032d07e90  854       3       java.awt.Component::getTreeLock (4 bytes)
Event: 75.200 Thread 0x000001a032d07e90 nmethod 854 0x000001a01f32db90 code [0x000001a01f32dd20, 0x000001a01f32de38]
Event: 75.866 Thread 0x000001a032d07e90  855       3       java.awt.Component::getContainer (5 bytes)
Event: 75.866 Thread 0x000001a032d07e90 nmethod 855 0x000001a01f32df10 code [0x000001a01f32e0a0, 0x000001a01f32e1b8]
Event: 75.867 Thread 0x000001a032d07e90  856       3       java.util.ArrayList::get (15 bytes)
Event: 75.868 Thread 0x000001a032d07e90 nmethod 856 0x000001a01f32e290 code [0x000001a01f32e460, 0x000001a01f32e7a8]
Event: 75.868 Thread 0x000001a032d07e90  857       3       java.util.Objects::checkIndex (7 bytes)
Event: 75.868 Thread 0x000001a032d07e90 nmethod 857 0x000001a01f32e990 code [0x000001a01f32eb40, 0x000001a01f32ed68]
Event: 75.892 Thread 0x000001a032d07e90  858       3       java.lang.invoke.MethodHandleNatives::isCallerSensitive (29 bytes)
Event: 75.893 Thread 0x000001a032d07e90 nmethod 858 0x000001a01f32ee90 code [0x000001a01f32f080, 0x000001a01f32f5e8]
Event: 75.894 Thread 0x000001a032d07e90  859       3       java.lang.invoke.MethodHandleNatives::canBeCalledVirtual (94 bytes)
Event: 75.895 Thread 0x000001a032d07e90 nmethod 859 0x000001a01f32f790 code [0x000001a01f32f9a0, 0x000001a01f32ff18]
Event: 77.254 Thread 0x000001a032d07e90  860       3       java.lang.StringLatin1::toLowerCase (186 bytes)
Event: 77.255 Thread 0x000001a032ce17e0  861       4       java.lang.StringLatin1::canEncode (13 bytes)

GC Heap History (0 events):
No events

Deoptimization events (20 events):
Event: 8.519 Thread 0x000001a0169f08b0 Uncommon trap: trap_request=0xffffff45 fr.pc=0x000001a02670cf20 relative=0x0000000000000aa0
Event: 8.519 Thread 0x000001a0169f08b0 Uncommon trap: reason=unstable_if action=reinterpret pc=0x000001a02670cf20 method=java.util.HashMap.putVal(ILjava/lang/Object;Ljava/lang/Object;ZZ)Ljava/lang/Object; @ 236 c2
Event: 8.519 Thread 0x000001a0169f08b0 DEOPT PACKING pc=0x000001a02670cf20 sp=0x0000007078cfe930
Event: 8.519 Thread 0x000001a0169f08b0 DEOPT UNPACKING pc=0x000001a01ec7e42f sp=0x0000007078cfe8e8 mode 2
Event: 73.761 Thread 0x000001a03303f480 Uncommon trap: trap_request=0xffffff45 fr.pc=0x000001a026736f54 relative=0x0000000000000334
Event: 73.761 Thread 0x000001a03303f480 Uncommon trap: reason=unstable_if action=reinterpret pc=0x000001a026736f54 method=java.lang.StringLatin1.newString([BII)Ljava/lang/String; @ 1 c2
Event: 73.761 Thread 0x000001a03303f480 DEOPT PACKING pc=0x000001a026736f54 sp=0x000000707a2feaf0
Event: 73.762 Thread 0x000001a03303f480 DEOPT UNPACKING pc=0x000001a01ec7e42f sp=0x000000707a2feaf0 mode 2
Event: 74.253 Thread 0x000001a033223d70 Uncommon trap: trap_request=0xffffffde fr.pc=0x000001a02672f9e4 relative=0x0000000000000ee4
Event: 74.253 Thread 0x000001a033223d70 Uncommon trap: reason=class_check action=maybe_recompile pc=0x000001a02672f9e4 method=java.util.HashMap.putVal(ILjava/lang/Object;Ljava/lang/Object;ZZ)Ljava/lang/Object; @ 91 c2
Event: 74.253 Thread 0x000001a033223d70 DEOPT PACKING pc=0x000001a02672f9e4 sp=0x000000707a3fdcf0
Event: 74.253 Thread 0x000001a033223d70 DEOPT UNPACKING pc=0x000001a01ec7e42f sp=0x000000707a3fdc40 mode 2
Event: 74.253 Thread 0x000001a033223d70 Uncommon trap: trap_request=0xffffffde fr.pc=0x000001a02672f9e4 relative=0x0000000000000ee4
Event: 74.253 Thread 0x000001a033223d70 Uncommon trap: reason=class_check action=maybe_recompile pc=0x000001a02672f9e4 method=java.util.HashMap.putVal(ILjava/lang/Object;Ljava/lang/Object;ZZ)Ljava/lang/Object; @ 91 c2
Event: 74.253 Thread 0x000001a033223d70 DEOPT PACKING pc=0x000001a02672f9e4 sp=0x000000707a3fdcf0
Event: 74.253 Thread 0x000001a033223d70 DEOPT UNPACKING pc=0x000001a01ec7e42f sp=0x000000707a3fdc40 mode 2
Event: 74.983 Thread 0x000001a0169f08b0 Uncommon trap: trap_request=0xffffff45 fr.pc=0x000001a02672e64c relative=0x00000000000003ac
Event: 74.983 Thread 0x000001a0169f08b0 Uncommon trap: reason=unstable_if action=reinterpret pc=0x000001a02672e64c method=java.lang.StringUTF16.compress([CI[BII)I @ 20 c2
Event: 74.983 Thread 0x000001a0169f08b0 DEOPT PACKING pc=0x000001a02672e64c sp=0x0000007078cfce30
Event: 74.983 Thread 0x000001a0169f08b0 DEOPT UNPACKING pc=0x000001a01ec7e42f sp=0x0000007078cfcdb0 mode 2

Classes unloaded (0 events):
No events

Classes redefined (0 events):
No events

Internal exceptions (17 events):
Event: 8.410 Thread 0x000001a0169f08b0 Exception <a 'sun/nio/fs/WindowsException'{0x00000000c721b830}> (0x00000000c721b830) 
thrown [./open/src/hotspot/share/prims/jni.cpp, line 578]
Event: 8.411 Thread 0x000001a0169f08b0 Exception <a 'sun/nio/fs/WindowsException'{0x00000000c721bd58}> (0x00000000c721bd58) 
thrown [./open/src/hotspot/share/prims/jni.cpp, line 578]
Event: 8.417 Thread 0x000001a0169f08b0 Exception <a 'sun/nio/fs/WindowsException'{0x00000000c721e040}> (0x00000000c721e040) 
thrown [./open/src/hotspot/share/prims/jni.cpp, line 578]
Event: 8.418 Thread 0x000001a0169f08b0 Exception <a 'sun/nio/fs/WindowsException'{0x00000000c721eae8}> (0x00000000c721eae8) 
thrown [./open/src/hotspot/share/prims/jni.cpp, line 578]
Event: 38.294 Thread 0x000001a0169f08b0 Exception <a 'java/lang/NoSuchMethodError'{0x00000000c712b188}: 'void java.lang.invoke.DirectMethodHandle$Holder.invokeSpecial(java.lang.Object, java.lang.Object, java.lang.Object)'> (0x00000000c712b188) 
thrown [./open/src/hotspot/share/interpreter/linkResolver.cpp, line 782]
Event: 38.771 Thread 0x000001a0169f08b0 Exception <a 'java/lang/ClassNotFoundException'{0x00000000c713f900}: sun/awt/resources/spi/awtProvider> (0x00000000c713f900) 
thrown [./open/src/hotspot/share/classfile/systemDictionary.cpp, line 295]
Event: 41.228 Thread 0x000001a0169f08b0 Exception <a 'java/io/FileNotFoundException'{0x00000000c7196150}> (0x00000000c7196150) 
thrown [./open/src/hotspot/share/prims/jni.cpp, line 578]
Event: 41.326 Thread 0x000001a0169f08b0 Exception <a 'java/io/FileNotFoundException'{0x00000000c71c4b88}> (0x00000000c71c4b88) 
thrown [./open/src/hotspot/share/prims/jni.cpp, line 578]
Event: 41.608 Thread 0x000001a0169f08b0 Exception <a 'java/lang/NoSuchMethodError'{0x00000000c71c5c70}: 'java.lang.Object java.lang.invoke.DirectMethodHandle$Holder.invokeStatic(java.lang.Object)'> (0x00000000c71c5c70) 
thrown [./open/src/hotspot/share/interpreter/linkResolver.cpp, line 782]
Event: 45.089 Thread 0x000001a0169f08b0 Exception <a 'java/lang/NoSuchMethodError'{0x00000000c701bf30}: 'java.lang.Object java.lang.invoke.DirectMethodHandle$Holder.invokeStaticInit(java.lang.Object)'> (0x00000000c701bf30) 
thrown [./open/src/hotspot/share/interpreter/linkResolver.cpp, line 782]
Event: 56.713 Thread 0x000001a0169f08b0 Exception <a 'java/lang/NoSuchMethodError'{0x00000000c6f13400}: 'java.lang.Object java.lang.invoke.DirectMethodHandle$Holder.newInvokeSpecial(java.lang.Object, java.lang.Object, java.lang.Object, java.lang.Object, java.lang.Object)'> (0x00000000c6f13400) 
thrown [./open/src/hotspot/share/interpreter/linkResolver.cpp, line 782]
Event: 56.823 Thread 0x000001a0169f08b0 Exception <a 'java/lang/NoSuchMethodError'{0x00000000c6f1ee90}: 'java.lang.Object java.lang.invoke.DirectMethodHandle$Holder.invokeStatic(java.lang.Object, int, java.lang.Object, java.lang.Object, java.lang.Object, java.lang.Object)'> (0x00000000c6f1ee90) 
thrown [./open/src/hotspot/share/interpreter/linkResolver.cpp, line 782]
Event: 56.904 Thread 0x000001a0169f08b0 Exception <a 'java/lang/NoSuchMethodError'{0x00000000c6f45388}: 'java.lang.Object java.lang.invoke.DirectMethodHandle$Holder.invokeStatic(java.lang.Object, int, java.lang.Object)'> (0x00000000c6f45388) 
thrown [./open/src/hotspot/share/interpreter/linkResolver.cpp, line 782]
Event: 57.272 Thread 0x000001a0169f08b0 Exception <a 'java/lang/ClassNotFoundException'{0x00000000c6ffdb00}: com/sun/swing/internal/plaf/metal/resources/spi/metalProvider> (0x00000000c6ffdb00) 
thrown [./open/src/hotspot/share/classfile/systemDictionary.cpp, line 295]
Event: 57.280 Thread 0x000001a0169f08b0 Exception <a 'java/lang/ClassNotFoundException'{0x00000000c6e02250}: com/sun/swing/internal/plaf/basic/resources/spi/basicProvider> (0x00000000c6e02250) 
thrown [./open/src/hotspot/share/classfile/systemDictionary.cpp, line 295]
Event: 73.767 Thread 0x000001a03303f480 Exception <a 'java/lang/NoSuchMethodError'{0x00000000c6defda0}: 'java.lang.Object java.lang.invoke.DirectMethodHandle$Holder.newInvokeSpecial(java.lang.Object, java.lang.Object, java.lang.Object, int, int, int, int, int)'> (0x00000000c6defda0) 
thrown [./open/src/hotspot/share/interpreter/linkResolver.cpp, line 782]
Event: 74.476 Thread 0x000001a0169f08b0 Exception <a 'java/lang/NoSuchMethodError'{0x00000000c6e792e0}: 'void java.lang.invoke.DirectMethodHandle$Holder.invokeStaticInit(java.lang.Object)'> (0x00000000c6e792e0) 
thrown [./open/src/hotspot/share/interpreter/linkResolver.cpp, line 782]

Events (20 events):
Event: 75.198 loading class java/awt/peer/LightweightPeer
Event: 75.198 loading class java/awt/peer/LightweightPeer done
Event: 75.199 loading class sun/awt/LightweightPeerHolder
Event: 75.199 loading class sun/awt/LightweightPeerHolder done
Event: 75.199 loading class sun/awt/NullComponentPeer
Event: 75.199 loading class sun/awt/NullComponentPeer done
Event: 75.868 loading class javax/swing/GroupLayout$AutoPreferredGapMatch
Event: 75.868 loading class javax/swing/GroupLayout$AutoPreferredGapMatch done
Event: 75.869 loading class sun/swing/SwingUtilities2$KeyPair
Event: 75.869 loading class sun/swing/SwingUtilities2$KeyPair done
Event: 75.870 loading class sun/font/FontDesignMetrics
Event: 75.870 loading class java/awt/FontMetrics
Event: 75.890 loading class java/awt/FontMetrics done
Event: 75.890 loading class sun/font/FontDesignMetrics done
Event: 75.891 loading class sun/font/FontDesignMetrics$MetricsKey
Event: 75.891 loading class sun/font/FontDesignMetrics$MetricsKey done
Event: 75.893 loading class sun/font/SunFontManager$FamilyDescription
Event: 75.893 loading class sun/font/SunFontManager$FamilyDescription done
Event: 76.016 Executing VM operation: HandshakeAllThreads
Event: 76.017 Executing VM operation: HandshakeAllThreads done


Dynamic libraries:
0x00007ff749af0000 - 0x00007ff749aff000 	C:\Program Files\Java\jdk-15\bin\java.exe
0x00007ff9a62d0000 - 0x00007ff9a64c7000 	C:\WINDOWS\SYSTEM32\ntdll.dll
0x00007ff9a4b00000 - 0x00007ff9a4bbd000 	C:\WINDOWS\System32\KERNEL32.DLL
0x00007ff9a3b60000 - 0x00007ff9a3e56000 	C:\WINDOWS\System32\KERNELBASE.dll
0x00007ff9a4290000 - 0x00007ff9a4390000 	C:\WINDOWS\System32\ucrtbase.dll
0x00007ff999e30000 - 0x00007ff999e49000 	C:\Program Files\Java\jdk-15\bin\VCRUNTIME140.dll
0x00007ff9903f0000 - 0x00007ff990408000 	C:\Program Files\Java\jdk-15\bin\jli.dll
0x00007ff9a4830000 - 0x00007ff9a48de000 	C:\WINDOWS\System32\ADVAPI32.dll
0x00007ff9a61c0000 - 0x00007ff9a625e000 	C:\WINDOWS\System32\msvcrt.dll
0x00007ff9a46f0000 - 0x00007ff9a478c000 	C:\WINDOWS\System32\sechost.dll
0x00007ff9a4cf0000 - 0x00007ff9a4e16000 	C:\WINDOWS\System32\RPCRT4.dll
0x00007ff9a4390000 - 0x00007ff9a452e000 	C:\WINDOWS\System32\USER32.dll
0x00007ff9a3e60000 - 0x00007ff9a3e82000 	C:\WINDOWS\System32\win32u.dll
0x00007ff9a4790000 - 0x00007ff9a47bc000 	C:\WINDOWS\System32\GDI32.dll
0x00007ff9a4010000 - 0x00007ff9a412a000 	C:\WINDOWS\System32\gdi32full.dll
0x00007ff9a3f70000 - 0x00007ff9a400d000 	C:\WINDOWS\System32\msvcp_win.dll
0x00007ff9942c0000 - 0x00007ff99455a000 	C:\WINDOWS\WinSxS\amd64_microsoft.windows.common-controls_6595b64144ccf1df_6.0.19041.3570_none_60bb2a3971f3e41a\COMCTL32.dll
0x00007ff995360000 - 0x00007ff99536a000 	C:\WINDOWS\SYSTEM32\VERSION.dll
0x00007ff9a6260000 - 0x00007ff9a6290000 	C:\WINDOWS\System32\IMM32.DLL
0x00007ff98bfd0000 - 0x00007ff98bfdc000 	C:\Program Files\Java\jdk-15\bin\vcruntime140_1.dll
0x00007ff97e110000 - 0x00007ff97e1a1000 	C:\Program Files\Java\jdk-15\bin\msvcp140.dll
0x00007ff948100000 - 0x00007ff948c5c000 	C:\Program Files\Java\jdk-15\bin\server\jvm.dll
0x00007ff9a4bc0000 - 0x00007ff9a4bc8000 	C:\WINDOWS\System32\PSAPI.DLL
0x00007ff990600000 - 0x00007ff990609000 	C:\WINDOWS\SYSTEM32\WSOCK32.dll
0x00007ff9a48e0000 - 0x00007ff9a494b000 	C:\WINDOWS\System32\WS2_32.dll
0x00007ff9939e0000 - 0x00007ff993a07000 	C:\WINDOWS\SYSTEM32\WINMM.dll
0x00007ff9a1940000 - 0x00007ff9a1952000 	C:\WINDOWS\SYSTEM32\kernel.appcore.dll
0x00007ff98aa80000 - 0x00007ff98aa8a000 	C:\Program Files\Java\jdk-15\bin\jimage.dll
0x00007ff9a1650000 - 0x00007ff9a1834000 	C:\WINDOWS\SYSTEM32\DBGHELP.DLL
0x00007ff98f8d0000 - 0x00007ff98f904000 	C:\WINDOWS\SYSTEM32\dbgcore.DLL
0x00007ff9a3ee0000 - 0x00007ff9a3f62000 	C:\WINDOWS\System32\bcryptPrimitives.dll
0x00007ff990380000 - 0x00007ff9903b9000 	C:\Program Files\Java\jdk-15\bin\jdwp.dll
0x00007ff98bfa0000 - 0x00007ff98bfc5000 	C:\Program Files\Java\jdk-15\bin\java.dll
0x00007ff9a5830000 - 0x00007ff9a5f74000 	C:\WINDOWS\System32\SHELL32.dll
0x00007ff9a1ab0000 - 0x00007ff9a224b000 	C:\WINDOWS\SYSTEM32\windows.storage.dll
0x00007ff9a53c0000 - 0x00007ff9a5714000 	C:\WINDOWS\System32\combase.dll
0x00007ff9a3380000 - 0x00007ff9a33ad000 	C:\WINDOWS\SYSTEM32\Wldp.dll
0x00007ff9a5f80000 - 0x00007ff9a602d000 	C:\WINDOWS\System32\SHCORE.dll
0x00007ff9a6030000 - 0x00007ff9a6085000 	C:\WINDOWS\System32\shlwapi.dll
0x00007ff9a3940000 - 0x00007ff9a3965000 	C:\WINDOWS\SYSTEM32\profapi.dll
0x00007ff98aa60000 - 0x00007ff98aa79000 	C:\Program Files\Java\jdk-15\bin\net.dll
0x00007ff9950b0000 - 0x00007ff9951ba000 	C:\WINDOWS\SYSTEM32\WINHTTP.dll
0x00007ff9a30e0000 - 0x00007ff9a314a000 	C:\WINDOWS\system32\mswsock.dll
0x00007ff98aa40000 - 0x00007ff98aa52000 	C:\Program Files\Java\jdk-15\bin\nio.dll
0x00007ff9932b0000 - 0x00007ff9932bb000 	C:\Program Files\Java\jdk-15\bin\dt_shmem.dll
0x00007ff98aa20000 - 0x00007ff98aa38000 	C:\Program Files\Java\jdk-15\bin\zip.dll
0x00007ff97e1b0000 - 0x00007ff97e330000 	C:\Program Files\Java\jdk-15\bin\awt.dll
0x00007ff9a4540000 - 0x00007ff9a460d000 	C:\WINDOWS\System32\OLEAUT32.dll
0x00007ff9a05d0000 - 0x00007ff9a0660000 	C:\WINDOWS\SYSTEM32\apphelp.dll
0x00007ff9a0ec0000 - 0x00007ff9a0eef000 	C:\WINDOWS\system32\DWMAPI.DLL
0x00007ff9a0c60000 - 0x00007ff9a0cfe000 	C:\WINDOWS\system32\uxtheme.dll
0x00007ff98e710000 - 0x00007ff98e835000 	C:\WINDOWS\system32\opengl32.dll
0x00007ff98e6e0000 - 0x00007ff98e70c000 	C:\WINDOWS\SYSTEM32\GLU32.dll
0x00007ff9a4bd0000 - 0x00007ff9a4ce4000 	C:\WINDOWS\System32\MSCTF.dll
0x00007ff9a4e20000 - 0x00007ff9a4f4b000 	C:\WINDOWS\System32\ole32.dll
0x00007ff987f50000 - 0x00007ff987f7d000 	C:\Program Files\Java\jdk-15\bin\javajpeg.dll
0x00007ff94a6b0000 - 0x00007ff94a735000 	C:\Program Files\Java\jdk-15\bin\freetype.dll
0x00007ff94a600000 - 0x00007ff94a6a9000 	C:\Program Files\Java\jdk-15\bin\fontmanager.dll
0x00007ff9a6110000 - 0x00007ff9a61b9000 	C:\WINDOWS\System32\clbcatq.dll
0x00007ff99dc00000 - 0x00007ff99ddb4000 	C:\WINDOWS\SYSTEM32\WindowsCodecs.dll
0x00007ff9a3a10000 - 0x00007ff9a3a37000 	C:\WINDOWS\System32\bcrypt.dll

dbghelp: loaded successfully - version: 4.0.5 - missing functions: none
symbol engine: initialized successfully - sym options: 0x614 - pdb path: .;C:\Program Files\Java\jdk-15\bin;C:\WINDOWS\SYSTEM32;C:\WINDOWS\WinSxS\amd64_microsoft.windows.common-controls_6595b64144ccf1df_6.0.19041.3570_none_60bb2a3971f3e41a;C:\Program Files\Java\jdk-15\bin\server

VM Arguments:
jvm_args: -Dfile.encoding=UTF-8 -agentlib:jdwp=transport=dt_shmem,address=javadebug5855 --module-path=C:\Users\aysha\Documents\NetBeansProjects\java_CRUD\build\classes 
java_command: java_crud.Java_CRUD
java_class_path (initial): C:\Users\aysha\Desktop\lbr\MySqlJdbcDriver\mysql-connector-j-8.1.0.jar;C:\Users\aysha\Desktop\Libraries\rs2xml.jar;C:\Users\aysha\Documents\NetBeansProjects\java_CRUD\build\classes
Launcher Type: SUN_STANDARD

[Global flags]
     intx CICompilerCount                          = 3                                         {product} {ergonomic}
     uint ConcGCThreads                            = 1                                         {product} {ergonomic}
     uint G1ConcRefinementThreads                  = 4                                         {product} {ergonomic}
   size_t G1HeapRegionSize                         = 1048576                                   {product} {ergonomic}
    uintx GCDrainStackTargetSize                   = 64                                        {product} {ergonomic}
   size_t InitialHeapSize                          = 65011712                                  {product} {ergonomic}
   size_t MarkStackSize                            = 4194304                                   {product} {ergonomic}
   size_t MaxHeapSize                              = 1017118720                                {product} {ergonomic}
   size_t MaxNewSize                               = 610271232                                 {product} {ergonomic}
   size_t MinHeapDeltaBytes                        = 1048576                                   {product} {ergonomic}
   size_t MinHeapSize                              = 8388608                                   {product} {ergonomic}
    uintx NonNMethodCodeHeapSize                   = 5832780                                {pd product} {ergonomic}
    uintx NonProfiledCodeHeapSize                  = 122912730                              {pd product} {ergonomic}
    uintx ProfiledCodeHeapSize                     = 122912730                              {pd product} {ergonomic}
    uintx ReservedCodeCacheSize                    = 251658240                              {pd product} {ergonomic}
     bool SegmentedCodeCache                       = true                                      {product} {ergonomic}
   size_t SoftMaxHeapSize                          = 1017118720                             {manageable} {ergonomic}
     bool UseCompressedClassPointers               = true                                 {lp64_product} {ergonomic}
     bool UseCompressedOops                        = true                                 {lp64_product} {ergonomic}
     bool UseG1GC                                  = true                                      {product} {ergonomic}
     bool UseLargePagesIndividualAllocation        = false                                  {pd product} {ergonomic}

Logging:
Log output configuration:
 #0: stdout all=warning uptime,level,tags
 #1: stderr all=off uptime,level,tags

Environment Variables:
JAVA_HOME=C:\Program Files\Java\jdk-15
PATH=C:\Program Files\Common Files\Oracle\Java\javapath;C:\WINDOWS\system32;C:\WINDOWS;C:\WINDOWS\System32\Wbem;C:\WINDOWS\System32\WindowsPowerShell\v1.0\;C:\WINDOWS\System32\OpenSSH\;C:\Program Files\Microsoft SQL Server\150\Tools\Binn\;C:\Program Files\Microsoft\Web Platform Installer\;C:\Program Files (x86)\Microsoft ASP.NET\ASP.NET Web Pages\v1.0\;C:\Program Files (x86)\Windows Kits\8.0\Windows Performance Toolkit\;C:\Program Files\Microsoft SQL Server\110\Tools\Binn\;C:\Program Files\Java\jdk-15\bin;C:\Program Files\MySQL\MySQL Shell 8.0\bin\;C:\Users\aysha\AppData\Local\Microsoft\WindowsApps;C:\Users\aysha\AppData\Local\Programs\Microsoft VS Code\bin
USERNAME=aysha
OS=Windows_NT
PROCESSOR_IDENTIFIER=Intel64 Family 6 Model 142 Stepping 9, GenuineIntel



---------------  S Y S T E M  ---------------

OS:
 Windows 10 , 64 bit Build 19041 (10.0.19041.3570)
OS uptime: 0 days 3:32 hours

CPU: total 4 (initial active 4) (2 cores per cpu, 2 threads per core) family 6 model 142 stepping 9, cmov, cx8, fxsr, mmx, sse, sse2, sse3, ssse3, sse4.1, sse4.2, popcnt, vzeroupper, avx, avx2, aes, clmul, erms, 3dnowpref, lzcnt, ht, tsc, tscinvbit, bmi1, bmi2, adx, fma, clflush, clflushopt

Memory: 4k page, system-wide physical 3879M (205M free)
TotalPageFile size 15655M (AvailPageFile size 0M)
current process WorkingSet (physical memory assigned to process): 59M, peak: 59M
current process commit charge ("private bytes"): 145M, peak: 147M

vm_info: Java HotSpot(TM) 64-Bit Server VM (15+36-1562) for windows-amd64 JRE (15+36-1562), built on Aug 11 2020 22:38:02 by "mach5one" with unknown MS VC++:1925

END.
