#
# There is insufficient memory for the Java Runtime Environment to continue.
# Native memory allocation (malloc) failed to allocate 32744 bytes for ChunkPool::allocate
# Possible reasons:
#   The system is out of physical RAM or swap space
#   The process is running with CompressedOops enabled, and the Java Heap may be blocking the growth of the native heap
# Possible solutions:
#   Reduce memory load on the system
#   Increase physical memory or swap space
#   Check if swap backing store is full
#   Decrease Java heap size (-Xmx/-Xms)
#   Decrease number of Java threads
#   Decrease Java thread stack sizes (-Xss)
#   Set larger code cache with -XX:ReservedCodeCacheSize=
#   JVM is running with Unscaled Compressed Oops mode in which the Java heap is
#     placed in the first 4GB address space. The Java Heap base address is the
#     maximum limit for the native heap growth. Please use -XX:HeapBaseMinAddress
#     to set the Java Heap base and to place the Java Heap above 4GB virtual address.
# This output file may be truncated or incomplete.
#
#  Out of Memory Error (./open/src/hotspot/share/memory/arena.cpp:79), pid=11244, tid=11088
#
# JRE version: Java(TM) SE Runtime Environment (15.0+36) (build 15+36-1562)
# Java VM: Java HotSpot(TM) 64-Bit Server VM (15+36-1562, mixed mode, sharing, tiered, compressed oops, g1 gc, windows-amd64)
# No core dump will be written. Minidumps are not enabled by default on client versions of Windows
#

---------------  S U M M A R Y ------------

Command Line: -Dfile.encoding=UTF-8 --module-path=C:\Users\aysha\Documents\NetBeansProjects\java_CRUD\build\classes java_crud.Java_CRUD

Host: Intel(R) Core(TM) i3-7100U CPU @ 2.40GHz, 4 cores, 3G,  Windows 10 , 64 bit Build 19041 (10.0.19041.3570)
Time: Tue Dec  5 12:52:29 2023 Sri Lanka Standard Time elapsed time: 88.290222 seconds (0d 0h 1m 28s)

---------------  T H R E A D  ---------------

Current thread (0x00000292fa0a4a50):  JavaThread "C2 CompilerThread0" daemon [_thread_in_native, id=11088, stack(0x000000a549b00000,0x000000a549c00000)]


Current CompileTask:
C2:  88290 2787       4       javax.swing.GroupLayout$BaselineGroup::calculateSize (71 bytes)

Stack: [0x000000a549b00000,0x000000a549c00000]
Native frames: (J=compiled Java code, j=interpreted, Vv=VM code, C=native code)
V  [jvm.dll+0x629eaa]
V  [jvm.dll+0x780379]
V  [jvm.dll+0x781ad3]
V  [jvm.dll+0x782133]
V  [jvm.dll+0x2159d5]
V  [jvm.dll+0x97cdf]
V  [jvm.dll+0x97abd]
V  [jvm.dll+0x608b94]
V  [jvm.dll+0x6542ea]
V  [jvm.dll+0x18ddfd]
V  [jvm.dll+0x1e9ef2]
V  [jvm.dll+0x1e903e]
V  [jvm.dll+0x177f17]
V  [jvm.dll+0x1f88f5]
V  [jvm.dll+0x1f699c]
V  [jvm.dll+0x74384d]
V  [jvm.dll+0x73c64a]
V  [jvm.dll+0x628d16]
C  [ucrtbase.dll+0x21bb2]
C  [KERNEL32.DLL+0x17344]
C  [ntdll.dll+0x526b1]


---------------  P R O C E S S  ---------------

Threads class SMR info:
_java_thread_list=0x00000292fb3e5760, length=18, elements={
0x00000292fa088860, 0x00000292fa089430, 0x00000292fa09f730, 0x00000292fa0a00f0,
0x00000292fa0a0ba0, 0x00000292fa0a4a50, 0x00000292fa0b0250, 0x00000292fa0c1420,
0x00000292fa06abc0, 0x00000292fa32ef70, 0x00000292fa557f50, 0x00000292fa53dae0,
0x00000292fa53e1d0, 0x00000292fadc81f0, 0x00000292ecdb08f0, 0x00000292faf10680,
0x00000292faf8b6c0, 0x00000292faf8d3a0
}

Java Threads: ( => current thread )
  0x00000292fa088860 JavaThread "Reference Handler" daemon [_thread_blocked, id=10684, stack(0x000000a549600000,0x000000a549700000)]
  0x00000292fa089430 JavaThread "Finalizer" daemon [_thread_blocked, id=14420, stack(0x000000a549700000,0x000000a549800000)]
  0x00000292fa09f730 JavaThread "Signal Dispatcher" daemon [_thread_blocked, id=5136, stack(0x000000a549800000,0x000000a549900000)]
  0x00000292fa0a00f0 JavaThread "Attach Listener" daemon [_thread_blocked, id=4864, stack(0x000000a549900000,0x000000a549a00000)]
  0x00000292fa0a0ba0 JavaThread "Service Thread" daemon [_thread_blocked, id=19056, stack(0x000000a549a00000,0x000000a549b00000)]
=>0x00000292fa0a4a50 JavaThread "C2 CompilerThread0" daemon [_thread_in_native, id=11088, stack(0x000000a549b00000,0x000000a549c00000)]
  0x00000292fa0b0250 JavaThread "C1 CompilerThread0" daemon [_thread_blocked, id=7120, stack(0x000000a549c00000,0x000000a549d00000)]
  0x00000292fa0c1420 JavaThread "Sweeper thread" daemon [_thread_blocked, id=15024, stack(0x000000a549d00000,0x000000a549e00000)]
  0x00000292fa06abc0 JavaThread "Common-Cleaner" daemon [_thread_blocked, id=9012, stack(0x000000a549e00000,0x000000a549f00000)]
  0x00000292fa32ef70 JavaThread "Notification Thread" daemon [_thread_blocked, id=17372, stack(0x000000a549f00000,0x000000a54a000000)]
  0x00000292fa557f50 JavaThread "Java2D Disposer" daemon [_thread_blocked, id=17456, stack(0x000000a54a200000,0x000000a54a300000)]
  0x00000292fa53dae0 JavaThread "AWT-Shutdown" [_thread_blocked, id=7500, stack(0x000000a54a300000,0x000000a54a400000)]
  0x00000292fa53e1d0 JavaThread "AWT-Windows" daemon [_thread_in_native, id=1444, stack(0x000000a54a400000,0x000000a54a500000)]
  0x00000292fadc81f0 JavaThread "AWT-EventQueue-0" [_thread_blocked, id=12696, stack(0x000000a54a600000,0x000000a54a700000)]
  0x00000292ecdb08f0 JavaThread "DestroyJavaVM" [_thread_blocked, id=5036, stack(0x000000a548f00000,0x000000a549000000)]
  0x00000292faf10680 JavaThread "TimerQueue" daemon [_thread_blocked, id=13512, stack(0x000000a54aa00000,0x000000a54ab00000)]
  0x00000292faf8b6c0 JavaThread "mysql-cj-abandoned-connection-cleanup" daemon [_thread_blocked, id=1268, stack(0x000000a54a100000,0x000000a54a200000)]
  0x00000292faf8d3a0 JavaThread "Thread-0" [_thread_blocked, id=6496, stack(0x000000a54b000000,0x000000a54b100000)]

Other Threads:
  0x00000292fa084fd0 VMThread "VM Thread" [stack: 0x000000a549500000,0x000000a549600000] [id=9292]
  0x00000292ecdb1a20 WatcherThread [stack: 0x000000a54a000000,0x000000a54a100000] [id=6852]
  0x00000292ecdddf10 GCTaskThread "GC Thread#0" [stack: 0x000000a549000000,0x000000a549100000] [id=18084]
  0x00000292fa32c600 GCTaskThread "GC Thread#1" [stack: 0x000000a54ab00000,0x000000a54ac00000] [id=6360]
  0x00000292fa32afb0 GCTaskThread "GC Thread#2" [stack: 0x000000a54ac00000,0x000000a54ad00000] [id=8660]
  0x00000292fa32d920 GCTaskThread "GC Thread#3" [stack: 0x000000a54ad00000,0x000000a54ae00000] [id=400]
  0x00000292ecde7b30 ConcurrentGCThread "G1 Main Marker" [stack: 0x000000a549100000,0x000000a549200000] [id=16100]
  0x00000292ecde87a0 ConcurrentGCThread "G1 Conc#0" [stack: 0x000000a549200000,0x000000a549300000] [id=19208]
  0x00000292ece29930 ConcurrentGCThread "G1 Refine#0" [stack: 0x000000a549300000,0x000000a549400000] [id=18204]
  0x00000292fb2d62e0 ConcurrentGCThread "G1 Refine#1" [stack: 0x000000a54ae00000,0x000000a54af00000] [id=8480]
  0x00000292fb2d6640 ConcurrentGCThread "G1 Refine#2" [stack: 0x000000a54af00000,0x000000a54b000000] [id=19448]
  0x00000292ece2a2f0 ConcurrentGCThread "G1 Young RemSet Sampling" [stack: 0x000000a549400000,0x000000a549500000] [id=7064]

Threads with active compile tasks:
C2 CompilerThread0    88453 2787       4       javax.swing.GroupLayout$BaselineGroup::calculateSize (71 bytes)

VM state: not at safepoint (normal execution)

VM Mutex/Monitor currently owned by a thread: None

Heap address: 0x00000000c3600000, size: 970 MB, Compressed Oops mode: 32-bit
CDS archive(s) mapped at: [0x0000000800000000-0x0000000800b50000-0x0000000800b50000), size 11862016, SharedBaseAddress: 0x0000000800000000, ArchiveRelocationMode: 0.
Compressed class space mapped at: 0x0000000800b50000-0x0000000840b50000, size: 1073741824
Narrow klass base: 0x0000000800000000, Narrow klass shift: 3, Narrow klass range: 0x100000000

GC Precious Log:
 CPUs: 4 total, 4 available
 Memory: 3879M
 Large Page Support: Disabled
 NUMA Support: Disabled
 Compressed Oops: Enabled (32-bit)
 Heap Region Size: 1M
 Heap Min Capacity: 8M
 Heap Initial Capacity: 62M
 Heap Max Capacity: 970M
 Pre-touch: Disabled
 Parallel Workers: 4
 Concurrent Workers: 1
 Concurrent Refinement Workers: 4
 Periodic GC: Disabled

Heap:
 garbage-first heap   total 63488K, used 27047K [0x00000000c3600000, 0x0000000100000000)
  region size 1024K, 15 young (15360K), 1 survivors (1024K)
 Metaspace       used 16491K, capacity 16784K, committed 17024K, reserved 1067008K
  class space    used 1788K, capacity 1869K, committed 1920K, reserved 1048576K

Heap Regions: E=young(eden), S=young(survivor), O=old, HS=humongous(starts), HC=humongous(continues), CS=collection set, F=free, OA=open archive, CA=closed archive, TAMS=top-at-mark-start (previous, next)
|   0|0x00000000c3600000, 0x00000000c3700000, 0x00000000c3700000|100%|HS|  |TAMS 0x00000000c3600000, 0x00000000c3600000| Complete 
|   1|0x00000000c3700000, 0x00000000c3800000, 0x00000000c3800000|100%| O|  |TAMS 0x00000000c3700000, 0x00000000c3700000| Untracked 
|   2|0x00000000c3800000, 0x00000000c3900000, 0x00000000c3900000|100%| O|  |TAMS 0x00000000c3800000, 0x00000000c3800000| Untracked 
|   3|0x00000000c3900000, 0x00000000c3a00000, 0x00000000c3a00000|100%| O|  |TAMS 0x00000000c3900000, 0x00000000c3900000| Untracked 
|   4|0x00000000c3a00000, 0x00000000c3b00000, 0x00000000c3b00000|100%| O|  |TAMS 0x00000000c3a00000, 0x00000000c3a00000| Untracked 
|   5|0x00000000c3b00000, 0x00000000c3b69c00, 0x00000000c3c00000| 41%| O|  |TAMS 0x00000000c3b00000, 0x00000000c3b00000| Untracked 
|   6|0x00000000c3c00000, 0x00000000c3d00000, 0x00000000c3d00000|100%|HS|  |TAMS 0x00000000c3c00000, 0x00000000c3c00000| Complete 
|   7|0x00000000c3d00000, 0x00000000c3e00000, 0x00000000c3e00000|100%|HC|  |TAMS 0x00000000c3d00000, 0x00000000c3d00000| Complete 
|   8|0x00000000c3e00000, 0x00000000c3f00000, 0x00000000c3f00000|100%|HC|  |TAMS 0x00000000c3e00000, 0x00000000c3e00000| Complete 
|   9|0x00000000c3f00000, 0x00000000c4000000, 0x00000000c4000000|100%|HS|  |TAMS 0x00000000c3f00000, 0x00000000c3f00000| Complete 
|  10|0x00000000c4000000, 0x00000000c4100000, 0x00000000c4100000|100%|HC|  |TAMS 0x00000000c4000000, 0x00000000c4000000| Complete 
|  11|0x00000000c4100000, 0x00000000c4200000, 0x00000000c4200000|100%|HC|  |TAMS 0x00000000c4100000, 0x00000000c4100000| Complete 
|  12|0x00000000c4200000, 0x00000000c4300000, 0x00000000c4300000|100%|HC|  |TAMS 0x00000000c4200000, 0x00000000c4200000| Complete 
|  13|0x00000000c4300000, 0x00000000c4300000, 0x00000000c4400000|  0%| F|  |TAMS 0x00000000c4300000, 0x00000000c4300000| Untracked 
|  14|0x00000000c4400000, 0x00000000c4400000, 0x00000000c4500000|  0%| F|  |TAMS 0x00000000c4400000, 0x00000000c4400000| Untracked 
|  15|0x00000000c4500000, 0x00000000c4500000, 0x00000000c4600000|  0%| F|  |TAMS 0x00000000c4500000, 0x00000000c4500000| Untracked 
|  16|0x00000000c4600000, 0x00000000c4600000, 0x00000000c4700000|  0%| F|  |TAMS 0x00000000c4600000, 0x00000000c4600000| Untracked 
|  17|0x00000000c4700000, 0x00000000c4700000, 0x00000000c4800000|  0%| F|  |TAMS 0x00000000c4700000, 0x00000000c4700000| Untracked 
|  18|0x00000000c4800000, 0x00000000c4800000, 0x00000000c4900000|  0%| F|  |TAMS 0x00000000c4800000, 0x00000000c4800000| Untracked 
|  19|0x00000000c4900000, 0x00000000c4900000, 0x00000000c4a00000|  0%| F|  |TAMS 0x00000000c4900000, 0x00000000c4900000| Untracked 
|  20|0x00000000c4a00000, 0x00000000c4a00000, 0x00000000c4b00000|  0%| F|  |TAMS 0x00000000c4a00000, 0x00000000c4a00000| Untracked 
|  21|0x00000000c4b00000, 0x00000000c4b00000, 0x00000000c4c00000|  0%| F|  |TAMS 0x00000000c4b00000, 0x00000000c4b00000| Untracked 
|  22|0x00000000c4c00000, 0x00000000c4c00000, 0x00000000c4d00000|  0%| F|  |TAMS 0x00000000c4c00000, 0x00000000c4c00000| Untracked 
|  23|0x00000000c4d00000, 0x00000000c4d00000, 0x00000000c4e00000|  0%| F|  |TAMS 0x00000000c4d00000, 0x00000000c4d00000| Untracked 
|  24|0x00000000c4e00000, 0x00000000c4e00000, 0x00000000c4f00000|  0%| F|  |TAMS 0x00000000c4e00000, 0x00000000c4e00000| Untracked 
|  25|0x00000000c4f00000, 0x00000000c4f00000, 0x00000000c5000000|  0%| F|  |TAMS 0x00000000c4f00000, 0x00000000c4f00000| Untracked 
|  26|0x00000000c5000000, 0x00000000c5000000, 0x00000000c5100000|  0%| F|  |TAMS 0x00000000c5000000, 0x00000000c5000000| Untracked 
|  27|0x00000000c5100000, 0x00000000c5100000, 0x00000000c5200000|  0%| F|  |TAMS 0x00000000c5100000, 0x00000000c5100000| Untracked 
|  28|0x00000000c5200000, 0x00000000c5200000, 0x00000000c5300000|  0%| F|  |TAMS 0x00000000c5200000, 0x00000000c5200000| Untracked 
|  29|0x00000000c5300000, 0x00000000c5300000, 0x00000000c5400000|  0%| F|  |TAMS 0x00000000c5300000, 0x00000000c5300000| Untracked 
|  30|0x00000000c5400000, 0x00000000c5400000, 0x00000000c5500000|  0%| F|  |TAMS 0x00000000c5400000, 0x00000000c5400000| Untracked 
|  31|0x00000000c5500000, 0x00000000c5500000, 0x00000000c5600000|  0%| F|  |TAMS 0x00000000c5500000, 0x00000000c5500000| Untracked 
|  32|0x00000000c5600000, 0x00000000c5600000, 0x00000000c5700000|  0%| F|  |TAMS 0x00000000c5600000, 0x00000000c5600000| Untracked 
|  33|0x00000000c5700000, 0x00000000c5700000, 0x00000000c5800000|  0%| F|  |TAMS 0x00000000c5700000, 0x00000000c5700000| Untracked 
|  34|0x00000000c5800000, 0x00000000c5800000, 0x00000000c5900000|  0%| F|  |TAMS 0x00000000c5800000, 0x00000000c5800000| Untracked 
|  35|0x00000000c5900000, 0x00000000c5900000, 0x00000000c5a00000|  0%| F|  |TAMS 0x00000000c5900000, 0x00000000c5900000| Untracked 
|  36|0x00000000c5a00000, 0x00000000c5a00000, 0x00000000c5b00000|  0%| F|  |TAMS 0x00000000c5a00000, 0x00000000c5a00000| Untracked 
|  37|0x00000000c5b00000, 0x00000000c5b00000, 0x00000000c5c00000|  0%| F|  |TAMS 0x00000000c5b00000, 0x00000000c5b00000| Untracked 
|  38|0x00000000c5c00000, 0x00000000c5c00000, 0x00000000c5d00000|  0%| F|  |TAMS 0x00000000c5c00000, 0x00000000c5c00000| Untracked 
|  39|0x00000000c5d00000, 0x00000000c5d00000, 0x00000000c5e00000|  0%| F|  |TAMS 0x00000000c5d00000, 0x00000000c5d00000| Untracked 
|  40|0x00000000c5e00000, 0x00000000c5e00000, 0x00000000c5f00000|  0%| F|  |TAMS 0x00000000c5e00000, 0x00000000c5e00000| Untracked 
|  41|0x00000000c5f00000, 0x00000000c5f00000, 0x00000000c6000000|  0%| F|  |TAMS 0x00000000c5f00000, 0x00000000c5f00000| Untracked 
|  42|0x00000000c6000000, 0x00000000c6000000, 0x00000000c6100000|  0%| F|  |TAMS 0x00000000c6000000, 0x00000000c6000000| Untracked 
|  43|0x00000000c6100000, 0x00000000c6100000, 0x00000000c6200000|  0%| F|  |TAMS 0x00000000c6100000, 0x00000000c6100000| Untracked 
|  44|0x00000000c6200000, 0x00000000c6200000, 0x00000000c6300000|  0%| F|  |TAMS 0x00000000c6200000, 0x00000000c6200000| Untracked 
|  45|0x00000000c6300000, 0x00000000c6300000, 0x00000000c6400000|  0%| F|  |TAMS 0x00000000c6300000, 0x00000000c6300000| Untracked 
|  46|0x00000000c6400000, 0x00000000c6400000, 0x00000000c6500000|  0%| F|  |TAMS 0x00000000c6400000, 0x00000000c6400000| Untracked 
|  47|0x00000000c6500000, 0x00000000c6600000, 0x00000000c6600000|100%| E|  |TAMS 0x00000000c6500000, 0x00000000c6500000| Complete 
|  48|0x00000000c6600000, 0x00000000c6700000, 0x00000000c6700000|100%| E|CS|TAMS 0x00000000c6600000, 0x00000000c6600000| Complete 
|  49|0x00000000c6700000, 0x00000000c6800000, 0x00000000c6800000|100%| E|CS|TAMS 0x00000000c6700000, 0x00000000c6700000| Complete 
|  50|0x00000000c6800000, 0x00000000c6900000, 0x00000000c6900000|100%| E|CS|TAMS 0x00000000c6800000, 0x00000000c6800000| Complete 
|  51|0x00000000c6900000, 0x00000000c6a00000, 0x00000000c6a00000|100%| E|CS|TAMS 0x00000000c6900000, 0x00000000c6900000| Complete 
|  52|0x00000000c6a00000, 0x00000000c6b00000, 0x00000000c6b00000|100%| E|CS|TAMS 0x00000000c6a00000, 0x00000000c6a00000| Complete 
|  53|0x00000000c6b00000, 0x00000000c6c00000, 0x00000000c6c00000|100%| E|CS|TAMS 0x00000000c6b00000, 0x00000000c6b00000| Complete 
|  54|0x00000000c6c00000, 0x00000000c6d00000, 0x00000000c6d00000|100%| E|CS|TAMS 0x00000000c6c00000, 0x00000000c6c00000| Complete 
|  55|0x00000000c6d00000, 0x00000000c6e00000, 0x00000000c6e00000|100%| S|CS|TAMS 0x00000000c6d00000, 0x00000000c6d00000| Complete 
|  56|0x00000000c6e00000, 0x00000000c6f00000, 0x00000000c6f00000|100%| E|CS|TAMS 0x00000000c6e00000, 0x00000000c6e00000| Complete 
|  57|0x00000000c6f00000, 0x00000000c7000000, 0x00000000c7000000|100%| E|CS|TAMS 0x00000000c6f00000, 0x00000000c6f00000| Complete 
|  58|0x00000000c7000000, 0x00000000c7100000, 0x00000000c7100000|100%| E|CS|TAMS 0x00000000c7000000, 0x00000000c7000000| Complete 
|  59|0x00000000c7100000, 0x00000000c7200000, 0x00000000c7200000|100%| E|CS|TAMS 0x00000000c7100000, 0x00000000c7100000| Complete 
|  60|0x00000000c7200000, 0x00000000c7300000, 0x00000000c7300000|100%| E|CS|TAMS 0x00000000c7200000, 0x00000000c7200000| Complete 
|  61|0x00000000c7300000, 0x00000000c7400000, 0x00000000c7400000|100%| E|CS|TAMS 0x00000000c7300000, 0x00000000c7300000| Complete 

Card table byte_map: [0x00000292f51e0000,0x00000292f53d0000] _byte_map_base: 0x00000292f4bc5000

Marking Bits (Prev, Next): (CMBitMap*) 0x00000292ecddf790, (CMBitMap*) 0x00000292ecddf7d0
 Prev Bits: [0x00000292f55c0000, 0x00000292f64e8000)
 Next Bits: [0x00000292f64f0000, 0x00000292f7418000)

Polling page: 0x00000292ead40000

Metaspace:

Usage:
  Non-class:     14.57 MB capacity,    14.36 MB ( 99%) used,   187.88 KB (  1%) free+waste,    24.31 KB ( <1%) overhead. 
      Class:      1.83 MB capacity,     1.75 MB ( 96%) used,    71.75 KB (  4%) free+waste,     9.00 KB ( <1%) overhead. 
       Both:     16.39 MB capacity,    16.10 MB ( 98%) used,   259.62 KB (  2%) free+waste,    33.31 KB ( <1%) overhead. 

Virtual space:
  Non-class space:       18.00 MB reserved,      14.75 MB ( 82%) committed 
      Class space:        1.00 GB reserved,       1.88 MB ( <1%) committed 
             Both:        1.02 GB reserved,      16.62 MB (  2%) committed 

Chunk freelists:
   Non-Class:  61.00 KB
       Class:  0 bytes
        Both:  61.00 KB

MaxMetaspaceSize: 17179869184.00 GB
CompressedClassSpaceSize: 1.00 GB

CodeHeap 'non-profiled nmethods': size=120000Kb used=978Kb max_used=978Kb free=119021Kb
 bounds [0x0000029287ad0000, 0x0000029287d40000, 0x000002928f000000]
CodeHeap 'profiled nmethods': size=120000Kb used=5485Kb max_used=5485Kb free=114514Kb
 bounds [0x00000292805a0000, 0x0000029280b00000, 0x0000029287ad0000]
CodeHeap 'non-nmethods': size=5760Kb used=1365Kb max_used=1420Kb free=4394Kb
 bounds [0x0000029280000000, 0x0000029280270000, 0x00000292805a0000]
 total_blobs=3461 nmethods=2785 adapters=586
 compilation: enabled
              stopped_count=0, restarted_count=0
 full_count=0

Compilation events (20 events):
Event: 82.691 Thread 0x00000292fa0b0250 nmethod 2780 0x0000029280af7990 code [0x0000029280af7c00, 0x0000029280af87e8]
Event: 82.691 Thread 0x00000292fa0b0250 2781       3       sun.util.calendar.ZoneInfo::getTransitionIndex (156 bytes)
Event: 82.692 Thread 0x00000292fa0b0250 nmethod 2781 0x0000029280af8d90 code [0x0000029280af8f60, 0x0000029280af93d8]
Event: 82.692 Thread 0x00000292fa0b0250 2782       3       java.util.Calendar::getBaseStyle (6 bytes)
Event: 82.692 Thread 0x00000292fa0b0250 nmethod 2782 0x0000029280af9610 code [0x0000029280af97a0, 0x0000029280af98b8]
Event: 83.693 Thread 0x00000292fa0b0250 2783       3       java.util.Calendar::isSet (15 bytes)
Event: 83.694 Thread 0x00000292fa0b0250 nmethod 2783 0x0000029280af9990 code [0x0000029280af9b20, 0x0000029280af9cb8]
Event: 83.695 Thread 0x00000292fa0a4a50 2784       4       javax.swing.GroupLayout$SequentialGroup::setValidSize (144 bytes)
Event: 83.756 Thread 0x00000292fa0a4a50 nmethod 2784 0x0000029287bc2790 code [0x0000029287bc29c0, 0x0000029287bc3698]
Event: 86.711 Thread 0x00000292fa0a4a50 2785       4       javax.swing.JComponent::getBaselineResizeBehavior (20 bytes)
Event: 86.713 Thread 0x00000292fa0a4a50 nmethod 2785 0x0000029287bc4410 code [0x0000029287bc45a0, 0x0000029287bc4658]
Event: 87.715 Thread 0x00000292fa0b0250 2786       1       java.text.DecimalFormatSymbols::getZeroDigit (5 bytes)
Event: 87.716 Thread 0x00000292fa0b0250 nmethod 2786 0x0000029287bc4710 code [0x0000029287bc48a0, 0x0000029287bc4958]
Event: 87.716 Thread 0x00000292fa0a4a50 2787       4       javax.swing.GroupLayout$BaselineGroup::calculateSize (71 bytes)
Event: 87.716 Thread 0x00000292fa0b0250 2788       3       javax.swing.plaf.basic.BasicTextUI$RootView::getMinimumSpan (19 bytes)
Event: 87.716 Thread 0x00000292fa0b0250 nmethod 2788 0x0000029280af9d90 code [0x0000029280af9f60, 0x0000029280afa188]
Event: 87.716 Thread 0x00000292fa0b0250 2789       3       javax.swing.text.View::getMinimumSpan (18 bytes)
Event: 87.717 Thread 0x00000292fa0b0250 nmethod 2789 0x0000029280afa290 code [0x0000029280afa440, 0x0000029280afa738]
Event: 87.717 Thread 0x00000292fa0b0250 2790   !   3       java.awt.Container::minimumSize (88 bytes)
Event: 87.720 Thread 0x00000292fa0b0250 nmethod 2790 0x0000029280afa810 code [0x0000029280afaa20, 0x0000029280afb398]

GC Heap History (4 events):
Event: 38.724 GC heap before
{Heap before GC invocations=0 (full 0):
 garbage-first heap   total 63488K, used 14336K [0x00000000c3600000, 0x0000000100000000)
  region size 1024K, 13 young (13312K), 0 survivors (0K)
 Metaspace       used 10777K, capacity 11053K, committed 11264K, reserved 1060864K
  class space    used 1165K, capacity 1266K, committed 1280K, reserved 1048576K
}
Event: 38.732 GC heap after
{Heap after GC invocations=1 (full 0):
 garbage-first heap   total 63488K, used 4913K [0x00000000c3600000, 0x0000000100000000)
  region size 1024K, 2 young (2048K), 2 survivors (2048K)
 Metaspace       used 10777K, capacity 11053K, committed 11264K, reserved 1060864K
  class space    used 1165K, capacity 1266K, committed 1280K, reserved 1048576K
}
Event: 39.168 GC heap before
{Heap before GC invocations=1 (full 0):
 garbage-first heap   total 63488K, used 11057K [0x00000000c3600000, 0x0000000100000000)
  region size 1024K, 8 young (8192K), 2 survivors (2048K)
 Metaspace       used 13351K, capacity 13584K, committed 13824K, reserved 1064960K
  class space    used 1425K, capacity 1491K, committed 1536K, reserved 1048576K
}
Event: 39.173 GC heap after
{Heap after GC invocations=2 (full 0):
 garbage-first heap   total 63488K, used 6567K [0x00000000c3600000, 0x0000000100000000)
  region size 1024K, 1 young (1024K), 1 survivors (1024K)
 Metaspace       used 13351K, capacity 13584K, committed 13824K, reserved 1064960K
  class space    used 1425K, capacity 1491K, committed 1536K, reserved 1048576K
}

Deoptimization events (20 events):
Event: 58.295 Thread 0x00000292fadc81f0 DEOPT PACKING pc=0x0000029287b3a304 sp=0x000000a54a6fdd40
Event: 58.295 Thread 0x00000292fadc81f0 DEOPT UNPACKING pc=0x000002928004e42f sp=0x000000a54a6fdd08 mode 2
Event: 58.418 Thread 0x00000292fadc81f0 Uncommon trap: trap_request=0xffffffc6 fr.pc=0x0000029287b63e9c relative=0x000000000000103c
Event: 58.418 Thread 0x00000292fadc81f0 Uncommon trap: reason=bimorphic_or_optimized_type_check action=maybe_recompile pc=0x0000029287b63e9c method=javax.swing.GroupLayout$Group.calculateSize(II)I @ 57 c2
Event: 58.418 Thread 0x00000292fadc81f0 DEOPT PACKING pc=0x0000029287b63e9c sp=0x000000a54a6fcfa0
Event: 58.418 Thread 0x00000292fadc81f0 DEOPT UNPACKING pc=0x000002928004e42f sp=0x000000a54a6fcf38 mode 2
Event: 58.454 Thread 0x00000292fadc81f0 Uncommon trap: trap_request=0xffffffc6 fr.pc=0x0000029287b63e9c relative=0x000000000000103c
Event: 58.454 Thread 0x00000292fadc81f0 Uncommon trap: reason=bimorphic_or_optimized_type_check action=maybe_recompile pc=0x0000029287b63e9c method=javax.swing.GroupLayout$Group.calculateSize(II)I @ 57 c2
Event: 58.454 Thread 0x00000292fadc81f0 DEOPT PACKING pc=0x0000029287b63e9c sp=0x000000a54a6fd0d0
Event: 58.454 Thread 0x00000292fadc81f0 DEOPT UNPACKING pc=0x000002928004e42f sp=0x000000a54a6fd068 mode 2
Event: 58.454 Thread 0x00000292fadc81f0 Uncommon trap: trap_request=0xffffffc6 fr.pc=0x0000029287b63e9c relative=0x000000000000103c
Event: 58.454 Thread 0x00000292fadc81f0 Uncommon trap: reason=bimorphic_or_optimized_type_check action=maybe_recompile pc=0x0000029287b63e9c method=javax.swing.GroupLayout$Group.calculateSize(II)I @ 57 c2
Event: 58.454 Thread 0x00000292fadc81f0 DEOPT PACKING pc=0x0000029287b63e9c sp=0x000000a54a6fd1b0
Event: 58.454 Thread 0x00000292fadc81f0 DEOPT UNPACKING pc=0x000002928004e42f sp=0x000000a54a6fd148 mode 2
Event: 58.454 Thread 0x00000292fadc81f0 Uncommon trap: trap_request=0xffffffc6 fr.pc=0x0000029287b63e9c relative=0x000000000000103c
Event: 58.454 Thread 0x00000292fadc81f0 Uncommon trap: reason=bimorphic_or_optimized_type_check action=maybe_recompile pc=0x0000029287b63e9c method=javax.swing.GroupLayout$Group.calculateSize(II)I @ 57 c2
Event: 58.454 Thread 0x00000292fadc81f0 DEOPT PACKING pc=0x0000029287b63e9c sp=0x000000a54a6fd0c0
Event: 58.454 Thread 0x00000292fadc81f0 DEOPT UNPACKING pc=0x000002928004e42f sp=0x000000a54a6fd058 mode 2
Event: 58.492 Thread 0x00000292fadc81f0 DEOPT PACKING pc=0x00000292808f24dc sp=0x000000a54a6fea50
Event: 58.492 Thread 0x00000292fadc81f0 DEOPT UNPACKING pc=0x000002928004e23f sp=0x000000a54a6fdee8 mode 0

Classes unloaded (0 events):
No events

Classes redefined (0 events):
No events

Internal exceptions (20 events):
Event: 0.256 Thread 0x00000292ecdb08f0 Exception <a 'sun/nio/fs/WindowsException'{0x00000000c721e050}> (0x00000000c721e050) 
thrown [./open/src/hotspot/share/prims/jni.cpp, line 578]
Event: 0.256 Thread 0x00000292ecdb08f0 Exception <a 'sun/nio/fs/WindowsException'{0x00000000c721eaf8}> (0x00000000c721eaf8) 
thrown [./open/src/hotspot/share/prims/jni.cpp, line 578]
Event: 0.330 Thread 0x00000292ecdb08f0 Exception <a 'java/lang/NoSuchMethodError'{0x00000000c72f24e8}: 'void java.lang.invoke.DirectMethodHandle$Holder.invokeSpecial(java.lang.Object, java.lang.Object, java.lang.Object)'> (0x00000000c72f24e8) 
thrown [./open/src/hotspot/share/interpreter/linkResolver.cpp, line 782]
Event: 0.343 Thread 0x00000292ecdb08f0 Exception <a 'java/lang/ClassNotFoundException'{0x00000000c71070f0}: sun/awt/resources/spi/awtProvider> (0x00000000c71070f0) 
thrown [./open/src/hotspot/share/classfile/systemDictionary.cpp, line 295]
Event: 0.370 Thread 0x00000292ecdb08f0 Exception <a 'java/io/FileNotFoundException'{0x00000000c715da28}> (0x00000000c715da28) 
thrown [./open/src/hotspot/share/prims/jni.cpp, line 578]
Event: 0.383 Thread 0x00000292ecdb08f0 Exception <a 'java/io/FileNotFoundException'{0x00000000c718c460}> (0x00000000c718c460) 
thrown [./open/src/hotspot/share/prims/jni.cpp, line 578]
Event: 0.383 Thread 0x00000292ecdb08f0 Exception <a 'java/lang/NoSuchMethodError'{0x00000000c718d548}: 'java.lang.Object java.lang.invoke.DirectMethodHandle$Holder.invokeStatic(java.lang.Object)'> (0x00000000c718d548) 
thrown [./open/src/hotspot/share/interpreter/linkResolver.cpp, line 782]
Event: 0.430 Thread 0x00000292ecdb08f0 Exception <a 'java/lang/NoSuchMethodError'{0x00000000c71e32a0}: 'java.lang.Object java.lang.invoke.DirectMethodHandle$Holder.invokeStaticInit(java.lang.Object)'> (0x00000000c71e32a0) 
thrown [./open/src/hotspot/share/interpreter/linkResolver.cpp, line 782]
Event: 0.483 Thread 0x00000292ecdb08f0 Exception <a 'java/lang/NoSuchMethodError'{0x00000000c7098790}: 'java.lang.Object java.lang.invoke.DirectMethodHandle$Holder.newInvokeSpecial(java.lang.Object, java.lang.Object, java.lang.Object, java.lang.Object, java.lang.Object)'> (0x00000000c7098790) 
thrown [./open/src/hotspot/share/interpreter/linkResolver.cpp, line 782]
Event: 0.486 Thread 0x00000292ecdb08f0 Exception <a 'java/lang/NoSuchMethodError'{0x00000000c70a42a8}: 'java.lang.Object java.lang.invoke.DirectMethodHandle$Holder.invokeStatic(java.lang.Object, int, java.lang.Object, java.lang.Object, java.lang.Object, java.lang.Object)'> (0x00000000c70a42a8) 
thrown [./open/src/hotspot/share/interpreter/linkResolver.cpp, line 782]
Event: 0.494 Thread 0x00000292ecdb08f0 Exception <a 'java/lang/NoSuchMethodError'{0x00000000c70ca7a0}: 'java.lang.Object java.lang.invoke.DirectMethodHandle$Holder.invokeStatic(java.lang.Object, int, java.lang.Object)'> (0x00000000c70ca7a0) 
thrown [./open/src/hotspot/share/interpreter/linkResolver.cpp, line 782]
Event: 0.527 Thread 0x00000292ecdb08f0 Exception <a 'java/lang/ClassNotFoundException'{0x00000000c6f830b0}: com/sun/swing/internal/plaf/metal/resources/spi/metalProvider> (0x00000000c6f830b0) 
thrown [./open/src/hotspot/share/classfile/systemDictionary.cpp, line 295]
Event: 0.529 Thread 0x00000292ecdb08f0 Exception <a 'java/lang/ClassNotFoundException'{0x00000000c6f875c8}: com/sun/swing/internal/plaf/basic/resources/spi/basicProvider> (0x00000000c6f875c8) 
thrown [./open/src/hotspot/share/classfile/systemDictionary.cpp, line 295]
Event: 0.653 Thread 0x00000292fa5df4e0 Exception <a 'java/lang/NoSuchMethodError'{0x00000000c6d6a398}: 'java.lang.Object java.lang.invoke.DirectMethodHandle$Holder.newInvokeSpecial(java.lang.Object, java.lang.Object, java.lang.Object, int, int, int, int, int)'> (0x00000000c6d6a398) 
thrown [./open/src/hotspot/share/interpreter/linkResolver.cpp, line 782]
Event: 0.697 Thread 0x00000292ecdb08f0 Exception <a 'java/lang/NoSuchMethodError'{0x00000000c6ffc6e8}: 'void java.lang.invoke.DirectMethodHandle$Holder.invokeStaticInit(java.lang.Object)'> (0x00000000c6ffc6e8) 
thrown [./open/src/hotspot/share/interpreter/linkResolver.cpp, line 782]
Event: 38.553 Thread 0x00000292fadc81f0 Exception <a 'java/lang/NoSuchMethodError'{0x00000000c69f1bd0}: 'java.lang.Object java.lang.invoke.DirectMethodHandle$Holder.invokeInterface(java.lang.Object, java.lang.Object)'> (0x00000000c69f1bd0) 
thrown [./open/src/hotspot/share/interpreter/linkResolver.cpp, line 782]
Event: 38.646 Thread 0x00000292fadc81f0 Exception <a 'java/lang/NoSuchMethodError'{0x00000000c687f5e8}: 'void java.lang.invoke.DirectMethodHandle$Holder.invokeStatic(java.lang.Object, java.lang.Object, java.lang.Object)'> (0x00000000c687f5e8) 
thrown [./open/src/hotspot/share/interpreter/linkResolver.cpp, line 782]
Event: 38.660 Thread 0x00000292fadc81f0 Exception <a 'java/lang/NoSuchMethodError'{0x00000000c688a388}: 'java.lang.Object java.lang.invoke.DirectMethodHandle$Holder.invokeVirtual(java.lang.Object, java.lang.Object, java.lang.Object)'> (0x00000000c688a388) 
thrown [./open/src/hotspot/share/interpreter/linkResolver.cpp, line 782]
Event: 38.891 Thread 0x00000292fadc81f0 Exception <a 'java/lang/NoSuchMethodError'{0x00000000c72f27e8}: 'void java.lang.invoke.DirectMethodHandle$Holder.invokeStatic(java.lang.Object, java.lang.Object)'> (0x00000000c72f27e8) 
thrown [./open/src/hotspot/share/interpreter/linkResolver.cpp, line 782]
Event: 70.625 Thread 0x00000292fadc81f0 Exception <a 'java/lang/NoSuchMethodError'{0x00000000c67f1db0}: 'java.lang.Object java.lang.invoke.DelegatingMethodHandle$Holder.reinvoke_L(java.lang.Object, java.lang.Object, double, java.lang.Object, double)'> (0x00000000c67f1db0) 
thrown [./open/src/hotspot/share/interpreter/linkResolver.cpp, line 782]

Events (20 events):
Event: 70.621 loading class java/lang/invoke/BoundMethodHandle$Species_LLLLLLLLLLLLL
Event: 70.621 loading class java/lang/invoke/BoundMethodHandle$Species_LLLLLLLLLLLLL done
Event: 70.648 loading class sun/java2d/pipe/ShapeSpanIterator
Event: 70.649 loading class sun/java2d/pipe/SpanIterator
Event: 70.649 loading class sun/java2d/pipe/SpanIterator done
Event: 70.649 loading class sun/awt/geom/PathConsumer2D
Event: 70.672 loading class sun/awt/geom/PathConsumer2D done
Event: 70.673 loading class sun/java2d/pipe/ShapeSpanIterator done
Event: 74.498 Executing VM operation: HandshakeAllThreads
Event: 74.498 Executing VM operation: HandshakeAllThreads done
Event: 78.539 Executing VM operation: HandshakeAllThreads
Event: 78.539 Executing VM operation: HandshakeAllThreads done
Event: 78.680 loading class java/security/DomainCombiner
Event: 78.680 loading class java/security/DomainCombiner done
Event: 79.547 Executing VM operation: HandshakeAllThreads
Event: 79.547 Executing VM operation: HandshakeAllThreads done
Event: 81.568 Executing VM operation: HandshakeAllThreads
Event: 81.568 Executing VM operation: HandshakeAllThreads done
Event: 83.584 Executing VM operation: HandshakeAllThreads
Event: 83.585 Executing VM operation: HandshakeAllThreads done


Dynamic libraries:
0x00007ff659680000 - 0x00007ff65968f000 	C:\Program Files\Java\jdk-15\bin\java.exe
0x00007ffa71f70000 - 0x00007ffa72167000 	C:\WINDOWS\SYSTEM32\ntdll.dll
0x00007ffa71c40000 - 0x00007ffa71cfd000 	C:\WINDOWS\System32\KERNEL32.DLL
0x00007ffa6f7f0000 - 0x00007ffa6fae6000 	C:\WINDOWS\System32\KERNELBASE.dll
0x00007ffa6ff60000 - 0x00007ffa70060000 	C:\WINDOWS\System32\ucrtbase.dll
0x00007ffa6aac0000 - 0x00007ffa6aad9000 	C:\Program Files\Java\jdk-15\bin\VCRUNTIME140.dll
0x00007ffa60bd0000 - 0x00007ffa60be8000 	C:\Program Files\Java\jdk-15\bin\jli.dll
0x00007ffa70060000 - 0x00007ffa7010e000 	C:\WINDOWS\System32\ADVAPI32.dll
0x00007ffa71d10000 - 0x00007ffa71dae000 	C:\WINDOWS\System32\msvcrt.dll
0x00007ffa71db0000 - 0x00007ffa71e4c000 	C:\WINDOWS\System32\sechost.dll
0x00007ffa70310000 - 0x00007ffa70436000 	C:\WINDOWS\System32\RPCRT4.dll
0x00007ffa708b0000 - 0x00007ffa70a4e000 	C:\WINDOWS\System32\USER32.dll
0x00007ffa6fb20000 - 0x00007ffa6fb42000 	C:\WINDOWS\System32\win32u.dll
0x00007ffa5f270000 - 0x00007ffa5f50a000 	C:\WINDOWS\WinSxS\amd64_microsoft.windows.common-controls_6595b64144ccf1df_6.0.19041.3570_none_60bb2a3971f3e41a\COMCTL32.dll
0x00007ffa70170000 - 0x00007ffa7019c000 	C:\WINDOWS\System32\GDI32.dll
0x00007ffa6fba0000 - 0x00007ffa6fcba000 	C:\WINDOWS\System32\gdi32full.dll
0x00007ffa6f750000 - 0x00007ffa6f7ed000 	C:\WINDOWS\System32\msvcp_win.dll
0x00007ffa61170000 - 0x00007ffa6117a000 	C:\WINDOWS\SYSTEM32\VERSION.dll
0x00007ffa702d0000 - 0x00007ffa70300000 	C:\WINDOWS\System32\IMM32.DLL
0x00007ffa6b9c0000 - 0x00007ffa6b9cc000 	C:\Program Files\Java\jdk-15\bin\vcruntime140_1.dll
0x00007ffa5a200000 - 0x00007ffa5a291000 	C:\Program Files\Java\jdk-15\bin\msvcp140.dll
0x00007ffa43d30000 - 0x00007ffa4488c000 	C:\Program Files\Java\jdk-15\bin\server\jvm.dll
0x00007ffa71d00000 - 0x00007ffa71d08000 	C:\WINDOWS\System32\PSAPI.DLL
0x00007ffa60b50000 - 0x00007ffa60b59000 	C:\WINDOWS\SYSTEM32\WSOCK32.dll
0x00007ffa70c00000 - 0x00007ffa70c6b000 	C:\WINDOWS\System32\WS2_32.dll
0x00007ffa5ec70000 - 0x00007ffa5ec97000 	C:\WINDOWS\SYSTEM32\WINMM.dll
0x00007ffa6d760000 - 0x00007ffa6d772000 	C:\WINDOWS\SYSTEM32\kernel.appcore.dll
0x00007ffa66220000 - 0x00007ffa6622a000 	C:\Program Files\Java\jdk-15\bin\jimage.dll
0x00007ffa6d2e0000 - 0x00007ffa6d4c4000 	C:\WINDOWS\SYSTEM32\DBGHELP.DLL
0x00007ffa5b5b0000 - 0x00007ffa5b5e4000 	C:\WINDOWS\SYSTEM32\dbgcore.DLL
0x00007ffa6fd70000 - 0x00007ffa6fdf2000 	C:\WINDOWS\System32\bcryptPrimitives.dll
0x00007ffa67e80000 - 0x00007ffa67ea5000 	C:\Program Files\Java\jdk-15\bin\java.dll
0x00007ffa71490000 - 0x00007ffa71bd4000 	C:\WINDOWS\System32\SHELL32.dll
0x00007ffa6d780000 - 0x00007ffa6df1b000 	C:\WINDOWS\SYSTEM32\windows.storage.dll
0x00007ffa70d40000 - 0x00007ffa71094000 	C:\WINDOWS\System32\combase.dll
0x00007ffa6f050000 - 0x00007ffa6f07d000 	C:\WINDOWS\SYSTEM32\Wldp.dll
0x00007ffa71340000 - 0x00007ffa713ed000 	C:\WINDOWS\System32\SHCORE.dll
0x00007ffa71be0000 - 0x00007ffa71c35000 	C:\WINDOWS\System32\shlwapi.dll
0x00007ffa6f610000 - 0x00007ffa6f635000 	C:\WINDOWS\SYSTEM32\profapi.dll
0x00007ffa60b80000 - 0x00007ffa60b99000 	C:\Program Files\Java\jdk-15\bin\net.dll
0x00007ffa60d80000 - 0x00007ffa60e8a000 	C:\WINDOWS\SYSTEM32\WINHTTP.dll
0x00007ffa6edb0000 - 0x00007ffa6ee1a000 	C:\WINDOWS\system32\mswsock.dll
0x00007ffa5ede0000 - 0x00007ffa5edf2000 	C:\Program Files\Java\jdk-15\bin\nio.dll
0x00007ffa66ac0000 - 0x00007ffa66ad8000 	C:\Program Files\Java\jdk-15\bin\zip.dll
0x00007ffa27910000 - 0x00007ffa27a90000 	C:\Program Files\Java\jdk-15\bin\awt.dll
0x00007ffa70c70000 - 0x00007ffa70d3d000 	C:\WINDOWS\System32\OLEAUT32.dll
0x00007ffa6cb10000 - 0x00007ffa6cba0000 	C:\WINDOWS\SYSTEM32\apphelp.dll
0x00007ffa6cde0000 - 0x00007ffa6ce0f000 	C:\WINDOWS\system32\DWMAPI.DLL
0x00007ffa6cc60000 - 0x00007ffa6ccfe000 	C:\WINDOWS\system32\uxtheme.dll
0x00007ffa5aa70000 - 0x00007ffa5ab95000 	C:\WINDOWS\system32\opengl32.dll
0x00007ffa5aa40000 - 0x00007ffa5aa6c000 	C:\WINDOWS\SYSTEM32\GLU32.dll
0x00007ffa701a0000 - 0x00007ffa702b4000 	C:\WINDOWS\System32\MSCTF.dll
0x00007ffa71100000 - 0x00007ffa7122b000 	C:\WINDOWS\System32\ole32.dll
0x00007ffa5eb90000 - 0x00007ffa5ebbd000 	C:\Program Files\Java\jdk-15\bin\javajpeg.dll
0x00007ffa49b00000 - 0x00007ffa49b85000 	C:\Program Files\Java\jdk-15\bin\freetype.dll
0x00007ffa3c8f0000 - 0x00007ffa3c999000 	C:\Program Files\Java\jdk-15\bin\fontmanager.dll
0x00007ffa71290000 - 0x00007ffa71339000 	C:\WINDOWS\System32\clbcatq.dll
0x00007ffa69f70000 - 0x00007ffa6a124000 	C:\WINDOWS\SYSTEM32\WindowsCodecs.dll
0x00007ffa6faf0000 - 0x00007ffa6fb17000 	C:\WINDOWS\System32\bcrypt.dll
0x00007ffa575b0000 - 0x00007ffa575ee000 	C:\WINDOWS\system32\dataexchange.dll
0x00007ffa6c000000 - 0x00007ffa6c1e3000 	C:\WINDOWS\system32\dcomp.dll
0x00007ffa6b130000 - 0x00007ffa6b393000 	C:\WINDOWS\system32\d3d11.dll
0x00007ffa6df80000 - 0x00007ffa6e073000 	C:\WINDOWS\system32\dxgi.dll
0x00007ffa69b40000 - 0x00007ffa69d47000 	C:\WINDOWS\system32\twinapi.appcore.dll
0x00007ffa665c0000 - 0x00007ffa666ba000 	C:\WINDOWS\SYSTEM32\textinputframework.dll
0x00007ffa6c8d0000 - 0x00007ffa6c9c2000 	C:\WINDOWS\System32\CoreMessaging.dll
0x00007ffa6c570000 - 0x00007ffa6c8cb000 	C:\WINDOWS\System32\CoreUIComponents.dll
0x00007ffa6e7e0000 - 0x00007ffa6e813000 	C:\WINDOWS\SYSTEM32\ntmarta.dll
0x00007ffa6b3a0000 - 0x00007ffa6b4f5000 	C:\WINDOWS\SYSTEM32\wintypes.dll
0x00007ffa57890000 - 0x00007ffa5793c000 	C:\WINDOWS\SYSTEM32\TextShaping.dll
0x00007ffa6eae0000 - 0x00007ffa6ebaa000 	C:\WINDOWS\SYSTEM32\DNSAPI.dll
0x00007ffa6eaa0000 - 0x00007ffa6eadb000 	C:\WINDOWS\SYSTEM32\IPHLPAPI.DLL
0x00007ffa70300000 - 0x00007ffa70308000 	C:\WINDOWS\System32\NSI.dll
0x00007ffa5ffe0000 - 0x00007ffa5ffea000 	C:\Windows\System32\rasadhlp.dll
0x00007ffa60100000 - 0x00007ffa60182000 	C:\WINDOWS\System32\fwpuclnt.dll

dbghelp: loaded successfully - version: 4.0.5 - missing functions: none
symbol engine: initialized successfully - sym options: 0x614 - pdb path: .;C:\Program Files\Java\jdk-15\bin;C:\WINDOWS\SYSTEM32;C:\WINDOWS\WinSxS\amd64_microsoft.windows.common-controls_6595b64144ccf1df_6.0.19041.3570_none_60bb2a3971f3e41a;C:\Program Files\Java\jdk-15\bin\server

VM Arguments:
jvm_args: -Dfile.encoding=UTF-8 --module-path=C:\Users\aysha\Documents\NetBeansProjects\java_CRUD\build\classes 
java_command: java_crud.Java_CRUD
java_class_path (initial): C:\Users\aysha\Desktop\lbr\MySqlJdbcDriver\mysql-connector-j-8.1.0.jar;C:\Users\aysha\Desktop\Libraries\rs2xml.jar;C:\Users\aysha\Documents\NetBeansProjects\java_CRUD\build\classes
Launcher Type: SUN_STANDARD

[Global flags]
     intx CICompilerCount                          = 3                                         {product} {ergonomic}
     uint ConcGCThreads                            = 1                                         {product} {ergonomic}
     uint G1ConcRefinementThreads                  = 4                                         {product} {ergonomic}
   size_t G1HeapRegionSize                         = 1048576                                   {product} {ergonomic}
    uintx GCDrainStackTargetSize                   = 64                                        {product} {ergonomic}
   size_t InitialHeapSize                          = 65011712                                  {product} {ergonomic}
   size_t MarkStackSize                            = 4194304                                   {product} {ergonomic}
   size_t MaxHeapSize                              = 1017118720                                {product} {ergonomic}
   size_t MaxNewSize                               = 610271232                                 {product} {ergonomic}
   size_t MinHeapDeltaBytes                        = 1048576                                   {product} {ergonomic}
   size_t MinHeapSize                              = 8388608                                   {product} {ergonomic}
    uintx NonNMethodCodeHeapSize                   = 5832780                                {pd product} {ergonomic}
    uintx NonProfiledCodeHeapSize                  = 122912730                              {pd product} {ergonomic}
    uintx ProfiledCodeHeapSize                     = 122912730                              {pd product} {ergonomic}
    uintx ReservedCodeCacheSize                    = 251658240                              {pd product} {ergonomic}
     bool SegmentedCodeCache                       = true                                      {product} {ergonomic}
   size_t SoftMaxHeapSize                          = 1017118720                             {manageable} {ergonomic}
     bool UseCompressedClassPointers               = true                                 {lp64_product} {ergonomic}
     bool UseCompressedOops                        = true                                 {lp64_product} {ergonomic}
     bool UseG1GC                                  = true                                      {product} {ergonomic}
     bool UseLargePagesIndividualAllocation        = false                                  {pd product} {ergonomic}

Logging:
Log output configuration:
 #0: stdout all=warning uptime,level,tags
 #1: stderr all=off uptime,level,tags

Environment Variables:
JAVA_HOME=C:\Program Files\Java\jdk-15
PATH=C:\Program Files\Common Files\Oracle\Java\javapath;C:\WINDOWS\system32;C:\WINDOWS;C:\WINDOWS\System32\Wbem;C:\WINDOWS\System32\WindowsPowerShell\v1.0\;C:\WINDOWS\System32\OpenSSH\;C:\Program Files\Microsoft SQL Server\150\Tools\Binn\;C:\Program Files\Microsoft\Web Platform Installer\;C:\Program Files (x86)\Microsoft ASP.NET\ASP.NET Web Pages\v1.0\;C:\Program Files (x86)\Windows Kits\8.0\Windows Performance Toolkit\;C:\Program Files\Microsoft SQL Server\110\Tools\Binn\;C:\Program Files\Java\jdk-15\bin;C:\Program Files\MySQL\MySQL Shell 8.0\bin\;C:\Users\aysha\AppData\Local\Microsoft\WindowsApps;C:\Users\aysha\AppData\Local\Programs\Microsoft VS Code\bin
USERNAME=aysha
OS=Windows_NT
PROCESSOR_IDENTIFIER=Intel64 Family 6 Model 142 Stepping 9, GenuineIntel



---------------  S Y S T E M  ---------------

OS:
 Windows 10 , 64 bit Build 19041 (10.0.19041.3570)
OS uptime: 0 days 10:17 hours

CPU: total 4 (initial active 4) (2 cores per cpu, 2 threads per core) family 6 model 142 stepping 9, cmov, cx8, fxsr, mmx, sse, sse2, sse3, ssse3, sse4.1, sse4.2, popcnt, vzeroupper, avx, avx2, aes, clmul, erms, 3dnowpref, lzcnt, ht, tsc, tscinvbit, bmi1, bmi2, adx, fma, clflush, clflushopt

Memory: 4k page, system-wide physical 3879M (428M free)
TotalPageFile size 15655M (AvailPageFile size 3M)
current process WorkingSet (physical memory assigned to process): 129M, peak: 129M
current process commit charge ("private bytes"): 193M, peak: 193M

vm_info: Java HotSpot(TM) 64-Bit Server VM (15+36-1562) for windows-amd64 JRE (15+36-1562), built on Aug 11 2020 22:38:02 by "mach5one" with unknown MS VC++:1925

END.
