#
# There is insufficient memory for the Java Runtime Environment to continue.
# Native memory allocation (malloc) failed to allocate 178432 bytes for Chunk::new
# Possible reasons:
#   The system is out of physical RAM or swap space
#   The process is running with CompressedOops enabled, and the Java Heap may be blocking the growth of the native heap
# Possible solutions:
#   Reduce memory load on the system
#   Increase physical memory or swap space
#   Check if swap backing store is full
#   Decrease Java heap size (-Xmx/-Xms)
#   Decrease number of Java threads
#   Decrease Java thread stack sizes (-Xss)
#   Set larger code cache with -XX:ReservedCodeCacheSize=
#   JVM is running with Unscaled Compressed Oops mode in which the Java heap is
#     placed in the first 4GB address space. The Java Heap base address is the
#     maximum limit for the native heap growth. Please use -XX:HeapBaseMinAddress
#     to set the Java Heap base and to place the Java Heap above 4GB virtual address.
# This output file may be truncated or incomplete.
#
#  Out of Memory Error (./open/src/hotspot/share/memory/arena.cpp:195), pid=17580, tid=8416
#
# JRE version: Java(TM) SE Runtime Environment (15.0+36) (build 15+36-1562)
# Java VM: Java HotSpot(TM) 64-Bit Server VM (15+36-1562, mixed mode, sharing, tiered, compressed oops, g1 gc, windows-amd64)
# No core dump will be written. Minidumps are not enabled by default on client versions of Windows
#

---------------  S U M M A R Y ------------

Command Line: -Dfile.encoding=UTF-8 -agentlib:jdwp=transport=dt_shmem,address=javadebug1209 --module-path=C:\Users\aysha\Documents\NetBeansProjects\java_CRUD\build\classes java_crud.Java_CRUD

Host: Intel(R) Core(TM) i3-7100U CPU @ 2.40GHz, 4 cores, 3G,  Windows 10 , 64 bit Build 19041 (10.0.19041.3570)
Time: Wed Dec  6 00:00:41 2023 Sri Lanka Standard Time elapsed time: 80.335161 seconds (0d 0h 1m 20s)

---------------  T H R E A D  ---------------

Current thread (0x000002a11d18f970):  JavaThread "C2 CompilerThread0" daemon [_thread_in_native, id=8416, stack(0x000000db5c600000,0x000000db5c700000)]


Current CompileTask:
C2:  80335  825       4       java.util.HashMap::put (13 bytes)

Stack: [0x000000db5c600000,0x000000db5c700000]
Native frames: (J=compiled Java code, j=interpreted, Vv=VM code, C=native code)
V  [jvm.dll+0x629eaa]
V  [jvm.dll+0x780379]
V  [jvm.dll+0x781ad3]
V  [jvm.dll+0x782133]
V  [jvm.dll+0x2159d5]
V  [jvm.dll+0x9794a]
V  [jvm.dll+0x9802c]
V  [jvm.dll+0x32dc35]
V  [jvm.dll+0x18db3a]
V  [jvm.dll+0x1e9ef2]
V  [jvm.dll+0x1e903e]
V  [jvm.dll+0x177f17]
V  [jvm.dll+0x1f88f5]
V  [jvm.dll+0x1f699c]
V  [jvm.dll+0x74384d]
V  [jvm.dll+0x73c64a]
V  [jvm.dll+0x628d16]
C  [ucrtbase.dll+0x21bb2]
C  [KERNEL32.DLL+0x17344]
C  [ntdll.dll+0x526b1]


---------------  P R O C E S S  ---------------

Threads class SMR info:
_java_thread_list=0x000002a11e0c3b70, length=21, elements={
0x000002a17fa1fe70, 0x000002a17fafe9f0, 0x000002a11d16a2b0, 0x000002a11d180630,
0x000002a11d183000, 0x000002a11d184ac0, 0x000002a11d18f970, 0x000002a11d1b3a20,
0x000002a11da30020, 0x000002a11d15dff0, 0x000002a11db41380, 0x000002a11db9e940,
0x000002a11db9f420, 0x000002a11dc12f50, 0x000002a11dd3a7f0, 0x000002a11dc92c20,
0x000002a11d1f8060, 0x000002a11dd9f0f0, 0x000002a11dd9f9f0, 0x000002a11e18df40,
0x000002a11e18b3f0
}

Java Threads: ( => current thread )
  0x000002a17fa1fe70 JavaThread "main" [_thread_in_native, id=18752, stack(0x000000db5ba00000,0x000000db5bb00000)]
  0x000002a17fafe9f0 JavaThread "Reference Handler" daemon [_thread_blocked, id=8096, stack(0x000000db5c100000,0x000000db5c200000)]
  0x000002a11d16a2b0 JavaThread "Finalizer" daemon [_thread_blocked, id=10336, stack(0x000000db5c200000,0x000000db5c300000)]
  0x000002a11d180630 JavaThread "Signal Dispatcher" daemon [_thread_blocked, id=3088, stack(0x000000db5c300000,0x000000db5c400000)]
  0x000002a11d183000 JavaThread "Attach Listener" daemon [_thread_blocked, id=9296, stack(0x000000db5c400000,0x000000db5c500000)]
  0x000002a11d184ac0 JavaThread "Service Thread" daemon [_thread_blocked, id=8504, stack(0x000000db5c500000,0x000000db5c600000)]
=>0x000002a11d18f970 JavaThread "C2 CompilerThread0" daemon [_thread_in_native, id=8416, stack(0x000000db5c600000,0x000000db5c700000)]
  0x000002a11d1b3a20 JavaThread "C1 CompilerThread0" daemon [_thread_blocked, id=2200, stack(0x000000db5c700000,0x000000db5c800000)]
  0x000002a11da30020 JavaThread "Sweeper thread" daemon [_thread_blocked, id=4980, stack(0x000000db5c800000,0x000000db5c900000)]
  0x000002a11d15dff0 JavaThread "Common-Cleaner" daemon [_thread_blocked, id=8408, stack(0x000000db5c900000,0x000000db5ca00000)]
  0x000002a11db41380 JavaThread "JDWP Transport Listener: dt_shmem" daemon [_thread_blocked, id=20316, stack(0x000000db5ca00000,0x000000db5cb00000)]
  0x000002a11db9e940 JavaThread "JDWP Event Helper Thread" daemon [_thread_blocked, id=20320, stack(0x000000db5cb00000,0x000000db5cc00000)]
  0x000002a11db9f420 JavaThread "JDWP Command Reader" daemon [_thread_in_native, id=20352, stack(0x000000db5cc00000,0x000000db5cd00000)]
  0x000002a11dc12f50 JavaThread "Notification Thread" daemon [_thread_blocked, id=9752, stack(0x000000db5cd00000,0x000000db5ce00000)]
  0x000002a11dd3a7f0 JavaThread "Java2D Disposer" daemon [_thread_blocked, id=10800, stack(0x000000db5cf00000,0x000000db5d000000)]
  0x000002a11dc92c20 JavaThread "AWT-Windows" daemon [_thread_in_native, id=7872, stack(0x000000db5d100000,0x000000db5d200000)]
  0x000002a11d1f8060 JavaThread "Image Fetcher 0" daemon [_thread_blocked, id=18920, stack(0x000000db5b900000,0x000000db5ba00000)]
  0x000002a11dd9f0f0 JavaThread "Image Fetcher 1" daemon [_thread_blocked, id=14752, stack(0x000000db5d000000,0x000000db5d100000)]
  0x000002a11dd9f9f0 JavaThread "AWT-Shutdown" [_thread_blocked, id=19236, stack(0x000000db5d200000,0x000000db5d300000)]
  0x000002a11e18df40 JavaThread "AWT-EventQueue-0" [_thread_blocked, id=14976, stack(0x000000db5d300000,0x000000db5d400000)]
  0x000002a11e18b3f0 JavaThread "org.netbeans.modules.debugger.jpda.visual AWT Access Loop" daemon [_thread_blocked, id=15060, stack(0x000000db5d400000,0x000000db5d500000)]

Other Threads:
  0x000002a11d168540 VMThread "VM Thread" [stack: 0x000000db5c000000,0x000000db5c100000] [id=19368]
  0x000002a17fa20fa0 WatcherThread [stack: 0x000000db5ce00000,0x000000db5cf00000] [id=12924]
  0x000002a17fa4e470 GCTaskThread "GC Thread#0" [stack: 0x000000db5bb00000,0x000000db5bc00000] [id=19324]
  0x000002a17fa57080 ConcurrentGCThread "G1 Main Marker" [stack: 0x000000db5bc00000,0x000000db5bd00000] [id=19328]
  0x000002a17fa57cf0 ConcurrentGCThread "G1 Conc#0" [stack: 0x000000db5bd00000,0x000000db5be00000] [id=19332]
  0x000002a17facef10 ConcurrentGCThread "G1 Refine#0" [stack: 0x000000db5be00000,0x000000db5bf00000] [id=19348]
  0x000002a17fad0a40 ConcurrentGCThread "G1 Young RemSet Sampling" [stack: 0x000000db5bf00000,0x000000db5c000000] [id=19352]

Threads with active compile tasks:
C2 CompilerThread0    80471  825       4       java.util.HashMap::put (13 bytes)

VM state: not at safepoint (normal execution)

VM Mutex/Monitor currently owned by a thread: None

Heap address: 0x00000000c3600000, size: 970 MB, Compressed Oops mode: 32-bit
CDS archive(s) mapped at: [0x0000000800000000-0x0000000800b50000-0x0000000800b50000), size 11862016, SharedBaseAddress: 0x0000000800000000, ArchiveRelocationMode: 0.
Compressed class space mapped at: 0x0000000800b50000-0x0000000840b50000, size: 1073741824
Narrow klass base: 0x0000000800000000, Narrow klass shift: 3, Narrow klass range: 0x100000000

GC Precious Log:
 CPUs: 4 total, 4 available
 Memory: 3879M
 Large Page Support: Disabled
 NUMA Support: Disabled
 Compressed Oops: Enabled (32-bit)
 Heap Region Size: 1M
 Heap Min Capacity: 8M
 Heap Initial Capacity: 62M
 Heap Max Capacity: 970M
 Pre-touch: Disabled
 Parallel Workers: 4
 Concurrent Workers: 1
 Concurrent Refinement Workers: 4
 Periodic GC: Disabled

Heap:
 garbage-first heap   total 63488K, used 8192K [0x00000000c3600000, 0x0000000100000000)
  region size 1024K, 9 young (9216K), 0 survivors (0K)
 Metaspace       used 7999K, capacity 8247K, committed 8448K, reserved 1056768K
  class space    used 893K, capacity 970K, committed 1024K, reserved 1048576K

Heap Regions: E=young(eden), S=young(survivor), O=old, HS=humongous(starts), HC=humongous(continues), CS=collection set, F=free, OA=open archive, CA=closed archive, TAMS=top-at-mark-start (previous, next)
|   0|0x00000000c3600000, 0x00000000c3600000, 0x00000000c3700000|  0%| F|  |TAMS 0x00000000c3600000, 0x00000000c3600000| Untracked 
|   1|0x00000000c3700000, 0x00000000c3700000, 0x00000000c3800000|  0%| F|  |TAMS 0x00000000c3700000, 0x00000000c3700000| Untracked 
|   2|0x00000000c3800000, 0x00000000c3800000, 0x00000000c3900000|  0%| F|  |TAMS 0x00000000c3800000, 0x00000000c3800000| Untracked 
|   3|0x00000000c3900000, 0x00000000c3900000, 0x00000000c3a00000|  0%| F|  |TAMS 0x00000000c3900000, 0x00000000c3900000| Untracked 
|   4|0x00000000c3a00000, 0x00000000c3a00000, 0x00000000c3b00000|  0%| F|  |TAMS 0x00000000c3a00000, 0x00000000c3a00000| Untracked 
|   5|0x00000000c3b00000, 0x00000000c3b00000, 0x00000000c3c00000|  0%| F|  |TAMS 0x00000000c3b00000, 0x00000000c3b00000| Untracked 
|   6|0x00000000c3c00000, 0x00000000c3c00000, 0x00000000c3d00000|  0%| F|  |TAMS 0x00000000c3c00000, 0x00000000c3c00000| Untracked 
|   7|0x00000000c3d00000, 0x00000000c3d00000, 0x00000000c3e00000|  0%| F|  |TAMS 0x00000000c3d00000, 0x00000000c3d00000| Untracked 
|   8|0x00000000c3e00000, 0x00000000c3e00000, 0x00000000c3f00000|  0%| F|  |TAMS 0x00000000c3e00000, 0x00000000c3e00000| Untracked 
|   9|0x00000000c3f00000, 0x00000000c3f00000, 0x00000000c4000000|  0%| F|  |TAMS 0x00000000c3f00000, 0x00000000c3f00000| Untracked 
|  10|0x00000000c4000000, 0x00000000c4000000, 0x00000000c4100000|  0%| F|  |TAMS 0x00000000c4000000, 0x00000000c4000000| Untracked 
|  11|0x00000000c4100000, 0x00000000c4100000, 0x00000000c4200000|  0%| F|  |TAMS 0x00000000c4100000, 0x00000000c4100000| Untracked 
|  12|0x00000000c4200000, 0x00000000c4200000, 0x00000000c4300000|  0%| F|  |TAMS 0x00000000c4200000, 0x00000000c4200000| Untracked 
|  13|0x00000000c4300000, 0x00000000c4300000, 0x00000000c4400000|  0%| F|  |TAMS 0x00000000c4300000, 0x00000000c4300000| Untracked 
|  14|0x00000000c4400000, 0x00000000c4400000, 0x00000000c4500000|  0%| F|  |TAMS 0x00000000c4400000, 0x00000000c4400000| Untracked 
|  15|0x00000000c4500000, 0x00000000c4500000, 0x00000000c4600000|  0%| F|  |TAMS 0x00000000c4500000, 0x00000000c4500000| Untracked 
|  16|0x00000000c4600000, 0x00000000c4600000, 0x00000000c4700000|  0%| F|  |TAMS 0x00000000c4600000, 0x00000000c4600000| Untracked 
|  17|0x00000000c4700000, 0x00000000c4700000, 0x00000000c4800000|  0%| F|  |TAMS 0x00000000c4700000, 0x00000000c4700000| Untracked 
|  18|0x00000000c4800000, 0x00000000c4800000, 0x00000000c4900000|  0%| F|  |TAMS 0x00000000c4800000, 0x00000000c4800000| Untracked 
|  19|0x00000000c4900000, 0x00000000c4900000, 0x00000000c4a00000|  0%| F|  |TAMS 0x00000000c4900000, 0x00000000c4900000| Untracked 
|  20|0x00000000c4a00000, 0x00000000c4a00000, 0x00000000c4b00000|  0%| F|  |TAMS 0x00000000c4a00000, 0x00000000c4a00000| Untracked 
|  21|0x00000000c4b00000, 0x00000000c4b00000, 0x00000000c4c00000|  0%| F|  |TAMS 0x00000000c4b00000, 0x00000000c4b00000| Untracked 
|  22|0x00000000c4c00000, 0x00000000c4c00000, 0x00000000c4d00000|  0%| F|  |TAMS 0x00000000c4c00000, 0x00000000c4c00000| Untracked 
|  23|0x00000000c4d00000, 0x00000000c4d00000, 0x00000000c4e00000|  0%| F|  |TAMS 0x00000000c4d00000, 0x00000000c4d00000| Untracked 
|  24|0x00000000c4e00000, 0x00000000c4e00000, 0x00000000c4f00000|  0%| F|  |TAMS 0x00000000c4e00000, 0x00000000c4e00000| Untracked 
|  25|0x00000000c4f00000, 0x00000000c4f00000, 0x00000000c5000000|  0%| F|  |TAMS 0x00000000c4f00000, 0x00000000c4f00000| Untracked 
|  26|0x00000000c5000000, 0x00000000c5000000, 0x00000000c5100000|  0%| F|  |TAMS 0x00000000c5000000, 0x00000000c5000000| Untracked 
|  27|0x00000000c5100000, 0x00000000c5100000, 0x00000000c5200000|  0%| F|  |TAMS 0x00000000c5100000, 0x00000000c5100000| Untracked 
|  28|0x00000000c5200000, 0x00000000c5200000, 0x00000000c5300000|  0%| F|  |TAMS 0x00000000c5200000, 0x00000000c5200000| Untracked 
|  29|0x00000000c5300000, 0x00000000c5300000, 0x00000000c5400000|  0%| F|  |TAMS 0x00000000c5300000, 0x00000000c5300000| Untracked 
|  30|0x00000000c5400000, 0x00000000c5400000, 0x00000000c5500000|  0%| F|  |TAMS 0x00000000c5400000, 0x00000000c5400000| Untracked 
|  31|0x00000000c5500000, 0x00000000c5500000, 0x00000000c5600000|  0%| F|  |TAMS 0x00000000c5500000, 0x00000000c5500000| Untracked 
|  32|0x00000000c5600000, 0x00000000c5600000, 0x00000000c5700000|  0%| F|  |TAMS 0x00000000c5600000, 0x00000000c5600000| Untracked 
|  33|0x00000000c5700000, 0x00000000c5700000, 0x00000000c5800000|  0%| F|  |TAMS 0x00000000c5700000, 0x00000000c5700000| Untracked 
|  34|0x00000000c5800000, 0x00000000c5800000, 0x00000000c5900000|  0%| F|  |TAMS 0x00000000c5800000, 0x00000000c5800000| Untracked 
|  35|0x00000000c5900000, 0x00000000c5900000, 0x00000000c5a00000|  0%| F|  |TAMS 0x00000000c5900000, 0x00000000c5900000| Untracked 
|  36|0x00000000c5a00000, 0x00000000c5a00000, 0x00000000c5b00000|  0%| F|  |TAMS 0x00000000c5a00000, 0x00000000c5a00000| Untracked 
|  37|0x00000000c5b00000, 0x00000000c5b00000, 0x00000000c5c00000|  0%| F|  |TAMS 0x00000000c5b00000, 0x00000000c5b00000| Untracked 
|  38|0x00000000c5c00000, 0x00000000c5c00000, 0x00000000c5d00000|  0%| F|  |TAMS 0x00000000c5c00000, 0x00000000c5c00000| Untracked 
|  39|0x00000000c5d00000, 0x00000000c5d00000, 0x00000000c5e00000|  0%| F|  |TAMS 0x00000000c5d00000, 0x00000000c5d00000| Untracked 
|  40|0x00000000c5e00000, 0x00000000c5e00000, 0x00000000c5f00000|  0%| F|  |TAMS 0x00000000c5e00000, 0x00000000c5e00000| Untracked 
|  41|0x00000000c5f00000, 0x00000000c5f00000, 0x00000000c6000000|  0%| F|  |TAMS 0x00000000c5f00000, 0x00000000c5f00000| Untracked 
|  42|0x00000000c6000000, 0x00000000c6000000, 0x00000000c6100000|  0%| F|  |TAMS 0x00000000c6000000, 0x00000000c6000000| Untracked 
|  43|0x00000000c6100000, 0x00000000c6100000, 0x00000000c6200000|  0%| F|  |TAMS 0x00000000c6100000, 0x00000000c6100000| Untracked 
|  44|0x00000000c6200000, 0x00000000c6200000, 0x00000000c6300000|  0%| F|  |TAMS 0x00000000c6200000, 0x00000000c6200000| Untracked 
|  45|0x00000000c6300000, 0x00000000c6300000, 0x00000000c6400000|  0%| F|  |TAMS 0x00000000c6300000, 0x00000000c6300000| Untracked 
|  46|0x00000000c6400000, 0x00000000c6400000, 0x00000000c6500000|  0%| F|  |TAMS 0x00000000c6400000, 0x00000000c6400000| Untracked 
|  47|0x00000000c6500000, 0x00000000c6500000, 0x00000000c6600000|  0%| F|  |TAMS 0x00000000c6500000, 0x00000000c6500000| Untracked 
|  48|0x00000000c6600000, 0x00000000c6600000, 0x00000000c6700000|  0%| F|  |TAMS 0x00000000c6600000, 0x00000000c6600000| Untracked 
|  49|0x00000000c6700000, 0x00000000c6700000, 0x00000000c6800000|  0%| F|  |TAMS 0x00000000c6700000, 0x00000000c6700000| Untracked 
|  50|0x00000000c6800000, 0x00000000c6800000, 0x00000000c6900000|  0%| F|  |TAMS 0x00000000c6800000, 0x00000000c6800000| Untracked 
|  51|0x00000000c6900000, 0x00000000c6900000, 0x00000000c6a00000|  0%| F|  |TAMS 0x00000000c6900000, 0x00000000c6900000| Untracked 
|  52|0x00000000c6a00000, 0x00000000c6a00000, 0x00000000c6b00000|  0%| F|  |TAMS 0x00000000c6a00000, 0x00000000c6a00000| Untracked 
|  53|0x00000000c6b00000, 0x00000000c6bc8338, 0x00000000c6c00000| 78%| E|  |TAMS 0x00000000c6b00000, 0x00000000c6b00000| Complete 
|  54|0x00000000c6c00000, 0x00000000c6d00000, 0x00000000c6d00000|100%| E|CS|TAMS 0x00000000c6c00000, 0x00000000c6c00000| Complete 
|  55|0x00000000c6d00000, 0x00000000c6e00000, 0x00000000c6e00000|100%| E|CS|TAMS 0x00000000c6d00000, 0x00000000c6d00000| Complete 
|  56|0x00000000c6e00000, 0x00000000c6f00000, 0x00000000c6f00000|100%| E|CS|TAMS 0x00000000c6e00000, 0x00000000c6e00000| Complete 
|  57|0x00000000c6f00000, 0x00000000c7000000, 0x00000000c7000000|100%| E|CS|TAMS 0x00000000c6f00000, 0x00000000c6f00000| Complete 
|  58|0x00000000c7000000, 0x00000000c7100000, 0x00000000c7100000|100%| E|CS|TAMS 0x00000000c7000000, 0x00000000c7000000| Complete 
|  59|0x00000000c7100000, 0x00000000c7200000, 0x00000000c7200000|100%| E|CS|TAMS 0x00000000c7100000, 0x00000000c7100000| Complete 
|  60|0x00000000c7200000, 0x00000000c7300000, 0x00000000c7300000|100%| E|CS|TAMS 0x00000000c7200000, 0x00000000c7200000| Complete 
|  61|0x00000000c7300000, 0x00000000c7400000, 0x00000000c7400000|100%| E|CS|TAMS 0x00000000c7300000, 0x00000000c7300000| Complete 

Card table byte_map: [0x000002a118980000,0x000002a118b70000] _byte_map_base: 0x000002a118365000

Marking Bits (Prev, Next): (CMBitMap*) 0x000002a17fa4ece0, (CMBitMap*) 0x000002a17fa4ed20
 Prev Bits: [0x000002a118d60000, 0x000002a119c88000)
 Next Bits: [0x000002a119c90000, 0x000002a11abb8000)

Polling page: 0x000002a17f590000

Metaspace:

Usage:
  Non-class:      7.11 MB capacity,     6.94 MB ( 98%) used,   159.08 KB (  2%) free+waste,    11.56 KB ( <1%) overhead. 
      Class:    970.00 KB capacity,   893.45 KB ( 92%) used,    71.42 KB (  7%) free+waste,     5.12 KB ( <1%) overhead. 
       Both:      8.05 MB capacity,     7.81 MB ( 97%) used,   230.50 KB (  3%) free+waste,    16.69 KB ( <1%) overhead. 

Virtual space:
  Non-class space:        8.00 MB reserved,       7.25 MB ( 91%) committed 
      Class space:        1.00 GB reserved,       1.00 MB ( <1%) committed 
             Both:        1.01 GB reserved,       8.25 MB ( <1%) committed 

Chunk freelists:
   Non-Class:  19.00 KB
       Class:  22.00 KB
        Both:  41.00 KB

MaxMetaspaceSize: 17179869184.00 GB
CompressedClassSpaceSize: 1.00 GB

CodeHeap 'non-profiled nmethods': size=120000Kb used=255Kb max_used=255Kb free=119744Kb
 bounds [0x000002a111040000, 0x000002a1112b0000, 0x000002a118570000]
CodeHeap 'profiled nmethods': size=120000Kb used=1328Kb max_used=1328Kb free=118671Kb
 bounds [0x000002a109b10000, 0x000002a109d80000, 0x000002a111040000]
CodeHeap 'non-nmethods': size=5760Kb used=1356Kb max_used=1367Kb free=4403Kb
 bounds [0x000002a109570000, 0x000002a1097e0000, 0x000002a109b10000]
 total_blobs=1407 nmethods=849 adapters=471
 compilation: enabled
              stopped_count=0, restarted_count=0
 full_count=0

Compilation events (20 events):
Event: 78.401 Thread 0x000002a11d1b3a20 nmethod 822 0x000002a109c51d90 code [0x000002a109c51f40, 0x000002a109c52088]
Event: 78.401 Thread 0x000002a11d18f970  825       4       java.util.HashMap::put (13 bytes)
Event: 78.405 Thread 0x000002a11d1b3a20  826       3       java.util.ArrayList::<init> (12 bytes)
Event: 78.405 Thread 0x000002a11d1b3a20 nmethod 826 0x000002a109c52110 code [0x000002a109c522c0, 0x000002a109c52558]
Event: 78.405 Thread 0x000002a11d1b3a20  827       3       java.nio.Buffer::checkIndex (22 bytes)
Event: 78.405 Thread 0x000002a11d1b3a20 nmethod 827 0x000002a109c52690 code [0x000002a109c52840, 0x000002a109c52a48]
Event: 78.405 Thread 0x000002a11d1b3a20  828       3       java.nio.ByteOrder::nativeOrder (4 bytes)
Event: 78.405 Thread 0x000002a11d1b3a20 nmethod 828 0x000002a109c52b10 code [0x000002a109c52ca0, 0x000002a109c52d98]
Event: 78.405 Thread 0x000002a11d1b3a20  829       3       java.nio.Buffer::<init> (105 bytes)
Event: 78.406 Thread 0x000002a11d1b3a20 nmethod 829 0x000002a109c52e10 code [0x000002a109c530e0, 0x000002a109c53c78]
Event: 78.406 Thread 0x000002a11d1b3a20  831       3       java.nio.ByteBuffer::<init> (47 bytes)
Event: 78.407 Thread 0x000002a11d1b3a20 nmethod 831 0x000002a109c54090 code [0x000002a109c54240, 0x000002a109c54488]
Event: 78.407 Thread 0x000002a11d1b3a20  833       3       java.nio.MappedByteBuffer::position (8 bytes)
Event: 78.407 Thread 0x000002a11d1b3a20 nmethod 833 0x000002a109c54590 code [0x000002a109c54740, 0x000002a109c548e8]
Event: 78.407 Thread 0x000002a11d1b3a20  832       3       java.nio.MappedByteBuffer::<init> (22 bytes)
Event: 78.407 Thread 0x000002a11d1b3a20 nmethod 832 0x000002a109c54990 code [0x000002a109c54b40, 0x000002a109c54ce8]
Event: 78.408 Thread 0x000002a11d1b3a20  835       1       java.awt.Component::getParent_NoClientCode (5 bytes)
Event: 78.408 Thread 0x000002a11d1b3a20 nmethod 835 0x000002a11107f510 code [0x000002a11107f6a0, 0x000002a11107f758]
Event: 78.408 Thread 0x000002a11d1b3a20  836       3       java.awt.Component::getTreeLock (4 bytes)
Event: 78.408 Thread 0x000002a11d1b3a20 nmethod 836 0x000002a109c54d90 code [0x000002a109c54f20, 0x000002a109c55038]

GC Heap History (0 events):
No events

Deoptimization events (20 events):
Event: 77.393 Thread 0x000002a17fa1fe70 Uncommon trap: trap_request=0xffffff45 fr.pc=0x000002a11106e64c relative=0x00000000000003ac
Event: 77.393 Thread 0x000002a17fa1fe70 Uncommon trap: reason=unstable_if action=reinterpret pc=0x000002a11106e64c method=java.lang.StringUTF16.compress([CI[BII)I @ 20 c2
Event: 77.393 Thread 0x000002a17fa1fe70 DEOPT PACKING pc=0x000002a11106e64c sp=0x000000db5bafd4d0
Event: 77.393 Thread 0x000002a17fa1fe70 DEOPT UNPACKING pc=0x000002a1095be42f sp=0x000000db5bafd450 mode 2
Event: 78.386 Thread 0x000002a17fa1fe70 Uncommon trap: trap_request=0xffffffc6 fr.pc=0x000002a11106f970 relative=0x0000000000000e70
Event: 78.386 Thread 0x000002a17fa1fe70 Uncommon trap: reason=bimorphic_or_optimized_type_check action=maybe_recompile pc=0x000002a11106f970 method=java.util.HashMap.putVal(ILjava/lang/Object;Ljava/lang/Object;ZZ)Ljava/lang/Object; @ 152 c2
Event: 78.386 Thread 0x000002a17fa1fe70 DEOPT PACKING pc=0x000002a11106f970 sp=0x000000db5bafccf0
Event: 78.386 Thread 0x000002a17fa1fe70 DEOPT UNPACKING pc=0x000002a1095be42f sp=0x000000db5bafcc38 mode 2
Event: 78.386 Thread 0x000002a17fa1fe70 Uncommon trap: trap_request=0xffffffc6 fr.pc=0x000002a11106f970 relative=0x0000000000000e70
Event: 78.386 Thread 0x000002a17fa1fe70 Uncommon trap: reason=bimorphic_or_optimized_type_check action=maybe_recompile pc=0x000002a11106f970 method=java.util.HashMap.putVal(ILjava/lang/Object;Ljava/lang/Object;ZZ)Ljava/lang/Object; @ 152 c2
Event: 78.386 Thread 0x000002a17fa1fe70 DEOPT PACKING pc=0x000002a11106f970 sp=0x000000db5bafccf0
Event: 78.386 Thread 0x000002a17fa1fe70 DEOPT UNPACKING pc=0x000002a1095be42f sp=0x000000db5bafcc38 mode 2
Event: 78.386 Thread 0x000002a17fa1fe70 Uncommon trap: trap_request=0xffffffc6 fr.pc=0x000002a11106f970 relative=0x0000000000000e70
Event: 78.386 Thread 0x000002a17fa1fe70 Uncommon trap: reason=bimorphic_or_optimized_type_check action=maybe_recompile pc=0x000002a11106f970 method=java.util.HashMap.putVal(ILjava/lang/Object;Ljava/lang/Object;ZZ)Ljava/lang/Object; @ 152 c2
Event: 78.386 Thread 0x000002a17fa1fe70 DEOPT PACKING pc=0x000002a11106f970 sp=0x000000db5bafccf0
Event: 78.386 Thread 0x000002a17fa1fe70 DEOPT UNPACKING pc=0x000002a1095be42f sp=0x000000db5bafcc38 mode 2
Event: 78.386 Thread 0x000002a17fa1fe70 Uncommon trap: trap_request=0xffffffc6 fr.pc=0x000002a11106f970 relative=0x0000000000000e70
Event: 78.386 Thread 0x000002a17fa1fe70 Uncommon trap: reason=bimorphic_or_optimized_type_check action=maybe_recompile pc=0x000002a11106f970 method=java.util.HashMap.putVal(ILjava/lang/Object;Ljava/lang/Object;ZZ)Ljava/lang/Object; @ 152 c2
Event: 78.386 Thread 0x000002a17fa1fe70 DEOPT PACKING pc=0x000002a11106f970 sp=0x000000db5bafccf0
Event: 78.386 Thread 0x000002a17fa1fe70 DEOPT UNPACKING pc=0x000002a1095be42f sp=0x000000db5bafcc38 mode 2

Classes unloaded (0 events):
No events

Classes redefined (0 events):
No events

Internal exceptions (17 events):
Event: 2.032 Thread 0x000002a17fa1fe70 Exception <a 'sun/nio/fs/WindowsException'{0x00000000c721bb38}> (0x00000000c721bb38) 
thrown [./open/src/hotspot/share/prims/jni.cpp, line 578]
Event: 2.032 Thread 0x000002a17fa1fe70 Exception <a 'sun/nio/fs/WindowsException'{0x00000000c721c060}> (0x00000000c721c060) 
thrown [./open/src/hotspot/share/prims/jni.cpp, line 578]
Event: 2.206 Thread 0x000002a17fa1fe70 Exception <a 'sun/nio/fs/WindowsException'{0x00000000c721e348}> (0x00000000c721e348) 
thrown [./open/src/hotspot/share/prims/jni.cpp, line 578]
Event: 2.209 Thread 0x000002a17fa1fe70 Exception <a 'sun/nio/fs/WindowsException'{0x00000000c721edf0}> (0x00000000c721edf0) 
thrown [./open/src/hotspot/share/prims/jni.cpp, line 578]
Event: 41.042 Thread 0x000002a17fa1fe70 Exception <a 'java/lang/NoSuchMethodError'{0x00000000c712b2b0}: 'void java.lang.invoke.DirectMethodHandle$Holder.invokeSpecial(java.lang.Object, java.lang.Object, java.lang.Object)'> (0x00000000c712b2b0) 
thrown [./open/src/hotspot/share/interpreter/linkResolver.cpp, line 782]
Event: 41.507 Thread 0x000002a17fa1fe70 Exception <a 'java/lang/ClassNotFoundException'{0x00000000c713fa28}: sun/awt/resources/spi/awtProvider> (0x00000000c713fa28) 
thrown [./open/src/hotspot/share/classfile/systemDictionary.cpp, line 295]
Event: 44.092 Thread 0x000002a17fa1fe70 Exception <a 'java/io/FileNotFoundException'{0x00000000c7196280}> (0x00000000c7196280) 
thrown [./open/src/hotspot/share/prims/jni.cpp, line 578]
Event: 44.136 Thread 0x000002a17fa1fe70 Exception <a 'java/io/FileNotFoundException'{0x00000000c71c4cd8}> (0x00000000c71c4cd8) 
thrown [./open/src/hotspot/share/prims/jni.cpp, line 578]
Event: 44.337 Thread 0x000002a17fa1fe70 Exception <a 'java/lang/NoSuchMethodError'{0x00000000c71c5dc0}: 'java.lang.Object java.lang.invoke.DirectMethodHandle$Holder.invokeStatic(java.lang.Object)'> (0x00000000c71c5dc0) 
thrown [./open/src/hotspot/share/interpreter/linkResolver.cpp, line 782]
Event: 47.851 Thread 0x000002a17fa1fe70 Exception <a 'java/lang/NoSuchMethodError'{0x00000000c701c418}: 'java.lang.Object java.lang.invoke.DirectMethodHandle$Holder.invokeStaticInit(java.lang.Object)'> (0x00000000c701c418) 
thrown [./open/src/hotspot/share/interpreter/linkResolver.cpp, line 782]
Event: 59.536 Thread 0x000002a17fa1fe70 Exception <a 'java/lang/NoSuchMethodError'{0x00000000c6f136b0}: 'java.lang.Object java.lang.invoke.DirectMethodHandle$Holder.newInvokeSpecial(java.lang.Object, java.lang.Object, java.lang.Object, java.lang.Object, java.lang.Object)'> (0x00000000c6f136b0) 
thrown [./open/src/hotspot/share/interpreter/linkResolver.cpp, line 782]
Event: 59.539 Thread 0x000002a17fa1fe70 Exception <a 'java/lang/NoSuchMethodError'{0x00000000c6f1f140}: 'java.lang.Object java.lang.invoke.DirectMethodHandle$Holder.invokeStatic(java.lang.Object, int, java.lang.Object, java.lang.Object, java.lang.Object, java.lang.Object)'> (0x00000000c6f1f140) 
thrown [./open/src/hotspot/share/interpreter/linkResolver.cpp, line 782]
Event: 59.550 Thread 0x000002a17fa1fe70 Exception <a 'java/lang/NoSuchMethodError'{0x00000000c6f45688}: 'java.lang.Object java.lang.invoke.DirectMethodHandle$Holder.invokeStatic(java.lang.Object, int, java.lang.Object)'> (0x00000000c6f45688) 
thrown [./open/src/hotspot/share/interpreter/linkResolver.cpp, line 782]
Event: 59.940 Thread 0x000002a17fa1fe70 Exception <a 'java/lang/ClassNotFoundException'{0x00000000c6ffdd00}: com/sun/swing/internal/plaf/metal/resources/spi/metalProvider> (0x00000000c6ffdd00) 
thrown [./open/src/hotspot/share/classfile/systemDictionary.cpp, line 295]
Event: 60.035 Thread 0x000002a17fa1fe70 Exception <a 'java/lang/ClassNotFoundException'{0x00000000c6e02470}: com/sun/swing/internal/plaf/basic/resources/spi/basicProvider> (0x00000000c6e02470) 
thrown [./open/src/hotspot/share/classfile/systemDictionary.cpp, line 295]
Event: 76.319 Thread 0x000002a11d1f8060 Exception <a 'java/lang/NoSuchMethodError'{0x00000000c6defee8}: 'java.lang.Object java.lang.invoke.DirectMethodHandle$Holder.newInvokeSpecial(java.lang.Object, java.lang.Object, java.lang.Object, int, int, int, int, int)'> (0x00000000c6defee8) 
thrown [./open/src/hotspot/share/interpreter/linkResolver.cpp, line 782]
Event: 77.284 Thread 0x000002a17fa1fe70 Exception <a 'java/lang/NoSuchMethodError'{0x00000000c6e797b8}: 'void java.lang.invoke.DirectMethodHandle$Holder.invokeStaticInit(java.lang.Object)'> (0x00000000c6e797b8) 
thrown [./open/src/hotspot/share/interpreter/linkResolver.cpp, line 782]

Events (20 events):
Event: 78.394 loading class sun/awt/Symbol$Encoder
Event: 78.394 loading class sun/awt/Symbol$Encoder done
Event: 78.403 loading class sun/awt/im/InputMethodManager
Event: 78.403 loading class sun/awt/im/InputMethodManager done
Event: 78.403 loading class sun/awt/im/ExecutableInputMethodManager
Event: 78.404 loading class sun/awt/im/ExecutableInputMethodManager done
Event: 78.404 loading class sun/awt/windows/WInputMethodDescriptor
Event: 78.404 loading class java/awt/im/spi/InputMethodDescriptor
Event: 78.404 loading class java/awt/im/spi/InputMethodDescriptor done
Event: 78.404 loading class sun/awt/windows/WInputMethodDescriptor done
Event: 78.404 loading class sun/awt/im/InputMethodLocator
Event: 78.404 loading class sun/awt/im/InputMethodLocator done
Event: 78.404 loading class sun/awt/im/ExecutableInputMethodManager$3
Event: 78.404 loading class sun/awt/im/ExecutableInputMethodManager$3 done
Event: 78.407 loading class java/awt/peer/LightweightPeer
Event: 78.407 loading class java/awt/peer/LightweightPeer done
Event: 78.407 loading class sun/awt/LightweightPeerHolder
Event: 78.407 loading class sun/awt/LightweightPeerHolder done
Event: 78.407 loading class sun/awt/NullComponentPeer
Event: 78.408 loading class sun/awt/NullComponentPeer done


Dynamic libraries:
0x00007ff749af0000 - 0x00007ff749aff000 	C:\Program Files\Java\jdk-15\bin\java.exe
0x00007ff9a62d0000 - 0x00007ff9a64c7000 	C:\WINDOWS\SYSTEM32\ntdll.dll
0x00007ff9a4b00000 - 0x00007ff9a4bbd000 	C:\WINDOWS\System32\KERNEL32.DLL
0x00007ff9a3b60000 - 0x00007ff9a3e56000 	C:\WINDOWS\System32\KERNELBASE.dll
0x00007ff9a4290000 - 0x00007ff9a4390000 	C:\WINDOWS\System32\ucrtbase.dll
0x00007ff999e30000 - 0x00007ff999e49000 	C:\Program Files\Java\jdk-15\bin\VCRUNTIME140.dll
0x00007ff9903f0000 - 0x00007ff990408000 	C:\Program Files\Java\jdk-15\bin\jli.dll
0x00007ff9a4830000 - 0x00007ff9a48de000 	C:\WINDOWS\System32\ADVAPI32.dll
0x00007ff9a61c0000 - 0x00007ff9a625e000 	C:\WINDOWS\System32\msvcrt.dll
0x00007ff9a46f0000 - 0x00007ff9a478c000 	C:\WINDOWS\System32\sechost.dll
0x00007ff9a4cf0000 - 0x00007ff9a4e16000 	C:\WINDOWS\System32\RPCRT4.dll
0x00007ff9942c0000 - 0x00007ff99455a000 	C:\WINDOWS\WinSxS\amd64_microsoft.windows.common-controls_6595b64144ccf1df_6.0.19041.3570_none_60bb2a3971f3e41a\COMCTL32.dll
0x00007ff9a4790000 - 0x00007ff9a47bc000 	C:\WINDOWS\System32\GDI32.dll
0x00007ff9a3e60000 - 0x00007ff9a3e82000 	C:\WINDOWS\System32\win32u.dll
0x00007ff9a4010000 - 0x00007ff9a412a000 	C:\WINDOWS\System32\gdi32full.dll
0x00007ff9a3f70000 - 0x00007ff9a400d000 	C:\WINDOWS\System32\msvcp_win.dll
0x00007ff9a4390000 - 0x00007ff9a452e000 	C:\WINDOWS\System32\USER32.dll
0x00007ff995360000 - 0x00007ff99536a000 	C:\WINDOWS\SYSTEM32\VERSION.dll
0x00007ff9a6260000 - 0x00007ff9a6290000 	C:\WINDOWS\System32\IMM32.DLL
0x00007ff98bfd0000 - 0x00007ff98bfdc000 	C:\Program Files\Java\jdk-15\bin\vcruntime140_1.dll
0x00007ff97e110000 - 0x00007ff97e1a1000 	C:\Program Files\Java\jdk-15\bin\msvcp140.dll
0x00007ff948100000 - 0x00007ff948c5c000 	C:\Program Files\Java\jdk-15\bin\server\jvm.dll
0x00007ff9a4bc0000 - 0x00007ff9a4bc8000 	C:\WINDOWS\System32\PSAPI.DLL
0x00007ff990600000 - 0x00007ff990609000 	C:\WINDOWS\SYSTEM32\WSOCK32.dll
0x00007ff9a48e0000 - 0x00007ff9a494b000 	C:\WINDOWS\System32\WS2_32.dll
0x00007ff9939e0000 - 0x00007ff993a07000 	C:\WINDOWS\SYSTEM32\WINMM.dll
0x00007ff9a1940000 - 0x00007ff9a1952000 	C:\WINDOWS\SYSTEM32\kernel.appcore.dll
0x00007ff98aa80000 - 0x00007ff98aa8a000 	C:\Program Files\Java\jdk-15\bin\jimage.dll
0x00007ff9a1650000 - 0x00007ff9a1834000 	C:\WINDOWS\SYSTEM32\DBGHELP.DLL
0x00007ff98f8d0000 - 0x00007ff98f904000 	C:\WINDOWS\SYSTEM32\dbgcore.DLL
0x00007ff9a3ee0000 - 0x00007ff9a3f62000 	C:\WINDOWS\System32\bcryptPrimitives.dll
0x00007ff990380000 - 0x00007ff9903b9000 	C:\Program Files\Java\jdk-15\bin\jdwp.dll
0x00007ff98bfa0000 - 0x00007ff98bfc5000 	C:\Program Files\Java\jdk-15\bin\java.dll
0x00007ff9a5830000 - 0x00007ff9a5f74000 	C:\WINDOWS\System32\SHELL32.dll
0x00007ff9a1ab0000 - 0x00007ff9a224b000 	C:\WINDOWS\SYSTEM32\windows.storage.dll
0x00007ff9a53c0000 - 0x00007ff9a5714000 	C:\WINDOWS\System32\combase.dll
0x00007ff9a3380000 - 0x00007ff9a33ad000 	C:\WINDOWS\SYSTEM32\Wldp.dll
0x00007ff9a5f80000 - 0x00007ff9a602d000 	C:\WINDOWS\System32\SHCORE.dll
0x00007ff9a6030000 - 0x00007ff9a6085000 	C:\WINDOWS\System32\shlwapi.dll
0x00007ff9a3940000 - 0x00007ff9a3965000 	C:\WINDOWS\SYSTEM32\profapi.dll
0x00007ff98aa60000 - 0x00007ff98aa79000 	C:\Program Files\Java\jdk-15\bin\net.dll
0x00007ff9950b0000 - 0x00007ff9951ba000 	C:\WINDOWS\SYSTEM32\WINHTTP.dll
0x00007ff9a30e0000 - 0x00007ff9a314a000 	C:\WINDOWS\system32\mswsock.dll
0x00007ff98aa40000 - 0x00007ff98aa52000 	C:\Program Files\Java\jdk-15\bin\nio.dll
0x00007ff9932b0000 - 0x00007ff9932bb000 	C:\Program Files\Java\jdk-15\bin\dt_shmem.dll
0x00007ff98aa20000 - 0x00007ff98aa38000 	C:\Program Files\Java\jdk-15\bin\zip.dll
0x00007ff97e1b0000 - 0x00007ff97e330000 	C:\Program Files\Java\jdk-15\bin\awt.dll
0x00007ff9a4540000 - 0x00007ff9a460d000 	C:\WINDOWS\System32\OLEAUT32.dll
0x00007ff9a05d0000 - 0x00007ff9a0660000 	C:\WINDOWS\SYSTEM32\apphelp.dll
0x00007ff9a0ec0000 - 0x00007ff9a0eef000 	C:\WINDOWS\system32\DWMAPI.DLL
0x00007ff9a0c60000 - 0x00007ff9a0cfe000 	C:\WINDOWS\system32\uxtheme.dll
0x00007ff98e710000 - 0x00007ff98e835000 	C:\WINDOWS\system32\opengl32.dll
0x00007ff98e6e0000 - 0x00007ff98e70c000 	C:\WINDOWS\SYSTEM32\GLU32.dll
0x00007ff9a4bd0000 - 0x00007ff9a4ce4000 	C:\WINDOWS\System32\MSCTF.dll
0x00007ff9a4e20000 - 0x00007ff9a4f4b000 	C:\WINDOWS\System32\ole32.dll
0x00007ff987f50000 - 0x00007ff987f7d000 	C:\Program Files\Java\jdk-15\bin\javajpeg.dll
0x00007ff94a6b0000 - 0x00007ff94a735000 	C:\Program Files\Java\jdk-15\bin\freetype.dll
0x00007ff94a600000 - 0x00007ff94a6a9000 	C:\Program Files\Java\jdk-15\bin\fontmanager.dll
0x00007ff9a6110000 - 0x00007ff9a61b9000 	C:\WINDOWS\System32\clbcatq.dll
0x00007ff99dc00000 - 0x00007ff99ddb4000 	C:\WINDOWS\SYSTEM32\WindowsCodecs.dll
0x00007ff9a3a10000 - 0x00007ff9a3a37000 	C:\WINDOWS\System32\bcrypt.dll
0x00007ff9851c0000 - 0x00007ff9851fe000 	C:\WINDOWS\system32\dataexchange.dll
0x00007ff99f9e0000 - 0x00007ff99fbc3000 	C:\WINDOWS\system32\dcomp.dll
0x00007ff99f060000 - 0x00007ff99f2c3000 	C:\WINDOWS\system32\d3d11.dll
0x00007ff9a22b0000 - 0x00007ff9a23a3000 	C:\WINDOWS\system32\dxgi.dll
0x00007ff99d8e0000 - 0x00007ff99dae7000 	C:\WINDOWS\system32\twinapi.appcore.dll

dbghelp: loaded successfully - version: 4.0.5 - missing functions: none
symbol engine: initialized successfully - sym options: 0x614 - pdb path: .;C:\Program Files\Java\jdk-15\bin;C:\WINDOWS\SYSTEM32;C:\WINDOWS\WinSxS\amd64_microsoft.windows.common-controls_6595b64144ccf1df_6.0.19041.3570_none_60bb2a3971f3e41a;C:\Program Files\Java\jdk-15\bin\server

VM Arguments:
jvm_args: -Dfile.encoding=UTF-8 -agentlib:jdwp=transport=dt_shmem,address=javadebug1209 --module-path=C:\Users\aysha\Documents\NetBeansProjects\java_CRUD\build\classes 
java_command: java_crud.Java_CRUD
java_class_path (initial): C:\Users\aysha\Desktop\lbr\MySqlJdbcDriver\mysql-connector-j-8.1.0.jar;C:\Users\aysha\Desktop\Libraries\rs2xml.jar;C:\Users\aysha\Documents\NetBeansProjects\java_CRUD\build\classes
Launcher Type: SUN_STANDARD

[Global flags]
     intx CICompilerCount                          = 3                                         {product} {ergonomic}
     uint ConcGCThreads                            = 1                                         {product} {ergonomic}
     uint G1ConcRefinementThreads                  = 4                                         {product} {ergonomic}
   size_t G1HeapRegionSize                         = 1048576                                   {product} {ergonomic}
    uintx GCDrainStackTargetSize                   = 64                                        {product} {ergonomic}
   size_t InitialHeapSize                          = 65011712                                  {product} {ergonomic}
   size_t MarkStackSize                            = 4194304                                   {product} {ergonomic}
   size_t MaxHeapSize                              = 1017118720                                {product} {ergonomic}
   size_t MaxNewSize                               = 610271232                                 {product} {ergonomic}
   size_t MinHeapDeltaBytes                        = 1048576                                   {product} {ergonomic}
   size_t MinHeapSize                              = 8388608                                   {product} {ergonomic}
    uintx NonNMethodCodeHeapSize                   = 5832780                                {pd product} {ergonomic}
    uintx NonProfiledCodeHeapSize                  = 122912730                              {pd product} {ergonomic}
    uintx ProfiledCodeHeapSize                     = 122912730                              {pd product} {ergonomic}
    uintx ReservedCodeCacheSize                    = 251658240                              {pd product} {ergonomic}
     bool SegmentedCodeCache                       = true                                      {product} {ergonomic}
   size_t SoftMaxHeapSize                          = 1017118720                             {manageable} {ergonomic}
     bool UseCompressedClassPointers               = true                                 {lp64_product} {ergonomic}
     bool UseCompressedOops                        = true                                 {lp64_product} {ergonomic}
     bool UseG1GC                                  = true                                      {product} {ergonomic}
     bool UseLargePagesIndividualAllocation        = false                                  {pd product} {ergonomic}

Logging:
Log output configuration:
 #0: stdout all=warning uptime,level,tags
 #1: stderr all=off uptime,level,tags

Environment Variables:
JAVA_HOME=C:\Program Files\Java\jdk-15
PATH=C:\Program Files\Common Files\Oracle\Java\javapath;C:\WINDOWS\system32;C:\WINDOWS;C:\WINDOWS\System32\Wbem;C:\WINDOWS\System32\WindowsPowerShell\v1.0\;C:\WINDOWS\System32\OpenSSH\;C:\Program Files\Microsoft SQL Server\150\Tools\Binn\;C:\Program Files\Microsoft\Web Platform Installer\;C:\Program Files (x86)\Microsoft ASP.NET\ASP.NET Web Pages\v1.0\;C:\Program Files (x86)\Windows Kits\8.0\Windows Performance Toolkit\;C:\Program Files\Microsoft SQL Server\110\Tools\Binn\;C:\Program Files\Java\jdk-15\bin;C:\Program Files\MySQL\MySQL Shell 8.0\bin\;C:\Users\aysha\AppData\Local\Microsoft\WindowsApps;C:\Users\aysha\AppData\Local\Programs\Microsoft VS Code\bin
USERNAME=aysha
OS=Windows_NT
PROCESSOR_IDENTIFIER=Intel64 Family 6 Model 142 Stepping 9, GenuineIntel



---------------  S Y S T E M  ---------------

OS:
 Windows 10 , 64 bit Build 19041 (10.0.19041.3570)
OS uptime: 0 days 3:32 hours

CPU: total 4 (initial active 4) (2 cores per cpu, 2 threads per core) family 6 model 142 stepping 9, cmov, cx8, fxsr, mmx, sse, sse2, sse3, ssse3, sse4.1, sse4.2, popcnt, vzeroupper, avx, avx2, aes, clmul, erms, 3dnowpref, lzcnt, ht, tsc, tscinvbit, bmi1, bmi2, adx, fma, clflush, clflushopt

Memory: 4k page, system-wide physical 3879M (205M free)
TotalPageFile size 15655M (AvailPageFile size 0M)
current process WorkingSet (physical memory assigned to process): 58M, peak: 58M
current process commit charge ("private bytes"): 146M, peak: 147M

vm_info: Java HotSpot(TM) 64-Bit Server VM (15+36-1562) for windows-amd64 JRE (15+36-1562), built on Aug 11 2020 22:38:02 by "mach5one" with unknown MS VC++:1925

END.
