#
# There is insufficient memory for the Java Runtime Environment to continue.
# Native memory allocation (malloc) failed to allocate 161808 bytes for Chunk::new
# Possible reasons:
#   The system is out of physical RAM or swap space
#   The process is running with CompressedOops enabled, and the Java Heap may be blocking the growth of the native heap
# Possible solutions:
#   Reduce memory load on the system
#   Increase physical memory or swap space
#   Check if swap backing store is full
#   Decrease Java heap size (-Xmx/-Xms)
#   Decrease number of Java threads
#   Decrease Java thread stack sizes (-Xss)
#   Set larger code cache with -XX:ReservedCodeCacheSize=
#   JVM is running with Unscaled Compressed Oops mode in which the Java heap is
#     placed in the first 4GB address space. The Java Heap base address is the
#     maximum limit for the native heap growth. Please use -XX:HeapBaseMinAddress
#     to set the Java Heap base and to place the Java Heap above 4GB virtual address.
# This output file may be truncated or incomplete.
#
#  Out of Memory Error (./open/src/hotspot/share/memory/arena.cpp:195), pid=1804, tid=872
#
# JRE version: Java(TM) SE Runtime Environment (15.0+36) (build 15+36-1562)
# Java VM: Java HotSpot(TM) 64-Bit Server VM (15+36-1562, mixed mode, sharing, tiered, compressed oops, g1 gc, windows-amd64)
# No core dump will be written. Minidumps are not enabled by default on client versions of Windows
#

---------------  S U M M A R Y ------------

Command Line: -Dfile.encoding=UTF-8 -agentlib:jdwp=transport=dt_shmem,address=javadebug8771 --module-path=C:\Users\aysha\Documents\NetBeansProjects\java_CRUD\build\classes java_crud.Java_CRUD

Host: Intel(R) Core(TM) i3-7100U CPU @ 2.40GHz, 4 cores, 3G,  Windows 10 , 64 bit Build 19041 (10.0.19041.3570)
Time: Mon Dec  4 19:37:23 2023 Sri Lanka Standard Time elapsed time: 88.742097 seconds (0d 0h 1m 28s)

---------------  T H R E A D  ---------------

Current thread (0x00000212dacded10):  JavaThread "C2 CompilerThread0" daemon [_thread_in_native, id=872, stack(0x000000cec9900000,0x000000cec9a00000)]


Current CompileTask:
C2:  88742  187       4       java.util.HashMap::putVal (300 bytes)

Stack: [0x000000cec9900000,0x000000cec9a00000]
Native frames: (J=compiled Java code, j=interpreted, Vv=VM code, C=native code)
V  [jvm.dll+0x629eaa]
V  [jvm.dll+0x780379]
V  [jvm.dll+0x781ad3]
V  [jvm.dll+0x782133]
V  [jvm.dll+0x2159d5]
V  [jvm.dll+0x9794a]
V  [jvm.dll+0x9802c]
V  [jvm.dll+0x32dc35]
V  [jvm.dll+0x18db3a]
V  [jvm.dll+0x1e9ef2]
V  [jvm.dll+0x1e903e]
V  [jvm.dll+0x177f17]
V  [jvm.dll+0x1f88f5]
V  [jvm.dll+0x1f699c]
V  [jvm.dll+0x74384d]
V  [jvm.dll+0x73c64a]
V  [jvm.dll+0x628d16]
C  [ucrtbase.dll+0x21bb2]
C  [KERNEL32.DLL+0x17344]
C  [ntdll.dll+0x526b1]


---------------  P R O C E S S  ---------------

Threads class SMR info:
_java_thread_list=0x00000212daed7850, length=10, elements={
0x00000212be9f1420, 0x00000212dacc34b0, 0x00000212dacc3f90, 0x00000212dacdabe0,
0x00000212dacdd5b0, 0x00000212dacddf70, 0x00000212dacded10, 0x00000212dace17d0,
0x00000212dad4a010, 0x00000212dad8e7b0
}

Java Threads: ( => current thread )
  0x00000212be9f1420 JavaThread "main" [_thread_in_native, id=18504, stack(0x000000cec8e00000,0x000000cec8f00000)]
  0x00000212dacc34b0 JavaThread "Reference Handler" daemon [_thread_blocked, id=24464, stack(0x000000cec9500000,0x000000cec9600000)]
  0x00000212dacc3f90 JavaThread "Finalizer" daemon [_thread_blocked, id=24468, stack(0x000000cec9600000,0x000000cec9700000)]
  0x00000212dacdabe0 JavaThread "Signal Dispatcher" daemon [_thread_blocked, id=4044, stack(0x000000cec8d00000,0x000000cec8e00000)]
  0x00000212dacdd5b0 JavaThread "Attach Listener" daemon [_thread_blocked, id=1352, stack(0x000000cec9700000,0x000000cec9800000)]
  0x00000212dacddf70 JavaThread "Service Thread" daemon [_thread_blocked, id=10012, stack(0x000000cec9800000,0x000000cec9900000)]
=>0x00000212dacded10 JavaThread "C2 CompilerThread0" daemon [_thread_in_native, id=872, stack(0x000000cec9900000,0x000000cec9a00000)]
  0x00000212dace17d0 JavaThread "C1 CompilerThread0" daemon [_thread_blocked, id=19832, stack(0x000000cec9a00000,0x000000cec9b00000)]
  0x00000212dad4a010 JavaThread "Sweeper thread" daemon [_thread_blocked, id=19840, stack(0x000000cec9b00000,0x000000cec9c00000)]
  0x00000212dad8e7b0 JavaThread "Common-Cleaner" daemon [_thread_blocked, id=24028, stack(0x000000cec9d00000,0x000000cec9e00000)]

Other Threads:
  0x00000212dacbfd10 VMThread "VM Thread" [stack: 0x000000cec9400000,0x000000cec9500000] [id=24456]
  0x00000212bea1e990 GCTaskThread "GC Thread#0" [stack: 0x000000cec8f00000,0x000000cec9000000] [id=24436]
  0x00000212dad8e480 GCTaskThread "GC Thread#1" [stack: 0x000000cec9c00000,0x000000cec9d00000] [id=24036]
  0x00000212bea284c0 ConcurrentGCThread "G1 Main Marker" [stack: 0x000000cec9000000,0x000000cec9100000] [id=24440]
  0x00000212bea29040 ConcurrentGCThread "G1 Conc#0" [stack: 0x000000cec9100000,0x000000cec9200000] [id=24444]
  0x00000212bea6aec0 ConcurrentGCThread "G1 Refine#0" [stack: 0x000000cec9200000,0x000000cec9300000] [id=24448]
  0x00000212bea6cd00 ConcurrentGCThread "G1 Young RemSet Sampling" [stack: 0x000000cec9300000,0x000000cec9400000] [id=24452]

Threads with active compile tasks:
C2 CompilerThread0    90808  187       4       java.util.HashMap::putVal (300 bytes)

VM state: not at safepoint (normal execution)

VM Mutex/Monitor currently owned by a thread: None

Heap address: 0x00000000c3600000, size: 970 MB, Compressed Oops mode: 32-bit
CDS archive(s) mapped at: [0x0000000800000000-0x0000000800b50000-0x0000000800b50000), size 11862016, SharedBaseAddress: 0x0000000800000000, ArchiveRelocationMode: 0.
Compressed class space mapped at: 0x0000000800b50000-0x0000000840b50000, size: 1073741824
Narrow klass base: 0x0000000800000000, Narrow klass shift: 3, Narrow klass range: 0x100000000

GC Precious Log:
 CPUs: 4 total, 4 available
 Memory: 3879M
 Large Page Support: Disabled
 NUMA Support: Disabled
 Compressed Oops: Enabled (32-bit)
 Heap Region Size: 1M
 Heap Min Capacity: 8M
 Heap Initial Capacity: 62M
 Heap Max Capacity: 970M
 Pre-touch: Disabled
 Parallel Workers: 4
 Concurrent Workers: 1
 Concurrent Refinement Workers: 4
 Periodic GC: Disabled

Heap:
 garbage-first heap   total 8192K, used 1513K [0x00000000c3600000, 0x0000000100000000)
  region size 1024K, 3 young (3072K), 1 survivors (1024K)
 Metaspace       used 451K, capacity 4484K, committed 4864K, reserved 1064960K
  class space    used 42K, capacity 386K, committed 512K, reserved 1048576K

Heap Regions: E=young(eden), S=young(survivor), O=old, HS=humongous(starts), HC=humongous(continues), CS=collection set, F=free, OA=open archive, CA=closed archive, TAMS=top-at-mark-start (previous, next)
|   0|0x00000000c3600000, 0x00000000c3600000, 0x00000000c3700000|  0%| F|  |TAMS 0x00000000c3600000, 0x00000000c3600000| Untracked 
|   1|0x00000000c3700000, 0x00000000c3700000, 0x00000000c3800000|  0%| F|  |TAMS 0x00000000c3700000, 0x00000000c3700000| Untracked 
|   2|0x00000000c3800000, 0x00000000c3800000, 0x00000000c3900000|  0%| F|  |TAMS 0x00000000c3800000, 0x00000000c3800000| Untracked 
|   3|0x00000000c3900000, 0x00000000c3900000, 0x00000000c3a00000|  0%| F|  |TAMS 0x00000000c3900000, 0x00000000c3900000| Untracked 
|   4|0x00000000c3a00000, 0x00000000c3a00000, 0x00000000c3b00000|  0%| F|  |TAMS 0x00000000c3a00000, 0x00000000c3a00000| Untracked 
|   5|0x00000000c3b00000, 0x00000000c3b2e960, 0x00000000c3c00000| 18%| E|  |TAMS 0x00000000c3b00000, 0x00000000c3b00000| Complete 
|  60|0x00000000c7200000, 0x00000000c727a700, 0x00000000c7300000| 47%| S|CS|TAMS 0x00000000c7200000, 0x00000000c7200000| Complete 
|  61|0x00000000c7300000, 0x00000000c7400000, 0x00000000c7400000|100%| E|CS|TAMS 0x00000000c7300000, 0x00000000c7300000| Complete 

Card table byte_map: [0x00000212d5e20000,0x00000212d6010000] _byte_map_base: 0x00000212d5805000

Marking Bits (Prev, Next): (CMBitMap*) 0x00000212bea20160, (CMBitMap*) 0x00000212bea20120
 Prev Bits: [0x00000212d7130000, 0x00000212d8058000)
 Next Bits: [0x00000212d6200000, 0x00000212d7128000)

Polling page: 0x00000212bc8c0000

Metaspace:

Usage:
  Non-class:      4.00 MB capacity,   408.55 KB ( 10%) used,     3.60 MB ( 90%) free+waste,   192 bytes ( <1%) overhead. 
      Class:    386.00 KB capacity,    42.95 KB ( 11%) used,   342.92 KB ( 89%) free+waste,   128 bytes ( <1%) overhead. 
       Both:      4.38 MB capacity,   451.50 KB ( 10%) used,     3.94 MB ( 90%) free+waste,   320 bytes ( <1%) overhead. 

Virtual space:
  Non-class space:       16.00 MB reserved,       4.25 MB ( 27%) committed 
      Class space:        1.00 GB reserved,     512.00 KB ( <1%) committed 
             Both:        1.02 GB reserved,       4.75 MB ( <1%) committed 

Chunk freelists:
   Non-Class:  0 bytes
       Class:  0 bytes
        Both:  0 bytes

MaxMetaspaceSize: 17179869184.00 GB
CompressedClassSpaceSize: 1.00 GB

CodeHeap 'non-profiled nmethods': size=120000Kb used=61Kb max_used=61Kb free=119938Kb
 bounds [0x00000212ce700000, 0x00000212ce970000, 0x00000212d5c30000]
CodeHeap 'profiled nmethods': size=120000Kb used=211Kb max_used=211Kb free=119788Kb
 bounds [0x00000212c71d0000, 0x00000212c7440000, 0x00000212ce700000]
CodeHeap 'non-nmethods': size=5760Kb used=1188Kb max_used=1203Kb free=4571Kb
 bounds [0x00000212c6c30000, 0x00000212c6ea0000, 0x00000212c71d0000]
 total_blobs=533 nmethods=194 adapters=252
 compilation: enabled
              stopped_count=0, restarted_count=0
 full_count=0

Compilation events (20 events):
Event: 84.300 Thread 0x00000212dace17d0  185       3       java.util.HashMap$KeyIterator::<init> (11 bytes)
Event: 84.300 Thread 0x00000212dace17d0 nmethod 185 0x00000212c7203590 code [0x00000212c7203740, 0x00000212c72038e8]
Event: 84.300 Thread 0x00000212dace17d0  186       3       java.util.HashSet::iterator (13 bytes)
Event: 84.300 Thread 0x00000212dace17d0 nmethod 186 0x00000212c7203990 code [0x00000212c7203b40, 0x00000212c7203dd8]
Event: 84.300 Thread 0x00000212dace17d0  189       3       java.lang.Math::max (11 bytes)
Event: 84.300 Thread 0x00000212dace17d0 nmethod 189 0x00000212c7203f10 code [0x00000212c72040a0, 0x00000212c72041d8]
Event: 84.301 Thread 0x00000212dace17d0  190       1       java.lang.module.ModuleDescriptor::isOpen (5 bytes)
Event: 84.301 Thread 0x00000212dace17d0 nmethod 190 0x00000212ce70e210 code [0x00000212ce70e3a0, 0x00000212ce70e458]
Event: 84.301 Thread 0x00000212dace17d0  191       1       java.lang.module.ResolvedModule::configuration (5 bytes)
Event: 84.301 Thread 0x00000212dace17d0 nmethod 191 0x00000212ce70e510 code [0x00000212ce70e6a0, 0x00000212ce70e758]
Event: 84.301 Thread 0x00000212dace17d0  192       1       java.util.HashMap::size (5 bytes)
Event: 84.301 Thread 0x00000212dace17d0 nmethod 192 0x00000212ce70e810 code [0x00000212ce70e9a0, 0x00000212ce70ea58]
Event: 84.301 Thread 0x00000212dace17d0  193       1       java.lang.module.ModuleDescriptor$Provides::service (5 bytes)
Event: 84.302 Thread 0x00000212dace17d0 nmethod 193 0x00000212ce70eb10 code [0x00000212ce70eca0, 0x00000212ce70ed58]
Event: 84.302 Thread 0x00000212dace17d0  194       3       java.util.AbstractMap::<init> (5 bytes)
Event: 84.303 Thread 0x00000212dace17d0 nmethod 194 0x00000212c7204290 code [0x00000212c7204420, 0x00000212c7204578]
Event: 84.303 Thread 0x00000212dace17d0  196       3       java.util.ImmutableCollections$MapN::get (35 bytes)
Event: 84.304 Thread 0x00000212dace17d0 nmethod 196 0x00000212c7204610 code [0x00000212c72047e0, 0x00000212c7204b78]
Event: 84.304 Thread 0x00000212dace17d0  197       1       java.lang.Module::getDescriptor (5 bytes)
Event: 84.304 Thread 0x00000212dace17d0 nmethod 197 0x00000212ce70f210 code [0x00000212ce70f3a0, 0x00000212ce70f458]

GC Heap History (2 events):
Event: 77.671 GC heap before
{Heap before GC invocations=0 (full 0):
 garbage-first heap   total 63488K, used 0K [0x00000000c3600000, 0x0000000100000000)
  region size 1024K, 1 young (1024K), 0 survivors (0K)
 Metaspace       used 202K, capacity 4480K, committed 4480K, reserved 1064960K
  class space    used 17K, capacity 384K, committed 384K, reserved 1048576K
}
Event: 78.801 GC heap after
{Heap after GC invocations=1 (full 0):
 garbage-first heap   total 63488K, used 489K [0x00000000c3600000, 0x0000000100000000)
  region size 1024K, 1 young (1024K), 1 survivors (1024K)
 Metaspace       used 202K, capacity 4480K, committed 4480K, reserved 1064960K
  class space    used 17K, capacity 384K, committed 384K, reserved 1048576K
}

Deoptimization events (0 events):
No events

Classes unloaded (0 events):
No events

Classes redefined (0 events):
No events

Internal exceptions (4 events):
Event: 80.806 Thread 0x00000212be9f1420 Exception <a 'sun/nio/fs/WindowsException'{0x00000000c7382b70}> (0x00000000c7382b70) 
thrown [./open/src/hotspot/share/prims/jni.cpp, line 578]
Event: 80.807 Thread 0x00000212be9f1420 Exception <a 'sun/nio/fs/WindowsException'{0x00000000c7383098}> (0x00000000c7383098) 
thrown [./open/src/hotspot/share/prims/jni.cpp, line 578]
Event: 80.894 Thread 0x00000212be9f1420 Exception <a 'sun/nio/fs/WindowsException'{0x00000000c7385380}> (0x00000000c7385380) 
thrown [./open/src/hotspot/share/prims/jni.cpp, line 578]
Event: 81.944 Thread 0x00000212be9f1420 Exception <a 'sun/nio/fs/WindowsException'{0x00000000c7385e28}> (0x00000000c7385e28) 
thrown [./open/src/hotspot/share/prims/jni.cpp, line 578]

Events (20 events):
Event: 80.807 loading class java/nio/file/FileSystemException done
Event: 80.807 loading class java/nio/file/NoSuchFileException done
Event: 80.808 loading class java/nio/file/Files$AcceptAllFilter
Event: 80.808 loading class java/nio/file/DirectoryStream$Filter
Event: 80.808 loading class java/nio/file/DirectoryStream$Filter done
Event: 80.808 loading class java/nio/file/Files$AcceptAllFilter done
Event: 80.808 loading class sun/nio/fs/WindowsDirectoryStream$WindowsDirectoryIterator
Event: 80.808 loading class sun/nio/fs/WindowsDirectoryStream$WindowsDirectoryIterator done
Event: 80.847 loading class sun/nio/fs/WindowsPath$WindowsPathWithAttributes
Event: 80.879 loading class sun/nio/fs/BasicFileAttributesHolder
Event: 80.879 loading class sun/nio/fs/BasicFileAttributesHolder done
Event: 80.879 loading class sun/nio/fs/WindowsPath$WindowsPathWithAttributes done
Event: 80.880 loading class java/nio/file/attribute/FileAttribute
Event: 80.894 loading class java/nio/file/attribute/FileAttribute done
Event: 80.894 loading class sun/nio/fs/WindowsSecurityDescriptor
Event: 80.894 loading class sun/nio/fs/WindowsSecurityDescriptor done
Event: 84.269 Executing VM operation: HandshakeAllThreads
Event: 84.269 Executing VM operation: HandshakeAllThreads done
Event: 84.305 loading class jdk/internal/vm/VMSupport
Event: 84.305 loading class jdk/internal/vm/VMSupport done


Dynamic libraries:
0x00007ff6f2250000 - 0x00007ff6f225f000 	C:\Program Files\Java\jdk-15\bin\java.exe
0x00007ffcfb410000 - 0x00007ffcfb607000 	C:\WINDOWS\SYSTEM32\ntdll.dll
0x00007ffcf9d50000 - 0x00007ffcf9e0d000 	C:\WINDOWS\System32\KERNEL32.DLL
0x00007ffcf9170000 - 0x00007ffcf9466000 	C:\WINDOWS\System32\KERNELBASE.dll
0x00007ffcf8be0000 - 0x00007ffcf8ce0000 	C:\WINDOWS\System32\ucrtbase.dll
0x00007ffce1f10000 - 0x00007ffce1f29000 	C:\Program Files\Java\jdk-15\bin\VCRUNTIME140.dll
0x00007ffce6e30000 - 0x00007ffce6e48000 	C:\Program Files\Java\jdk-15\bin\jli.dll
0x00007ffcf9c40000 - 0x00007ffcf9cee000 	C:\WINDOWS\System32\ADVAPI32.dll
0x00007ffcf9a90000 - 0x00007ffcf9b2e000 	C:\WINDOWS\System32\msvcrt.dll
0x00007ffcfa9f0000 - 0x00007ffcfaa8c000 	C:\WINDOWS\System32\sechost.dll
0x00007ffcfb2a0000 - 0x00007ffcfb3c6000 	C:\WINDOWS\System32\RPCRT4.dll
0x00007ffcf96b0000 - 0x00007ffcf984e000 	C:\WINDOWS\System32\USER32.dll
0x00007ffcf9530000 - 0x00007ffcf9552000 	C:\WINDOWS\System32\win32u.dll
0x00007ffcf9610000 - 0x00007ffcf963c000 	C:\WINDOWS\System32\GDI32.dll
0x00007ffcf8fb0000 - 0x00007ffcf90ca000 	C:\WINDOWS\System32\gdi32full.dll
0x00007ffcf90d0000 - 0x00007ffcf916d000 	C:\WINDOWS\System32\msvcp_win.dll
0x00007ffce8ea0000 - 0x00007ffce913a000 	C:\WINDOWS\WinSxS\amd64_microsoft.windows.common-controls_6595b64144ccf1df_6.0.19041.3570_none_60bb2a3971f3e41a\COMCTL32.dll
0x00007ffcea300000 - 0x00007ffcea30a000 	C:\WINDOWS\SYSTEM32\VERSION.dll
0x00007ffcf9930000 - 0x00007ffcf9960000 	C:\WINDOWS\System32\IMM32.DLL
0x00007ffcf1e90000 - 0x00007ffcf1e9c000 	C:\Program Files\Java\jdk-15\bin\vcruntime140_1.dll
0x00007ffcd3e60000 - 0x00007ffcd3ef1000 	C:\Program Files\Java\jdk-15\bin\msvcp140.dll
0x00007ffcc9e80000 - 0x00007ffcca9dc000 	C:\Program Files\Java\jdk-15\bin\server\jvm.dll
0x00007ffcfb290000 - 0x00007ffcfb298000 	C:\WINDOWS\System32\PSAPI.DLL
0x00007ffce6400000 - 0x00007ffce6409000 	C:\WINDOWS\SYSTEM32\WSOCK32.dll
0x00007ffcf9640000 - 0x00007ffcf96ab000 	C:\WINDOWS\System32\WS2_32.dll
0x00007ffce5db0000 - 0x00007ffce5dd7000 	C:\WINDOWS\SYSTEM32\WINMM.dll
0x00007ffcf6c60000 - 0x00007ffcf6c72000 	C:\WINDOWS\SYSTEM32\kernel.appcore.dll
0x00007ffce8750000 - 0x00007ffce875a000 	C:\Program Files\Java\jdk-15\bin\jimage.dll
0x00007ffcf6820000 - 0x00007ffcf6a04000 	C:\WINDOWS\SYSTEM32\DBGHELP.DLL
0x00007ffceb330000 - 0x00007ffceb364000 	C:\WINDOWS\SYSTEM32\dbgcore.DLL
0x00007ffcf9470000 - 0x00007ffcf94f2000 	C:\WINDOWS\System32\bcryptPrimitives.dll
0x00007ffcdf8c0000 - 0x00007ffcdf8f9000 	C:\Program Files\Java\jdk-15\bin\jdwp.dll
0x00007ffcdf320000 - 0x00007ffcdf345000 	C:\Program Files\Java\jdk-15\bin\java.dll
0x00007ffcfa2a0000 - 0x00007ffcfa9e4000 	C:\WINDOWS\System32\SHELL32.dll
0x00007ffcf6c80000 - 0x00007ffcf741b000 	C:\WINDOWS\SYSTEM32\windows.storage.dll
0x00007ffcfaf10000 - 0x00007ffcfb264000 	C:\WINDOWS\System32\combase.dll
0x00007ffcf8550000 - 0x00007ffcf857d000 	C:\WINDOWS\SYSTEM32\Wldp.dll
0x00007ffcf9560000 - 0x00007ffcf960d000 	C:\WINDOWS\System32\SHCORE.dll
0x00007ffcf9cf0000 - 0x00007ffcf9d45000 	C:\WINDOWS\System32\shlwapi.dll
0x00007ffcf8b10000 - 0x00007ffcf8b35000 	C:\WINDOWS\SYSTEM32\profapi.dll
0x00007ffcdea20000 - 0x00007ffcdea39000 	C:\Program Files\Java\jdk-15\bin\net.dll
0x00007ffceaf10000 - 0x00007ffceb01a000 	C:\WINDOWS\SYSTEM32\WINHTTP.dll
0x00007ffcdcb70000 - 0x00007ffcdcb82000 	C:\Program Files\Java\jdk-15\bin\nio.dll
0x00007ffcf82b0000 - 0x00007ffcf831a000 	C:\WINDOWS\SYSTEM32\MSWSOCK.dll
0x00007ffcf1ec0000 - 0x00007ffcf1ecb000 	C:\Program Files\Java\jdk-15\bin\dt_shmem.dll

dbghelp: loaded successfully - version: 4.0.5 - missing functions: none
symbol engine: initialized successfully - sym options: 0x614 - pdb path: .;C:\Program Files\Java\jdk-15\bin;C:\WINDOWS\SYSTEM32;C:\WINDOWS\WinSxS\amd64_microsoft.windows.common-controls_6595b64144ccf1df_6.0.19041.3570_none_60bb2a3971f3e41a;C:\Program Files\Java\jdk-15\bin\server

VM Arguments:
jvm_args: -Dfile.encoding=UTF-8 -agentlib:jdwp=transport=dt_shmem,address=javadebug8771 --module-path=C:\Users\aysha\Documents\NetBeansProjects\java_CRUD\build\classes 
java_command: java_crud.Java_CRUD
java_class_path (initial): C:\Users\aysha\Desktop\lbr\MySqlJdbcDriver\mysql-connector-j-8.1.0.jar;C:\Users\aysha\Desktop\Libraries\rs2xml.jar;C:\Users\aysha\Documents\NetBeansProjects\java_CRUD\build\classes
Launcher Type: SUN_STANDARD

[Global flags]
     intx CICompilerCount                          = 3                                         {product} {ergonomic}
     uint ConcGCThreads                            = 1                                         {product} {ergonomic}
     uint G1ConcRefinementThreads                  = 4                                         {product} {ergonomic}
   size_t G1HeapRegionSize                         = 1048576                                   {product} {ergonomic}
    uintx GCDrainStackTargetSize                   = 64                                        {product} {ergonomic}
   size_t InitialHeapSize                          = 65011712                                  {product} {ergonomic}
   size_t MarkStackSize                            = 4194304                                   {product} {ergonomic}
   size_t MaxHeapSize                              = 1017118720                                {product} {ergonomic}
   size_t MaxNewSize                               = 610271232                                 {product} {ergonomic}
   size_t MinHeapDeltaBytes                        = 1048576                                   {product} {ergonomic}
   size_t MinHeapSize                              = 8388608                                   {product} {ergonomic}
    uintx NonNMethodCodeHeapSize                   = 5832780                                {pd product} {ergonomic}
    uintx NonProfiledCodeHeapSize                  = 122912730                              {pd product} {ergonomic}
    uintx ProfiledCodeHeapSize                     = 122912730                              {pd product} {ergonomic}
    uintx ReservedCodeCacheSize                    = 251658240                              {pd product} {ergonomic}
     bool SegmentedCodeCache                       = true                                      {product} {ergonomic}
   size_t SoftMaxHeapSize                          = 1017118720                             {manageable} {ergonomic}
     bool UseCompressedClassPointers               = true                                 {lp64_product} {ergonomic}
     bool UseCompressedOops                        = true                                 {lp64_product} {ergonomic}
     bool UseG1GC                                  = true                                      {product} {ergonomic}
     bool UseLargePagesIndividualAllocation        = false                                  {pd product} {ergonomic}

Logging:
Log output configuration:
 #0: stdout all=warning uptime,level,tags
 #1: stderr all=off uptime,level,tags

Environment Variables:
JAVA_HOME=C:\Program Files\Java\jdk-15
PATH=C:\Program Files\Common Files\Oracle\Java\javapath;C:\WINDOWS\system32;C:\WINDOWS;C:\WINDOWS\System32\Wbem;C:\WINDOWS\System32\WindowsPowerShell\v1.0\;C:\WINDOWS\System32\OpenSSH\;C:\Program Files\Microsoft SQL Server\150\Tools\Binn\;C:\Program Files\Microsoft\Web Platform Installer\;C:\Program Files (x86)\Microsoft ASP.NET\ASP.NET Web Pages\v1.0\;C:\Program Files (x86)\Windows Kits\8.0\Windows Performance Toolkit\;C:\Program Files\Microsoft SQL Server\110\Tools\Binn\;C:\Program Files\Java\jdk-15\bin;C:\Program Files\MySQL\MySQL Shell 8.0\bin\;C:\Users\aysha\AppData\Local\Microsoft\WindowsApps;C:\Users\aysha\AppData\Local\Programs\Microsoft VS Code\bin
USERNAME=aysha
OS=Windows_NT
PROCESSOR_IDENTIFIER=Intel64 Family 6 Model 142 Stepping 9, GenuineIntel



---------------  S Y S T E M  ---------------

OS:
 Windows 10 , 64 bit Build 19041 (10.0.19041.3570)
OS uptime: 2 days 17:57 hours

CPU: total 4 (initial active 4) (2 cores per cpu, 2 threads per core) family 6 model 142 stepping 9, cmov, cx8, fxsr, mmx, sse, sse2, sse3, ssse3, sse4.1, sse4.2, popcnt, vzeroupper, avx, avx2, aes, clmul, erms, 3dnowpref, lzcnt, ht, tsc, tscinvbit, bmi1, bmi2, adx, fma, clflush, clflushopt

Memory: 4k page, system-wide physical 3879M (270M free)
TotalPageFile size 15655M (AvailPageFile size 6M)
current process WorkingSet (physical memory assigned to process): 30M, peak: 30M
current process commit charge ("private bytes"): 81M, peak: 136M

vm_info: Java HotSpot(TM) 64-Bit Server VM (15+36-1562) for windows-amd64 JRE (15+36-1562), built on Aug 11 2020 22:38:02 by "mach5one" with unknown MS VC++:1925

END.
