#
# There is insufficient memory for the Java Runtime Environment to continue.
# Native memory allocation (malloc) failed to allocate 3032 bytes for AllocateHeap
# Possible reasons:
#   The system is out of physical RAM or swap space
# Possible solutions:
#   Reduce memory load on the system
#   Increase physical memory or swap space
#   Check if swap backing store is full
#   Decrease Java heap size (-Xmx/-Xms)
#   Decrease number of Java threads
#   Decrease Java thread stack sizes (-Xss)
#   Set larger code cache with -XX:ReservedCodeCacheSize=
# This output file may be truncated or incomplete.
#
#  Out of Memory Error (./open/src/hotspot/share/memory/allocation.cpp:44), pid=15712, tid=21212
#
# JRE version:  (15.0+36) (build )
# Java VM: Java HotSpot(TM) 64-Bit Server VM (15+36-1562, mixed mode, sharing, tiered, unknown gc, windows-amd64)
# No core dump will be written. Minidumps are not enabled by default on client versions of Windows
#

---------------  S U M M A R Y ------------

Command Line: 

Host: Intel(R) Core(TM) i3-7100U CPU @ 2.40GHz, 4 cores, 3G,  Windows 10 , 64 bit Build 19041 (10.0.19041.3570)
Time: Mon Dec  4 19:37:19 2023 Sri Lanka Standard Time elapsed time: 9.237769 seconds (0d 0h 0m 9s)

---------------  T H R E A D  ---------------

Current thread is native thread

Stack: [0x000000a187e00000,0x000000a187f00000]
Native frames: (J=compiled Java code, j=interpreted, Vv=VM code, C=native code)
V  [jvm.dll+0x629eaa]
V  [jvm.dll+0x780379]
V  [jvm.dll+0x781ad3]
V  [jvm.dll+0x782133]
V  [jvm.dll+0x2159d5]
V  [jvm.dll+0x8ea92]
V  [jvm.dll+0x3fb434]
V  [jvm.dll+0x9c16e]
V  [jvm.dll+0x73d38d]
V  [jvm.dll+0x3b68e7]
V  [jvm.dll+0x3b8371]
C  [jli.dll+0x52fb]
C  [ucrtbase.dll+0x21bb2]
C  [KERNEL32.DLL+0x17344]
C  [ntdll.dll+0x526b1]


---------------  P R O C E S S  ---------------

VM state: not at safepoint (not fully initialized)

VM Mutex/Monitor currently owned by a thread: None


Dynamic libraries:
0x00007ff6f2250000 - 0x00007ff6f225f000 	C:\Program Files\Java\jdk-15\bin\java.exe
0x00007ffcfb410000 - 0x00007ffcfb607000 	C:\WINDOWS\SYSTEM32\ntdll.dll
0x00007ffcf9d50000 - 0x00007ffcf9e0d000 	C:\WINDOWS\System32\KERNEL32.DLL
0x00007ffcf9170000 - 0x00007ffcf9466000 	C:\WINDOWS\System32\KERNELBASE.dll
0x00007ffcf8be0000 - 0x00007ffcf8ce0000 	C:\WINDOWS\System32\ucrtbase.dll
0x00007ffce1f10000 - 0x00007ffce1f29000 	C:\Program Files\Java\jdk-15\bin\VCRUNTIME140.dll
0x00007ffce6e30000 - 0x00007ffce6e48000 	C:\Program Files\Java\jdk-15\bin\jli.dll
0x00007ffcf9c40000 - 0x00007ffcf9cee000 	C:\WINDOWS\System32\ADVAPI32.dll
0x00007ffcf9a90000 - 0x00007ffcf9b2e000 	C:\WINDOWS\System32\msvcrt.dll
0x00007ffcfa9f0000 - 0x00007ffcfaa8c000 	C:\WINDOWS\System32\sechost.dll
0x00007ffcfb2a0000 - 0x00007ffcfb3c6000 	C:\WINDOWS\System32\RPCRT4.dll
0x00007ffcf96b0000 - 0x00007ffcf984e000 	C:\WINDOWS\System32\USER32.dll
0x00007ffcf9530000 - 0x00007ffcf9552000 	C:\WINDOWS\System32\win32u.dll
0x00007ffcf9610000 - 0x00007ffcf963c000 	C:\WINDOWS\System32\GDI32.dll
0x00007ffcf8fb0000 - 0x00007ffcf90ca000 	C:\WINDOWS\System32\gdi32full.dll
0x00007ffce8ea0000 - 0x00007ffce913a000 	C:\WINDOWS\WinSxS\amd64_microsoft.windows.common-controls_6595b64144ccf1df_6.0.19041.3570_none_60bb2a3971f3e41a\COMCTL32.dll
0x00007ffcf90d0000 - 0x00007ffcf916d000 	C:\WINDOWS\System32\msvcp_win.dll
0x00007ffcea300000 - 0x00007ffcea30a000 	C:\WINDOWS\SYSTEM32\VERSION.dll
0x00007ffcf9930000 - 0x00007ffcf9960000 	C:\WINDOWS\System32\IMM32.DLL
0x00007ffcf1e90000 - 0x00007ffcf1e9c000 	C:\Program Files\Java\jdk-15\bin\vcruntime140_1.dll
0x00007ffcd3e60000 - 0x00007ffcd3ef1000 	C:\Program Files\Java\jdk-15\bin\msvcp140.dll
0x00007ffcc9e80000 - 0x00007ffcca9dc000 	C:\Program Files\Java\jdk-15\bin\server\jvm.dll
0x00007ffcfb290000 - 0x00007ffcfb298000 	C:\WINDOWS\System32\PSAPI.DLL
0x00007ffce6400000 - 0x00007ffce6409000 	C:\WINDOWS\SYSTEM32\WSOCK32.dll
0x00007ffcf9640000 - 0x00007ffcf96ab000 	C:\WINDOWS\System32\WS2_32.dll
0x00007ffce5db0000 - 0x00007ffce5dd7000 	C:\WINDOWS\SYSTEM32\WINMM.dll
0x00007ffcf6820000 - 0x00007ffcf6a04000 	C:\WINDOWS\SYSTEM32\DBGHELP.DLL
0x00007ffceb330000 - 0x00007ffceb364000 	C:\WINDOWS\SYSTEM32\dbgcore.DLL
0x00007ffcf9470000 - 0x00007ffcf94f2000 	C:\WINDOWS\System32\bcryptPrimitives.dll

dbghelp: loaded successfully - version: 4.0.5 - missing functions: none
symbol engine: initialized successfully - sym options: 0x614 - pdb path: .;C:\Program Files\Java\jdk-15\bin;C:\WINDOWS\SYSTEM32;C:\WINDOWS\WinSxS\amd64_microsoft.windows.common-controls_6595b64144ccf1df_6.0.19041.3570_none_60bb2a3971f3e41a;C:\Program Files\Java\jdk-15\bin\server

VM Arguments:
java_command: <unknown>
java_class_path (initial): <not set>
Launcher Type: SUN_STANDARD

[Global flags]
     bool UseLargePagesIndividualAllocation        = false                                  {pd product} {ergonomic}

Logging:
Log output configuration:
 #0: stdout all=warning uptime,level,tags
 #1: stderr all=off uptime,level,tags

Environment Variables:
JAVA_HOME=C:\Program Files\Java\jdk-15
PATH=C:\Program Files\Common Files\Oracle\Java\javapath;C:\WINDOWS\system32;C:\WINDOWS;C:\WINDOWS\System32\Wbem;C:\WINDOWS\System32\WindowsPowerShell\v1.0\;C:\WINDOWS\System32\OpenSSH\;C:\Program Files\Microsoft SQL Server\150\Tools\Binn\;C:\Program Files\Microsoft\Web Platform Installer\;C:\Program Files (x86)\Microsoft ASP.NET\ASP.NET Web Pages\v1.0\;C:\Program Files (x86)\Windows Kits\8.0\Windows Performance Toolkit\;C:\Program Files\Microsoft SQL Server\110\Tools\Binn\;C:\Program Files\Java\jdk-15\bin;C:\Program Files\MySQL\MySQL Shell 8.0\bin\;C:\Users\aysha\AppData\Local\Microsoft\WindowsApps;C:\Users\aysha\AppData\Local\Programs\Microsoft VS Code\bin
USERNAME=aysha
OS=Windows_NT
PROCESSOR_IDENTIFIER=Intel64 Family 6 Model 142 Stepping 9, GenuineIntel



---------------  S Y S T E M  ---------------

OS:
 Windows 10 , 64 bit Build 19041 (10.0.19041.3570)
OS uptime: 2 days 17:57 hours

CPU: total 4 (initial active 0) 

Memory: 4k page, system-wide physical 3879M (262M free)
TotalPageFile size 15655M (AvailPageFile size 11M)
current process WorkingSet (physical memory assigned to process): 7M, peak: 7M
current process commit charge ("private bytes"): 3M, peak: 3M

vm_info: Java HotSpot(TM) 64-Bit Server VM (15+36-1562) for windows-amd64 JRE (15+36-1562), built on Aug 11 2020 22:38:02 by "mach5one" with unknown MS VC++:1925

END.
