#
# There is insufficient memory for the Java Runtime Environment to continue.
# Native memory allocation (malloc) failed to allocate 1048576 bytes for AllocateHeap
# Possible reasons:
#   The system is out of physical RAM or swap space
#   The process is running with CompressedOops enabled, and the Java Heap may be blocking the growth of the native heap
# Possible solutions:
#   Reduce memory load on the system
#   Increase physical memory or swap space
#   Check if swap backing store is full
#   Decrease Java heap size (-Xmx/-Xms)
#   Decrease number of Java threads
#

 "VM Thread" [stack: 0x000000ab6c800000,0x000000ab6c900000] [id=18492]

Stack: [0x000000ab6c800000,0x000000ab6c900000]
[error occurred during error reporting (printing stack bounds), id 0xc0000005, EXCEPTION_ACCESS_VIOLATION (0xc0000005) at pc=0x0000027abc4510ad]

Native frames: (J=compiled Java code, j=interpreted, Vv=VM code, C=native code)
V  [jvm.dll+0x629eaa]
V  [jvm.dll+0x780379]
V  [jvm.dll+0x781ad3]
V  [jvm.dll+0x782095]
V  [jvm.dll+0x78204b]
V  [jvm.dll+0x629379]
V  [jvm.dll+0x629b48]
C  [ntdll.dll+0xa23af]
C  [ntdll.dll+0x514b4]
C  [ntdll.dll+0xa0ebe]
C  0x0000027abc4510ad

VM_Operation (0x000000ab6c2fc290): CollectForMetadataAllocation, mode: safepoint, requested by thread 0x0000027ab4210350


---------------  P R O C E S S  ---------------

Threads class SMR info:
_java_thread_list=0x0000027ad0de22f0, length=20, elements={
0x0000027ab4210350, 0x0000027ad04e1320, 0x0000027ad04e1e00, 0x0000027ad04f8eb0,
0x0000027ad04fb880, 0x0000027ad04fd250, 0x0000027ad04fff00, 0x0000027ad05028c0,
0x0000027ad0571880, 0x0000027ad071b050, 0x0000027ad07c3dd0, 0x0000027ad07b6670,
0x0000027ad07b98b0, 0x0000027ad0808280, 0x0000027ad09ee8b0, 0x0000027ad07489b0,
0x0000027ad05a7580, 0x0000027ad08cfa50, 0x0000027ad0dff100, 0x0000027ad088a720
}

Java Threads: ( => current thread )
  0x0000027ab4210350 JavaThread "main" [_thread_blocked, id=18112, stack(0x000000ab6c200000,0x000000ab6c300000)]
  0x0000027ad04e1320 JavaThread "Reference Handler" daemon [_thread_blocked, id=18596, stack(0x000000ab6c900000,0x000000ab6ca00000)]
  0x0000027ad04e1e00 JavaThread "Finalizer" daemon [_thread_blocked, id=18608, stack(0x000000ab6ca00000,0x000000ab6cb00000)]
  0x0000027ad04f8eb0 JavaThread "Signal Dispatcher" daemon [_thread_blocked, id=18964, stack(0x000000ab6cb00000,0x000000ab6cc00000)]
  0x0000027ad04fb880 JavaThread "Attach Listener" daemon [_thread_blocked, id=18980, stack(0x000000ab6cc00000,0x000000ab6cd00000)]
  0x0000027ad04fd250 JavaThread "Service Thread" daemon [_thread_blocked, id=19000, stack(0x000000ab6cd00000,0x000000ab6ce00000)]
  0x0000027ad04fff00 JavaThread "C2 CompilerThread0" daemon [_thread_blocked, id=19008, stack(0x000000ab6ce00000,0x000000ab6cf00000)]
  0x0000027ad05028c0 JavaThread "C1 CompilerThread0" daemon [_thread_blocked, id=19064, stack(0x000000ab6cf00000,0x000000ab6d000000)]
  0x0000027ad0571880 JavaThread "Sweeper thread" daemon [_thread_blocked, id=19096, stack(0x000000ab6d000000,0x000000ab6d100000)]
  0x0000027ad071b050 JavaThread "Common-Cleaner" daemon [_thread_blocked, id=19392, stack(0x000000ab6d100000,0x000000ab6d200000)]
  0x0000027ad07c3dd0 JavaThread "JDWP Transport Listener: dt_shmem" daemon [_thread_blocked, id=20188, stack(0x000000ab6d200000,0x000000ab6d300000)]
  0x0000027ad07b6670 JavaThread "JDWP Event Helper Thread" daemon [_thread_blocked, id=20192, stack(0x000000ab6d300000,0x000000ab6d400000)]
  0x0000027ad07b98b0 JavaThread "JDWP Command Reader" daemon [_thread_in_native, id=20220, stack(0x000000ab6d400000,0x000000ab6d500000)]
  0x0000027ad0808280 JavaThread "Notification Thread" daemon [_thread_blocked, id=4044, stack(0x000000ab6d500000,0x000000ab6d600000)]
  0x0000027ad09ee8b0 JavaThread "Java2D Disposer" daemon [_thread_blocked, id=9624, stack(0x000000ab6d700000,0x000000ab6d800000)]
  0x0000027ad07489b0 JavaThread "AWT-Windows" daemon [_thread_in_native, id=3676, stack(0x000000ab6d900000,0x000000ab6da00000)]
  0x0000027ad05a7580 JavaThread "Image Fetcher 0" daemon [_thread_blocked, id=14132, stack(0x000000ab6d800000,0x000000ab6d900000)]
  0x0000027ad08cfa50 JavaThread "AWT-Shutdown" [_thread_blocked, id=14712, stack(0x000000ab6da00000,0x000000ab6db00000)]
  0x0000027ad0dff100 JavaThread "AWT-EventQueue-0" [_thread_blocked, id=14840, stack(0x000000ab6db00000,0x000000ab6dc00000)]
  0x0000027ad088a720 JavaThread "org.netbeans.modules.debugger.jpda.visual AWT Access Loop" daemon [_thread_blocked, id=15040, stack(0x000000ab6dc00000,0x000000ab6dd00000)]

Other Threads:
=>0x0000027ad04dd3e0 VMThread "VM Thread" [stack: 0x000000ab6c800000,0x000000ab6c900000] [id=18492]
  0x0000027ab4211480 WatcherThread [stack: 0x000000ab6d600000,0x000000ab6d700000] [id=3184]
  0x0000027ab423e9d0 GCTaskThread "GC Thread#0" [stack: 0x000000ab6c300000,0x000000ab6c400000] [id=17424]
  0x0000027ad07c5310 GCTaskThread "GC Thread#1" [stack: 0x000000ab6dd00000,0x000000ab6de00000] [id=16868]
  0x0000027ab4248500 ConcurrentGCThread "G1 Main Marker" [stack: 0x000000ab6c400000,0x000000ab6c500000] [id=12520]
  0x0000027ab4249080 ConcurrentGCThread "G1 Conc#0" [stack: 0x000000ab6c500000,0x000000ab6c600000] [id=12540]
  0x0000027ab4287680 ConcurrentGCThread "G1 Refine#0" [stack: 0x000000ab6c600000,0x000000ab6c700000] [id=18448]
  0x0000027ab42890c0 ConcurrentGCThread "G1 Young RemSet Sampling" [stack: 0x000000ab6c700000,0x000000ab6c800000] [id=18452]

Threads with active compile tasks:

VM state: at safepoint (normal execution)

VM Mutex/Monitor currently owned by a thread:  ([mutex/lock_event])
[0x0000027ab420c990] Threads_lock - owner thread: 0x0000027ad04dd3e0
[0x0000027ab420db90] Heap_lock - owner thread: 0x0000027ab4210350

Heap address: 0x00000000c3600000, size: 970 MB, Compressed Oops mode: 32-bit
CDS archive(s) mapped at: [0x0000000800000000-0x0000000800b50000-0x0000000800b50000), size 11862016, SharedBaseAddress: 0x0000000800000000, ArchiveRelocationMode: 0.
Compressed class space mapped at: 0x0000000800b50000-0x0000000840b50000, size: 1073741824
Narrow klass base: 0x0000000800000000, Narrow klass shift: 3, Narrow klass range: 0x100000000

GC Precious Log:
 CPUs: 4 total, 4 available
 Memory: 3879M
 Large Page Support: Disabled
 NUMA Support: Disabled
 Compressed Oops: Enabled (32-bit)
 Heap Region Size: 1M
 Heap Min Capacity: 8M
 Heap Initial Capacity: 62M
 Heap Max Capacity: 970M
 Pre-touch: Disabled
 Parallel Workers: 4
 Concurrent Workers: 1
 Concurrent Refinement Workers: 4
 Periodic GC: Disabled

Heap:
 garbage-first heap   total 63488K, used 3042K [0x00000000c3600000, 0x0000000100000000)
  region size 1024K, 2 young (2048K), 2 survivors (2048K)
 Metaspace       used 7890K, capacity 8103K, committed 8192K, reserved 1064960K
  class space    used 892K, capacity 970K, committed 1024K, reserved 1048576K

Heap Regions: E=young(eden), S=young(survivor), O=old, HS=humongous(starts), HC=humongous(continues), CS=collection set, F=free, OA=open archive, CA=closed archive, TAMS=top-at-mark-start (previous, next)
|   0|0x00000000c3600000, 0x00000000c36f8800, 0x00000000c3700000| 97%| O|  |TAMS 0x00000000c3600000, 0x00000000c3600000| Untracked 
|   1|0x00000000c3700000, 0x00000000c3700000, 0x00000000c3800000|  0%| F|  |TAMS 0x00000000c3700000, 0x00000000c3700000| Untracked 
|   2|0x00000000c3800000, 0x00000000c3800000, 0x00000000c3900000|  0%| F|  |TAMS 0x00000000c3800000, 0x00000000c3800000| Untracked 
|   3|0x00000000c3900000, 0x00000000c3900000, 0x00000000c3a00000|  0%| F|  |TAMS 0x00000000c3900000, 0x00000000c3900000| Untracked 
|   4|0x00000000c3a00000, 0x00000000c3a00000, 0x00000000c3b00000|  0%| F|  |TAMS 0x00000000c3a00000, 0x00000000c3a00000| Untracked 
|   5|0x00000000c3b00000, 0x00000000c3b00000, 0x00000000c3c00000|  0%| F|  |TAMS 0x00000000c3b00000, 0x00000000c3b00000| Untracked 
|   6|0x00000000c3c00000, 0x00000000c3c00000, 0x00000000c3d00000|  0%| F|  |TAMS 0x00000000c3c00000, 0x00000000c3c00000| Untracked 
|   7|0x00000000c3d00000, 0x00000000c3d00000, 0x00000000c3e00000|  0%| F|  |TAMS 0x00000000c3d00000, 0x00000000c3d00000| Untracked 
|   8|0x00000000c3e00000, 0x00000000c3e00000, 0x00000000c3f00000|  0%| F|  |TAMS 0x00000000c3e00000, 0x00000000c3e00000| Untracked 
|   9|0x00000000c3f00000, 0x00000000c3f00000, 0x00000000c4000000|  0%| F|  |TAMS 0x00000000c3f00000, 0x00000000c3f00000| Untracked 
|  10|0x00000000c4000000, 0x00000000c4000000, 0x00000000c4100000|  0%| F|  |TAMS 0x00000000c4000000, 0x00000000c4000000| Untracked 
|  11|0x00000000c4100000, 0x00000000c4100000, 0x00000000c4200000|  0%| F|  |TAMS 0x00000000c4100000, 0x00000000c4100000| Untracked 
|  12|0x00000000c4200000, 0x00000000c4200000, 0x00000000c4300000|  0%| F|  |TAMS 0x00000000c4200000, 0x00000000c4200000| Untracked 
|  13|0x00000000c4300000, 0x00000000c4300000, 0x00000000c4400000|  0%| F|  |TAMS 0x00000000c4300000, 0x00000000c4300000| Untracked 
|  14|0x00000000c4400000, 0x00000000c4400000, 0x00000000c4500000|  0%| F|  |TAMS 0x00000000c4400000, 0x00000000c4400000| Untracked 
|  15|0x00000000c4500000, 0x00000000c4500000, 0x00000000c4600000|  0%| F|  |TAMS 0x00000000c4500000, 0x00000000c4500000| Untracked 
|  16|0x00000000c4600000, 0x00000000c4600000, 0x00000000c4700000|  0%| F|  |TAMS 0x00000000c4600000, 0x00000000c4600000| Untracked 
|  17|0x00000000c4700000, 0x00000000c4700000, 0x00000000c4800000|  0%| F|  |TAMS 0x00000000c4700000, 0x00000000c4700000| Untracked 
|  18|0x00000000c4800000, 0x00000000c4800000, 0x00000000c4900000|  0%| F|  |TAMS 0x00000000c4800000, 0x00000000c4800000| Untracked 
|  19|0x00000000c4900000, 0x00000000c4900000, 0x00000000c4a00000|  0%| F|  |TAMS 0x00000000c4900000, 0x00000000c4900000| Untracked 
|  20|0x00000000c4a00000, 0x00000000c4a00000, 0x00000000c4b00000|  0%| F|  |TAMS 0x00000000c4a00000, 0x00000000c4a00000| Untracked 
|  21|0x00000000c4b00000, 0x00000000c4b00000, 0x00000000c4c00000|  0%| F|  |TAMS 0x00000000c4b00000, 0x00000000c4b00000| Untracked 
|  22|0x00000000c4c00000, 0x00000000c4c00000, 0x00000000c4d00000|  0%| F|  |TAMS 0x00000000c4c00000, 0x00000000c4c00000| Untracked 
|  23|0x00000000c4d00000, 0x00000000c4d00000, 0x00000000c4e00000|  0%| F|  |TAMS 0x00000000c4d00000, 0x00000000c4d00000| Untracked 
|  24|0x00000000c4e00000, 0x00000000c4e00000, 0x00000000c4f00000|  0%| F|  |TAMS 0x00000000c4e00000, 0x00000000c4e00000| Untracked 
|  25|0x00000000c4f00000, 0x00000000c4f00000, 0x00000000c5000000|  0%| F|  |TAMS 0x00000000c4f00000, 0x00000000c4f00000| Untracked 
|  26|0x00000000c5000000, 0x00000000c5000000, 0x00000000c5100000|  0%| F|  |TAMS 0x00000000c5000000, 0x00000000c5000000| Untracked 
|  27|0x00000000c5100000, 0x00000000c5100000, 0x00000000c5200000|  0%| F|  |TAMS 0x00000000c5100000, 0x00000000c5100000| Untracked 
|  28|0x00000000c5200000, 0x00000000c5200000, 0x00000000c5300000|  0%| F|  |TAMS 0x00000000c5200000, 0x00000000c5200000| Untracked 
|  29|0x00000000c5300000, 0x00000000c5300000, 0x00000000c5400000|  0%| F|  |TAMS 0x00000000c5300000, 0x00000000c5300000| Untracked 
|  30|0x00000000c5400000, 0x00000000c5400000, 0x00000000c5500000|  0%| F|  |TAMS 0x00000000c5400000, 0x00000000c5400000| Untracked 
|  31|0x00000000c5500000, 0x00000000c5500000, 0x00000000c5600000|  0%| F|  |TAMS 0x00000000c5500000, 0x00000000c5500000| Untracked 
|  32|0x00000000c5600000, 0x00000000c5600000, 0x00000000c5700000|  0%| F|  |TAMS 0x00000000c5600000, 0x00000000c5600000| Untracked 
|  33|0x00000000c5700000, 0x00000000c5700000, 0x00000000c5800000|  0%| F|  |TAMS 0x00000000c5700000, 0x00000000c5700000| Untracked 
|  34|0x00000000c5800000, 0x00000000c5800000, 0x00000000c5900000|  0%| F|  |TAMS 0x00000000c5800000, 0x00000000c5800000| Untracked 
|  35|0x00000000c5900000, 0x00000000c5900000, 0x00000000c5a00000|  0%| F|  |TAMS 0x00000000c5900000, 0x00000000c5900000| Untracked 
|  36|0x00000000c5a00000, 0x00000000c5a00000, 0x00000000c5b00000|  0%| F|  |TAMS 0x00000000c5a00000, 0x00000000c5a00000| Untracked 
|  37|0x00000000c5b00000, 0x00000000c5b00000, 0x00000000c5c00000|  0%| F|  |TAMS 0x00000000c5b00000, 0x00000000c5b00000| Untracked 
|  38|0x00000000c5c00000, 0x00000000c5c00000, 0x00000000c5d00000|  0%| F|  |TAMS 0x00000000c5c00000, 0x00000000c5c00000| Untracked 
|  39|0x00000000c5d00000, 0x00000000c5d00000, 0x00000000c5e00000|  0%| F|  |TAMS 0x00000000c5d00000, 0x00000000c5d00000| Untracked 
|  40|0x00000000c5e00000, 0x00000000c5e00000, 0x00000000c5f00000|  0%| F|  |TAMS 0x00000000c5e00000, 0x00000000c5e00000| Untracked 
|  41|0x00000000c5f00000, 0x00000000c5f00000, 0x00000000c6000000|  0%| F|  |TAMS 0x00000000c5f00000, 0x00000000c5f00000| Untracked 
|  42|0x00000000c6000000, 0x00000000c6000000, 0x00000000c6100000|  0%| F|  |TAMS 0x00000000c6000000, 0x00000000c6000000| Untracked 
|  43|0x00000000c6100000, 0x00000000c6100000, 0x00000000c6200000|  0%| F|  |TAMS 0x00000000c6100000, 0x00000000c6100000| Untracked 
|  44|0x00000000c6200000, 0x00000000c6200000, 0x00000000c6300000|  0%| F|  |TAMS 0x00000000c6200000, 0x00000000c6200000| Untracked 
|  45|0x00000000c6300000, 0x00000000c6300000, 0x00000000c6400000|  0%| F|  |TAMS 0x00000000c6300000, 0x00000000c6300000| Untracked 
|  46|0x00000000c6400000, 0x00000000c6400000, 0x00000000c6500000|  0%| F|  |TAMS 0x00000000c6400000, 0x00000000c6400000| Untracked 
|  47|0x00000000c6500000, 0x00000000c6500000, 0x00000000c6600000|  0%| F|  |TAMS 0x00000000c6500000, 0x00000000c6500000| Untracked 
|  48|0x00000000c6600000, 0x00000000c6600000, 0x00000000c6700000|  0%| F|  |TAMS 0x00000000c6600000, 0x00000000c6600000| Untracked 
|  49|0x00000000c6700000, 0x00000000c6700000, 0x00000000c6800000|  0%| F|  |TAMS 0x00000000c6700000, 0x00000000c6700000| Untracked 
|  50|0x00000000c6800000, 0x00000000c6800000, 0x00000000c6900000|  0%| F|  |TAMS 0x00000000c6800000, 0x00000000c6800000| Untracked 
|  51|0x00000000c6900000, 0x00000000c6a00000, 0x00000000c6a00000|100%| S|CS|TAMS 0x00000000c6900000, 0x00000000c6900000| Complete 
|  52|0x00000000c6a00000, 0x00000000c6b00000, 0x00000000c6b00000|100%| S|CS|TAMS 0x00000000c6a00000, 0x00000000c6a00000| Complete 
|  53|0x00000000c6b00000, 0x00000000c6b00000, 0x00000000c6c00000|  0%| F|  |TAMS 0x00000000c6b00000, 0x00000000c6b00000| Untracked 
|  54|0x00000000c6c00000, 0x00000000c6c00000, 0x00000000c6d00000|  0%| F|  |TAMS 0x00000000c6c00000, 0x00000000c6c00000| Untracked 
|  55|0x00000000c6d00000, 0x00000000c6d00000, 0x00000000c6e00000|  0%| F|  |TAMS 0x00000000c6d00000, 0x00000000c6d00000| Untracked 
|  56|0x00000000c6e00000, 0x00000000c6e00000, 0x00000000c6f00000|  0%| F|  |TAMS 0x00000000c6e00000, 0x00000000c6e00000| Untracked 
|  57|0x00000000c6f00000, 0x00000000c6f00000, 0x00000000c7000000|  0%| F|  |TAMS 0x00000000c6f00000, 0x00000000c6f00000| Untracked 
|  58|0x00000000c7000000, 0x00000000c7000000, 0x00000000c7100000|  0%| F|  |TAMS 0x00000000c7000000, 0x00000000c7000000| Untracked 
|  59|0x00000000c7100000, 0x00000000c7100000, 0x00000000c7200000|  0%| F|  |TAMS 0x00000000c7100000, 0x00000000c7100000| Untracked 
|  60|0x00000000c7200000, 0x00000000c7200000, 0x00000000c7300000|  0%| F|  |TAMS 0x00000000c7200000, 0x00000000c7200000| Untracked 
|  61|0x00000000c7300000, 0x00000000c7300000, 0x00000000c7400000|  0%| F|  |TAMS 0x00000000c7300000, 0x00000000c7300000| Untracked 

Card table byte_map: [0x0000027acb640000,0x0000027acb830000] _byte_map_base: 0x0000027acb025000

Marking Bits (Prev, Next): (CMBitMap*) 0x0000027ab4240160, (CMBitMap*) 0x0000027ab42401a0
 Prev Bits: [0x0000027acba20000, 0x0000027acc948000)
 Next Bits: [0x0000027acc950000, 0x0000027acd878000)

Polling page: 0x0000027ab2050000

Metaspace:

Usage:
  Non-class:      6.97 MB capacity,     6.83 MB ( 98%) used,   123.57 KB (  2%) free+waste,    11.19 KB ( <1%) overhead. 
      Class:    970.00 KB capacity,   892.05 KB ( 92%) used,    72.83 KB (  8%) free+waste,     5.12 KB ( <1%) overhead. 
       Both:      7.91 MB capacity,     7.71 MB ( 97%) used,   196.40 KB (  2%) free+waste,    16.31 KB ( <1%) overhead. 

Virtual space:
  Non-class space:       16.00 MB reserved,       7.00 MB ( 44%) committed 
      Class space:        1.00 GB reserved,       1.00 MB ( <1%) committed 
             Both:        1.02 GB reserved,       8.00 MB ( <1%) committed 

Chunk freelists:
   Non-Class:  35.00 KB
       Class:  22.00 KB
        Both:  57.00 KB

MaxMetaspaceSize: 17179869184.00 GB
CompressedClassSpaceSize: 1.00 GB

CodeHeap 'non-profiled nmethods': size=120000Kb used=251Kb max_used=251Kb free=119748Kb
 bounds [0x0000027ac3f20000, 0x0000027ac4190000, 0x0000027acb450000]
CodeHeap 'profiled nmethods': size=120000Kb used=1364Kb max_used=1364Kb free=118635Kb
 bounds [0x0000027abc9f0000, 0x0000027abcc60000, 0x0000027ac3f20000]
CodeHeap 'non-nmethods': size=5760Kb used=1354Kb max_used=1370Kb free=4405Kb
 bounds [0x0000027abc450000, 0x0000027abc6c0000, 0x0000027abc9f0000]
 total_blobs=1397 nmethods=845 adapters=465
 compilation: enabled
              stopped_count=0, restarted_count=0
 full_count=0

Compilation events (20 events):
Event: 84.160 Thread 0x0000027ad05028c0 nmethod 834 0x0000027abcb42890 code [0x0000027abcb42a40, 0x0000027abcb42be8]
Event: 84.160 Thread 0x0000027ad04fff00 nmethod 836 0x0000027ac3f5df10 code [0x0000027ac3f5e080, 0x0000027ac3f5e0f8]
Event: 84.160 Thread 0x0000027ad04fff00  837   !   4       java.nio.DirectByteBuffer::get (32 bytes)
Event: 84.161 Thread 0x0000027ad04fff00 nmethod 837 0x0000027ac3f5e210 code [0x0000027ac3f5e380, 0x0000027ac3f5e438]
Event: 84.192 Thread 0x0000027ad05028c0  838       1       java.awt.Component::getParent_NoClientCode (5 bytes)
Event: 84.192 Thread 0x0000027ad05028c0 nmethod 838 0x0000027ac3f5e510 code [0x0000027ac3f5e6a0, 0x0000027ac3f5e758]
Event: 84.192 Thread 0x0000027ad05028c0  839       3       java.awt.Component::getTreeLock (4 bytes)
Event: 84.192 Thread 0x0000027ad05028c0 nmethod 839 0x0000027abcb42c90 code [0x0000027abcb42e20, 0x0000027abcb42f38]
Event: 85.201 Thread 0x0000027ad05028c0  840       3       java.awt.Component::getContainer (5 bytes)
Event: 85.202 Thread 0x0000027ad05028c0 nmethod 840 0x0000027abcb43010 code [0x0000027abcb431a0, 0x0000027abcb432b8]
Event: 85.202 Thread 0x0000027ad05028c0  841       3       java.util.ArrayList::get (15 bytes)
Event: 85.202 Thread 0x0000027ad05028c0 nmethod 841 0x0000027abcb43390 code [0x0000027abcb43560, 0x0000027abcb438a8]
Event: 85.717 Thread 0x0000027ad04fff00  842       4       java.lang.StringLatin1::canEncode (13 bytes)
Event: 85.718 Thread 0x0000027ad04fff00 nmethod 842 0x0000027ac3f5e810 code [0x0000027ac3f5e980, 0x0000027ac3f5e9d8]
Event: 85.720 Thread 0x0000027ad05028c0  843       3       java.lang.StringLatin1::toLowerCase (186 bytes)
Event: 85.723 Thread 0x0000027ad05028c0 nmethod 843 0x0000027abcb43a90 code [0x0000027abcb43d00, 0x0000027abcb44838]
Event: 85.733 Thread 0x0000027ad05028c0  844       3       java.lang.String::toLowerCase (29 bytes)
Event: 85.734 Thread 0x0000027ad05028c0 nmethod 844 0x0000027abcb44d10 code [0x0000027abcb44ee0, 0x0000027abcb45198]
Event: 85.736 Thread 0x0000027ad04fff00  845       4       java.lang.CharacterDataLatin1::toLowerCase (39 bytes)
Event: 85.738 Thread 0x0000027ad04fff00 nmethod 845 0x0000027ac3f5eb10 code [0x0000027ac3f5ec80, 0x0000027ac3f5ed78]

GC Heap History (2 events):
Event: 85.745 GC heap before
{Heap before GC invocations=0 (full 0):
 garbage-first heap   total 63488K, used 8192K [0x00000000c3600000, 0x0000000100000000)
  region size 1024K, 9 young (9216K), 0 survivors (0K)
 Metaspace       used 7890K, capacity 8103K, committed 8192K, reserved 1062912K
  class space    used 892K, capacity 970K, committed 1024K, reserved 1048576K
}
Event: 85.844 GC heap after
{Heap after GC invocations=1 (full 0):
 garbage-first heap   total 63488K, used 3042K [0x00000000c3600000, 0x0000000100000000)
  region size 1024K, 2 young (2048K), 2 survivors (2048K)
 Metaspace       used 7890K, capacity 8103K, committed 8192K, reserved 1062912K
  class space    used 892K, capacity 970K, committed 1024K, reserved 1048576K
}

Deoptimization events (20 events):
Event: 83.146 Thread 0x0000027ab4210350 Uncommon trap: trap_request=0xffffff45 fr.pc=0x0000027ac3f4eb4c relative=0x00000000000003ac
Event: 83.146 Thread 0x0000027ab4210350 Uncommon trap: reason=unstable_if action=reinterpret pc=0x0000027ac3f4eb4c method=java.lang.StringUTF16.compress([CI[BII)I @ 20 c2
Event: 83.146 Thread 0x0000027ab4210350 DEOPT PACKING pc=0x0000027ac3f4eb4c sp=0x000000ab6c2fd470
Event: 83.146 Thread 0x0000027ab4210350 DEOPT UNPACKING pc=0x0000027abc49e42f sp=0x000000ab6c2fd3f0 mode 2
Event: 84.119 Thread 0x0000027ab4210350 Uncommon trap: trap_request=0xffffffc6 fr.pc=0x0000027ac3f51b2c relative=0x0000000000000eac
Event: 84.119 Thread 0x0000027ab4210350 Uncommon trap: reason=bimorphic_or_optimized_type_check action=maybe_recompile pc=0x0000027ac3f51b2c method=java.util.HashMap.putVal(ILjava/lang/Object;Ljava/lang/Object;ZZ)Ljava/lang/Object; @ 152 c2
Event: 84.119 Thread 0x0000027ab4210350 DEOPT PACKING pc=0x0000027ac3f51b2c sp=0x000000ab6c2fcc90
Event: 84.119 Thread 0x0000027ab4210350 DEOPT UNPACKING pc=0x0000027abc49e42f sp=0x000000ab6c2fcbd8 mode 2
Event: 84.119 Thread 0x0000027ab4210350 Uncommon trap: trap_request=0xffffffc6 fr.pc=0x0000027ac3f51b2c relative=0x0000000000000eac
Event: 84.119 Thread 0x0000027ab4210350 Uncommon trap: reason=bimorphic_or_optimized_type_check action=maybe_recompile pc=0x0000027ac3f51b2c method=java.util.HashMap.putVal(ILjava/lang/Object;Ljava/lang/Object;ZZ)Ljava/lang/Object; @ 152 c2
Event: 84.119 Thread 0x0000027ab4210350 DEOPT PACKING pc=0x0000027ac3f51b2c sp=0x000000ab6c2fcc90
Event: 84.119 Thread 0x0000027ab4210350 DEOPT UNPACKING pc=0x0000027abc49e42f sp=0x000000ab6c2fcbd8 mode 2
Event: 84.119 Thread 0x0000027ab4210350 Uncommon trap: trap_request=0xffffffc6 fr.pc=0x0000027ac3f51b2c relative=0x0000000000000eac
Event: 84.119 Thread 0x0000027ab4210350 Uncommon trap: reason=bimorphic_or_optimized_type_check action=maybe_recompile pc=0x0000027ac3f51b2c method=java.util.HashMap.putVal(ILjava/lang/Object;Ljava/lang/Object;ZZ)Ljava/lang/Object; @ 152 c2
Event: 84.119 Thread 0x0000027ab4210350 DEOPT PACKING pc=0x0000027ac3f51b2c sp=0x000000ab6c2fcc90
Event: 84.119 Thread 0x0000027ab4210350 DEOPT UNPACKING pc=0x0000027abc49e42f sp=0x000000ab6c2fcbd8 mode 2
Event: 84.119 Thread 0x0000027ab4210350 Uncommon trap: trap_request=0xffffffc6 fr.pc=0x0000027ac3f51b2c relative=0x0000000000000eac
Event: 84.119 Thread 0x0000027ab4210350 Uncommon trap: reason=bimorphic_or_optimized_type_check action=maybe_recompile pc=0x0000027ac3f51b2c method=java.util.HashMap.putVal(ILjava/lang/Object;Ljava/lang/Object;ZZ)Ljava/lang/Object; @ 152 c2
Event: 84.119 Thread 0x0000027ab4210350 DEOPT PACKING pc=0x0000027ac3f51b2c sp=0x000000ab6c2fcc90
Event: 84.119 Thread 0x0000027ab4210350 DEOPT UNPACKING pc=0x0000027abc49e42f sp=0x000000ab6c2fcbd8 mode 2

Classes unloaded (0 events):
No events

Classes redefined (0 events):
No events

Internal exceptions (17 events):
Event: 7.637 Thread 0x0000027ab4210350 Exception <a 'sun/nio/fs/WindowsException'{0x00000000c721b848}> (0x00000000c721b848) 
thrown [./open/src/hotspot/share/prims/jni.cpp, line 578]
Event: 7.637 Thread 0x0000027ab4210350 Exception <a 'sun/nio/fs/WindowsException'{0x00000000c721bd70}> (0x00000000c721bd70) 
thrown [./open/src/hotspot/share/prims/jni.cpp, line 578]
Event: 7.813 Thread 0x0000027ab4210350 Exception <a 'sun/nio/fs/WindowsException'{0x00000000c721e058}> (0x00000000c721e058) 
thrown [./open/src/hotspot/share/prims/jni.cpp, line 578]
Event: 7.813 Thread 0x0000027ab4210350 Exception <a 'sun/nio/fs/WindowsException'{0x00000000c721eb00}> (0x00000000c721eb00) 
thrown [./open/src/hotspot/share/prims/jni.cpp, line 578]
Event: 47.459 Thread 0x0000027ab4210350 Exception <a 'java/lang/NoSuchMethodError'{0x00000000c712b158}: 'void java.lang.invoke.DirectMethodHandle$Holder.invokeSpecial(java.lang.Object, java.lang.Object, java.lang.Object)'> (0x00000000c712b158) 
thrown [./open/src/hotspot/share/interpreter/linkResolver.cpp, line 782]
Event: 47.682 Thread 0x0000027ab4210350 Exception <a 'java/lang/ClassNotFoundException'{0x00000000c713f8d0}: sun/awt/resources/spi/awtProvider> (0x00000000c713f8d0) 
thrown [./open/src/hotspot/share/classfile/systemDictionary.cpp, line 295]
Event: 49.698 Thread 0x0000027ab4210350 Exception <a 'java/io/FileNotFoundException'{0x00000000c71960b0}> (0x00000000c71960b0) 
thrown [./open/src/hotspot/share/prims/jni.cpp, line 578]
Event: 49.796 Thread 0x0000027ab4210350 Exception <a 'java/io/FileNotFoundException'{0x00000000c71c4b70}> (0x00000000c71c4b70) 
thrown [./open/src/hotspot/share/prims/jni.cpp, line 578]
Event: 50.076 Thread 0x0000027ab4210350 Exception <a 'java/lang/NoSuchMethodError'{0x00000000c71c5c58}: 'java.lang.Object java.lang.invoke.DirectMethodHandle$Holder.invokeStatic(java.lang.Object)'> (0x00000000c71c5c58) 
thrown [./open/src/hotspot/share/interpreter/linkResolver.cpp, line 782]
Event: 53.562 Thread 0x0000027ab4210350 Exception <a 'java/lang/NoSuchMethodError'{0x00000000c701bf30}: 'java.lang.Object java.lang.invoke.DirectMethodHandle$Holder.invokeStaticInit(java.lang.Object)'> (0x00000000c701bf30) 
thrown [./open/src/hotspot/share/interpreter/linkResolver.cpp, line 782]
Event: 65.225 Thread 0x0000027ab4210350 Exception <a 'java/lang/NoSuchMethodError'{0x00000000c6f131b8}: 'java.lang.Object java.lang.invoke.DirectMethodHandle$Holder.newInvokeSpecial(java.lang.Object, java.lang.Object, java.lang.Object, java.lang.Object, java.lang.Object)'> (0x00000000c6f131b8) 
thrown [./open/src/hotspot/share/interpreter/linkResolver.cpp, line 782]
Event: 65.233 Thread 0x0000027ab4210350 Exception <a 'java/lang/NoSuchMethodError'{0x00000000c6f1ec48}: 'java.lang.Object java.lang.invoke.DirectMethodHandle$Holder.invokeStatic(java.lang.Object, int, java.lang.Object, java.lang.Object, java.lang.Object, java.lang.Object)'> (0x00000000c6f1ec48) 
thrown [./open/src/hotspot/share/interpreter/linkResolver.cpp, line 782]
Event: 65.257 Thread 0x0000027ab4210350 Exception <a 'java/lang/NoSuchMethodError'{0x00000000c6f45140}: 'java.lang.Object java.lang.invoke.DirectMethodHandle$Holder.invokeStatic(java.lang.Object, int, java.lang.Object)'> (0x00000000c6f45140) 
thrown [./open/src/hotspot/share/interpreter/linkResolver.cpp, line 782]
Event: 65.678 Thread 0x0000027ab4210350 Exception <a 'java/lang/ClassNotFoundException'{0x00000000c6ffd990}: com/sun/swing/internal/plaf/metal/resources/spi/metalProvider> (0x00000000c6ffd990) 
thrown [./open/src/hotspot/share/classfile/systemDictionary.cpp, line 295]
Event: 65.773 Thread 0x0000027ab4210350 Exception <a 'java/lang/ClassNotFoundException'{0x00000000c6e020e8}: com/sun/swing/internal/plaf/basic/resources/spi/basicProvider> (0x00000000c6e020e8) 
thrown [./open/src/hotspot/share/classfile/systemDictionary.cpp, line 295]
Event: 82.132 Thread 0x0000027ad05a7580 Exception <a 'java/lang/NoSuchMethodError'{0x00000000c6defda8}: 'java.lang.Object java.lang.invoke.DirectMethodHandle$Holder.newInvokeSpecial(java.lang.Object, java.lang.Object, java.lang.Object, int, int, int, int, int)'> (0x00000000c6defda8) 
thrown [./open/src/hotspot/share/interpreter/linkResolver.cpp, line 782]
Event: 83.121 Thread 0x0000027ab4210350 Exception <a 'java/lang/NoSuchMethodError'{0x00000000c6e79180}: 'void java.lang.invoke.DirectMethodHandle$Holder.invokeStaticInit(java.lang.Object)'> (0x00000000c6e79180) 
thrown [./open/src/hotspot/share/interpreter/linkResolver.cpp, line 782]

Events (20 events):
Event: 85.743 loading class java/nio/channels/ByteChannel
Event: 85.743 loading class java/nio/channels/ReadableByteChannel
Event: 85.743 loading class java/nio/channels/Channel
Event: 85.743 loading class java/nio/channels/Channel done
Event: 85.743 loading class java/nio/channels/ReadableByteChannel done
Event: 85.743 loading class java/nio/channels/WritableByteChannel
Event: 85.744 loading class java/nio/channels/WritableByteChannel done
Event: 85.744 loading class java/nio/channels/ByteChannel done
Event: 85.744 loading class java/nio/channels/SeekableByteChannel done
Event: 85.744 loading class java/nio/channels/GatheringByteChannel
Event: 85.744 loading class java/nio/channels/GatheringByteChannel done
Event: 85.744 loading class java/nio/channels/ScatteringByteChannel
Event: 85.744 loading class java/nio/channels/ScatteringByteChannel done
Event: 85.744 loading class java/nio/channels/spi/AbstractInterruptibleChannel
Event: 85.744 loading class java/nio/channels/InterruptibleChannel
Event: 85.744 loading class java/nio/channels/InterruptibleChannel done
Event: 85.744 loading class java/nio/channels/spi/AbstractInterruptibleChannel done
Event: 85.744 loading class java/nio/channels/FileChannel done
Event: 85.744 loading class sun/nio/ch/FileChannelImpl done
Event: 85.745 Executing VM operation: CollectForMetadataAllocation


Dynamic libraries:
0x00007ff749af0000 - 0x00007ff749aff000 	C:\Program Files\Java\jdk-15\bin\java.exe
0x00007ff9a62d0000 - 0x00007ff9a64c7000 	C:\WINDOWS\SYSTEM32\ntdll.dll
0x00007ff9a4b00000 - 0x00007ff9a4bbd000 	C:\WINDOWS\System32\KERNEL32.DLL
0x00007ff9a3b60000 - 0x00007ff9a3e56000 	C:\WINDOWS\System32\KERNELBASE.dll
0x00007ff9a4290000 - 0x00007ff9a4390000 	C:\WINDOWS\System32\ucrtbase.dll
0x00007ff999e30000 - 0x00007ff999e49000 	C:\Program Files\Java\jdk-15\bin\VCRUNTIME140.dll
0x00007ff9903f0000 - 0x00007ff990408000 	C:\Program Files\Java\jdk-15\bin\jli.dll
0x00007ff9a4830000 - 0x00007ff9a48de000 	C:\WINDOWS\System32\ADVAPI32.dll
0x00007ff9a61c0000 - 0x00007ff9a625e000 	C:\WINDOWS\System32\msvcrt.dll
0x00007ff9a46f0000 - 0x00007ff9a478c000 	C:\WINDOWS\System32\sechost.dll
0x00007ff9a4cf0000 - 0x00007ff9a4e16000 	C:\WINDOWS\System32\RPCRT4.dll
0x00007ff9a4390000 - 0x00007ff9a452e000 	C:\WINDOWS\System32\USER32.dll
0x00007ff9a3e60000 - 0x00007ff9a3e82000 	C:\WINDOWS\System32\win32u.dll
0x00007ff9a4790000 - 0x00007ff9a47bc000 	C:\WINDOWS\System32\GDI32.dll
0x00007ff9a4010000 - 0x00007ff9a412a000 	C:\WINDOWS\System32\gdi32full.dll
0x00007ff9a3f70000 - 0x00007ff9a400d000 	C:\WINDOWS\System32\msvcp_win.dll
0x00007ff9942c0000 - 0x00007ff99455a000 	C:\WINDOWS\WinSxS\amd64_microsoft.windows.common-controls_6595b64144ccf1df_6.0.19041.3570_none_60bb2a3971f3e41a\COMCTL32.dll
0x00007ff995360000 - 0x00007ff99536a000 	C:\WINDOWS\SYSTEM32\VERSION.dll
0x00007ff9a6260000 - 0x00007ff9a6290000 	C:\WINDOWS\System32\IMM32.DLL
0x00007ff98bfd0000 - 0x00007ff98bfdc000 	C:\Program Files\Java\jdk-15\bin\vcruntime140_1.dll
0x00007ff97e110000 - 0x00007ff97e1a1000 	C:\Program Files\Java\jdk-15\bin\msvcp140.dll
0x00007ff948100000 - 0x00007ff948c5c000 	C:\Program Files\Java\jdk-15\bin\server\jvm.dll
0x00007ff9a4bc0000 - 0x00007ff9a4bc8000 	C:\WINDOWS\System32\PSAPI.DLL
0x00007ff990600000 - 0x00007ff990609000 	C:\WINDOWS\SYSTEM32\WSOCK32.dll
0x00007ff9a48e0000 - 0x00007ff9a494b000 	C:\WINDOWS\System32\WS2_32.dll
0x00007ff9939e0000 - 0x00007ff993a07000 	C:\WINDOWS\SYSTEM32\WINMM.dll
0x00007ff9a1940000 - 0x00007ff9a1952000 	C:\WINDOWS\SYSTEM32\kernel.appcore.dll
0x00007ff98aa80000 - 0x00007ff98aa8a000 	C:\Program Files\Java\jdk-15\bin\jimage.dll
0x00007ff9a1650000 - 0x00007ff9a1834000 	C:\WINDOWS\SYSTEM32\DBGHELP.DLL
0x00007ff98f8d0000 - 0x00007ff98f904000 	C:\WINDOWS\SYSTEM32\dbgcore.DLL
0x00007ff9a3ee0000 - 0x00007ff9a3f62000 	C:\WINDOWS\System32\bcryptPrimitives.dll
0x00007ff990380000 - 0x00007ff9903b9000 	C:\Program Files\Java\jdk-15\bin\jdwp.dll
0x00007ff98bfa0000 - 0x00007ff98bfc5000 	C:\Program Files\Java\jdk-15\bin\java.dll
0x00007ff9a5830000 - 0x00007ff9a5f74000 	C:\WINDOWS\System32\SHELL32.dll
0x00007ff9a1ab0000 - 0x00007ff9a224b000 	C:\WINDOWS\SYSTEM32\windows.storage.dll
0x00007ff9a53c0000 - 0x00007ff9a5714000 	C:\WINDOWS\System32\combase.dll
0x00007ff9a3380000 - 0x00007ff9a33ad000 	C:\WINDOWS\SYSTEM32\Wldp.dll
0x00007ff9a5f80000 - 0x00007ff9a602d000 	C:\WINDOWS\System32\SHCORE.dll
0x00007ff9a6030000 - 0x00007ff9a6085000 	C:\WINDOWS\System32\shlwapi.dll
0x00007ff9a3940000 - 0x00007ff9a3965000 	C:\WINDOWS\SYSTEM32\profapi.dll
0x00007ff98aa60000 - 0x00007ff98aa79000 	C:\Program Files\Java\jdk-15\bin\net.dll
0x00007ff9950b0000 - 0x00007ff9951ba000 	C:\WINDOWS\SYSTEM32\WINHTTP.dll
0x00007ff9a30e0000 - 0x00007ff9a314a000 	C:\WINDOWS\system32\mswsock.dll
0x00007ff98aa40000 - 0x00007ff98aa52000 	C:\Program Files\Java\jdk-15\bin\nio.dll
0x00007ff9932b0000 - 0x00007ff9932bb000 	C:\Program Files\Java\jdk-15\bin\dt_shmem.dll
0x00007ff98aa20000 - 0x00007ff98aa38000 	C:\Program Files\Java\jdk-15\bin\zip.dll
0x00007ff97e1b0000 - 0x00007ff97e330000 	C:\Program Files\Java\jdk-15\bin\awt.dll
0x00007ff9a4540000 - 0x00007ff9a460d000 	C:\WINDOWS\System32\OLEAUT32.dll
0x00007ff9a05d0000 - 0x00007ff9a0660000 	C:\WINDOWS\SYSTEM32\apphelp.dll
0x00007ff9a0ec0000 - 0x00007ff9a0eef000 	C:\WINDOWS\system32\DWMAPI.DLL
0x00007ff9a0c60000 - 0x00007ff9a0cfe000 	C:\WINDOWS\system32\uxtheme.dll
0x00007ff98e710000 - 0x00007ff98e835000 	C:\WINDOWS\system32\opengl32.dll
0x00007ff98e6e0000 - 0x00007ff98e70c000 	C:\WINDOWS\SYSTEM32\GLU32.dll
0x00007ff9a4bd0000 - 0x00007ff9a4ce4000 	C:\WINDOWS\System32\MSCTF.dll
0x00007ff9a4e20000 - 0x00007ff9a4f4b000 	C:\WINDOWS\System32\ole32.dll
0x00007ff987f50000 - 0x00007ff987f7d000 	C:\Program Files\Java\jdk-15\bin\javajpeg.dll
0x00007ff94a6b0000 - 0x00007ff94a735000 	C:\Program Files\Java\jdk-15\bin\freetype.dll
0x00007ff94a600000 - 0x00007ff94a6a9000 	C:\Program Files\Java\jdk-15\bin\fontmanager.dll

dbghelp: loaded successfully - version: 4.0.5 - missing functions: none
symbol engine: initialized successfully - sym options: 0x614 - pdb path: .;C:\Program Files\Java\jdk-15\bin;C:\WINDOWS\SYSTEM32;C:\WINDOWS\WinSxS\amd64_microsoft.windows.common-controls_6595b64144ccf1df_6.0.19041.3570_none_60bb2a3971f3e41a;C:\Program Files\Java\jdk-15\bin\server

VM Arguments:
jvm_args: -Dfile.encoding=UTF-8 -agentlib:jdwp=transport=dt_shmem,address=javadebug7892 --module-path=C:\Users\aysha\Documents\NetBeansProjects\java_CRUD\build\classes 
java_command: java_crud.Java_CRUD
java_class_path (initial): C:\Users\aysha\Desktop\lbr\MySqlJdbcDriver\mysql-connector-j-8.1.0.jar;C:\Users\aysha\Desktop\Libraries\rs2xml.jar;C:\Users\aysha\Documents\NetBeansProjects\java_CRUD\build\classes
Launcher Type: SUN_STANDARD

[Global flags]
     intx CICompilerCount                          = 3                                         {product} {ergonomic}
     uint ConcGCThreads                            = 1                                         {product} {ergonomic}
     uint G1ConcRefinementThreads                  = 4                                         {product} {ergonomic}
   size_t G1HeapRegionSize                         = 1048576                                   {product} {ergonomic}
    uintx GCDrainStackTargetSize                   = 64                                        {product} {ergonomic}
   size_t InitialHeapSize                          = 65011712                                  {product} {ergonomic}
   size_t MarkStackSize                            = 4194304                                   {product} {ergonomic}
   size_t MaxHeapSize                              = 1017118720                                {product} {ergonomic}
   size_t MaxNewSize                               = 610271232                                 {product} {ergonomic}
   size_t MinHeapDeltaBytes                        = 1048576                                   {product} {ergonomic}
   size_t MinHeapSize                              = 8388608                                   {product} {ergonomic}
    uintx NonNMethodCodeHeapSize                   = 5832780                                {pd product} {ergonomic}
    uintx NonProfiledCodeHeapSize                  = 122912730                              {pd product} {ergonomic}
    uintx ProfiledCodeHeapSize                     = 122912730                              {pd product} {ergonomic}
    uintx ReservedCodeCacheSize                    = 251658240                              {pd product} {ergonomic}
     bool SegmentedCodeCache                       = true                                      {product} {ergonomic}
   size_t SoftMaxHeapSize                          = 1017118720                             {manageable} {ergonomic}
     bool UseCompressedClassPointers               = true                                 {lp64_product} {ergonomic}
     bool UseCompressedOops                        = true                                 {lp64_product} {ergonomic}
     bool UseG1GC                                  = true                                      {product} {ergonomic}
     bool UseLargePagesIndividualAllocation        = false                                  {pd product} {ergonomic}

Logging:
Log output configuration:
 #0: stdout all=warning uptime,level,tags
 #1: stderr all=off uptime,level,tags

Environment Variables:
JAVA_HOME=C:\Program Files\Java\jdk-15
PATH=C:\Program Files\Common Files\Oracle\Java\javapath;C:\WINDOWS\system32;C:\WINDOWS;C:\WINDOWS\System32\Wbem;C:\WINDOWS\System32\WindowsPowerShell\v1.0\;C:\WINDOWS\System32\OpenSSH\;C:\Program Files\Microsoft SQL Server\150\Tools\Binn\;C:\Program Files\Microsoft\Web Platform Installer\;C:\Program Files (x86)\Microsoft ASP.NET\ASP.NET Web Pages\v1.0\;C:\Program Files (x86)\Windows Kits\8.0\Windows Performance Toolkit\;C:\Program Files\Microsoft SQL Server\110\Tools\Binn\;C:\Program Files\Java\jdk-15\bin;C:\Program Files\MySQL\MySQL Shell 8.0\bin\;C:\Users\aysha\AppData\Local\Microsoft\WindowsApps;C:\Users\aysha\AppData\Local\Programs\Microsoft VS Code\bin
USERNAME=aysha
OS=Windows_NT
PROCESSOR_IDENTIFIER=Intel64 Family 6 Model 142 Stepping 9, GenuineIntel



---------------  S Y S T E M  ---------------

OS:
 Windows 10 , 64 bit Build 19041 (10.0.19041.3570)
OS uptime: 0 days 3:32 hours

CPU: total 4 (initial active 4) (2 cores per cpu, 2 threads per core) family 6 model 142 stepping 9, cmov, cx8, fxsr, mmx, sse, sse2, sse3, ssse3, sse4.1, sse4.2, popcnt, vzeroupper, avx, avx2, aes, clmul, erms, 3dnowpref, lzcnt, ht, tsc, tscinvbit, bmi1, bmi2, adx, fma, clflush, clflushopt

Memory: 4k page, system-wide physical 3879M (205M free)
TotalPageFile size 15655M (AvailPageFile size 0M)
current process WorkingSet (physical memory assigned to process): 57M, peak: 57M
current process commit charge ("private bytes"): 145M, peak: 146M

vm_info: Java HotSpot(TM) 64-Bit Server VM (15+36-1562) for windows-amd64 JRE (15+36-1562), built on Aug 11 2020 22:38:02 by "mach5one" with unknown MS VC++:1925

END.
