#
# There is insufficient memory for the Java Runtime Environment to continue.
# Native memory allocation (malloc) failed to allocate 1048576 bytes for AllocateHeap
# Possible reasons:
#   The system is out of physical RAM or swap space
#   The process is running with CompressedOops enabled, and the Java Heap may be blocking the growth of the native heap
# Possible solutions:
#   Reduce memory load on the system
#   Increase physical memory or swap space
#   Check if swap backing store is full
#   Decrease Java heap size (-Xmx/-Xms)
#   Decrease number of Java threads
#   Set larger code cache with -XX:ReservedCodeCacheSize=
#   JVM is running with Unscaled Compressed Oops mode in which the Java heap is
#     placed in the first 4GB address space. The Java Heap base address is the
#     maximum limit for the native heap growth. Please use -XX:HeapBaseMinAddress
#     to set the Java Heap base and to place the Java Heap above 4GB virtual address.
# This output file may be truncated or incomplete.
#
#  Out of Memory Error (./open/src/hotspot/share/memory/allocation.cpp:44), pid=18764, tid=13560
#
# JRE version: Java(TM) SE Runtime Environment (15.0+36) (build 15+36-1562)
# Java VM: Java HotSpot(TM) 64-Bit Server VM (15+36-1562, mixed mode, sharing, tiered, compressed oops, g1 gc, windows-amd64)
# No core dump will be written. Minidumps are not enabled by default on client versions of Windows
#

---------------  S U M M A R Y ------------

Command Line: -Dfile.encoding=UTF-8 -agentlib:jdwp=transport=dt_shmem,address=javadebug5167 --module-path=C:\Users\aysha\Documents\NetBeansProjects\java_CRUD\build\classes java_crud.Java_CRUD

Host: Intel(R) Core(TM) i3-7100U CPU @ 2.40GHz, 4 cores, 3G,  Windows 10 , 64 bit Build 19041 (10.0.19041.3570)
Time: Wed Dec  6 00:00:41 2023 Sri Lanka Standard Time elapsed time: 77.613960 seconds (0d 0h 1m 17s)

---------------  T H R E A D  ---------------

Current thread (0x00000283ef50dd40):  VMThread "VM Thread" [stack: 0x0000009543100000,0x0000009543200000] [id=13560]

Stack: [0x0000009543100000,0x0000009543200000]
[error occurred during error reporting (printing stack bounds), id 0xc0000005, EXCEPTION_ACCESS_VIOLATION (0xc0000005) at pc=0x00000283db4810ad]

Native frames: (J=compiled Java code, j=interpreted, Vv=VM code, C=native code)
V  [jvm.dll+0x629eaa]
V  [jvm.dll+0x780379]
V  [jvm.dll+0x781ad3]
V  [jvm.dll+0x782095]
V  [jvm.dll+0x78204b]
V  [jvm.dll+0x629379]
V  [jvm.dll+0x629b48]
C  [ntdll.dll+0xa23af]
C  [ntdll.dll+0x514b4]
C  [ntdll.dll+0xa0ebe]
C  0x00000283db4810ad

VM_Operation (0x0000009542bfbd60): CollectForMetadataAllocation, mode: safepoint, requested by thread 0x00000283d3240660


---------------  P R O C E S S  ---------------

Threads class SMR info:
_java_thread_list=0x00000283ef714c40, length=20, elements={
0x00000283d3240660, 0x00000283ef511b90, 0x00000283ef512f00, 0x00000283ef529d90,
0x00000283ef52c850, 0x00000283ef52e310, 0x00000283ef5315b0, 0x00000283ef533110,
0x00000283ef55bc40, 0x00000283d33177d0, 0x00000283ef8b7840, 0x00000283ef791ab0,
0x00000283ef792190, 0x00000283ef8da020, 0x00000283ef5d4b90, 0x00000283efa38770,
0x00000283ef748f00, 0x00000283efe58440, 0x00000283efe633e0, 0x00000283ef9e4080
}

Java Threads: ( => current thread )
  0x00000283d3240660 JavaThread "main" [_thread_blocked, id=6784, stack(0x0000009542b00000,0x0000009542c00000)]
  0x00000283ef511b90 JavaThread "Reference Handler" daemon [_thread_blocked, id=3640, stack(0x0000009543200000,0x0000009543300000)]
  0x00000283ef512f00 JavaThread "Finalizer" daemon [_thread_blocked, id=15852, stack(0x0000009543300000,0x0000009543400000)]
  0x00000283ef529d90 JavaThread "Signal Dispatcher" daemon [_thread_blocked, id=15904, stack(0x0000009543400000,0x0000009543500000)]
  0x00000283ef52c850 JavaThread "Attach Listener" daemon [_thread_blocked, id=15932, stack(0x0000009543500000,0x0000009543600000)]
  0x00000283ef52e310 JavaThread "Service Thread" daemon [_thread_blocked, id=15964, stack(0x0000009543600000,0x0000009543700000)]
  0x00000283ef5315b0 JavaThread "C2 CompilerThread0" daemon [_thread_blocked, id=9432, stack(0x0000009543700000,0x0000009543800000)]
  0x00000283ef533110 JavaThread "C1 CompilerThread0" daemon [_thread_blocked, id=17856, stack(0x0000009543800000,0x0000009543900000)]
  0x00000283ef55bc40 JavaThread "Sweeper thread" daemon [_thread_blocked, id=19464, stack(0x0000009543900000,0x0000009543a00000)]
  0x00000283d33177d0 JavaThread "Common-Cleaner" daemon [_thread_blocked, id=19560, stack(0x0000009543a00000,0x0000009543b00000)]
  0x00000283ef8b7840 JavaThread "JDWP Transport Listener: dt_shmem" daemon [_thread_blocked, id=20228, stack(0x0000009542800000,0x0000009542900000)]
  0x00000283ef791ab0 JavaThread "JDWP Event Helper Thread" daemon [_thread_blocked, id=20236, stack(0x0000009543b00000,0x0000009543c00000)]
  0x00000283ef792190 JavaThread "JDWP Command Reader" daemon [_thread_in_native, id=20244, stack(0x0000009543c00000,0x0000009543d00000)]
  0x00000283ef8da020 JavaThread "Notification Thread" daemon [_thread_blocked, id=16648, stack(0x0000009543d00000,0x0000009543e00000)]
  0x00000283ef5d4b90 JavaThread "Java2D Disposer" daemon [_thread_blocked, id=4056, stack(0x0000009543f00000,0x0000009544000000)]
  0x00000283efa38770 JavaThread "AWT-Windows" daemon [_thread_in_native, id=10500, stack(0x0000009544100000,0x0000009544200000)]
  0x00000283ef748f00 JavaThread "Image Fetcher 0" daemon [_thread_blocked, id=19864, stack(0x0000009544000000,0x0000009544100000)]
  0x00000283efe58440 JavaThread "AWT-Shutdown" [_thread_blocked, id=14736, stack(0x0000009544200000,0x0000009544300000)]
  0x00000283efe633e0 JavaThread "AWT-EventQueue-0" [_thread_blocked, id=8020, stack(0x0000009544300000,0x0000009544400000)]
  0x00000283ef9e4080 JavaThread "org.netbeans.modules.debugger.jpda.visual AWT Access Loop" daemon [_thread_blocked, id=4152, stack(0x0000009544400000,0x0000009544500000)]

Other Threads:
=>0x00000283ef50dd40 VMThread "VM Thread" [stack: 0x0000009543100000,0x0000009543200000] [id=13560]
  0x00000283ef793090 WatcherThread [stack: 0x0000009543e00000,0x0000009543f00000] [id=16644]
  0x00000283d326ec60 GCTaskThread "GC Thread#0" [stack: 0x0000009542c00000,0x0000009542d00000] [id=6448]
  0x00000283ef8b0cb0 GCTaskThread "GC Thread#1" [stack: 0x0000009544800000,0x0000009544900000] [id=16664]
  0x00000283d3277870 ConcurrentGCThread "G1 Main Marker" [stack: 0x0000009542d00000,0x0000009542e00000] [id=19180]
  0x00000283d32784e0 ConcurrentGCThread "G1 Conc#0" [stack: 0x0000009542e00000,0x0000009542f00000] [id=19172]
  0x00000283d32b7be0 ConcurrentGCThread "G1 Refine#0" [stack: 0x0000009542f00000,0x0000009543000000] [id=11912]
  0x00000283d32b9710 ConcurrentGCThread "G1 Young RemSet Sampling" [stack: 0x0000009543000000,0x0000009543100000] [id=11904]

Threads with active compile tasks:

VM state: at safepoint (normal execution)

VM Mutex/Monitor currently owned by a thread:  ([mutex/lock_event])
[0x00000283d323d6c0] Threads_lock - owner thread: 0x00000283ef50dd40
[0x00000283d323dea0] Heap_lock - owner thread: 0x00000283d3240660

Heap address: 0x00000000c3600000, size: 970 MB, Compressed Oops mode: 32-bit
CDS archive(s) mapped at: [0x0000000800000000-0x0000000800b50000-0x0000000800b50000), size 11862016, SharedBaseAddress: 0x0000000800000000, ArchiveRelocationMode: 0.
Compressed class space mapped at: 0x0000000800b50000-0x0000000840b50000, size: 1073741824
Narrow klass base: 0x0000000800000000, Narrow klass shift: 3, Narrow klass range: 0x100000000

GC Precious Log:
 CPUs: 4 total, 4 available
 Memory: 3879M
 Large Page Support: Disabled
 NUMA Support: Disabled
 Compressed Oops: Enabled (32-bit)
 Heap Region Size: 1M
 Heap Min Capacity: 8M
 Heap Initial Capacity: 62M
 Heap Max Capacity: 970M
 Pre-touch: Disabled
 Parallel Workers: 4
 Concurrent Workers: 1
 Concurrent Refinement Workers: 4
 Periodic GC: Disabled

Heap:
 garbage-first heap   total 63488K, used 3045K [0x00000000c3600000, 0x0000000100000000)
  region size 1024K, 2 young (2048K), 2 survivors (2048K)
 Metaspace       used 7894K, capacity 8118K, committed 8192K, reserved 1064960K
  class space    used 881K, capacity 970K, committed 1024K, reserved 1048576K

Heap Regions: E=young(eden), S=young(survivor), O=old, HS=humongous(starts), HC=humongous(continues), CS=collection set, F=free, OA=open archive, CA=closed archive, TAMS=top-at-mark-start (previous, next)
|   0|0x00000000c3600000, 0x00000000c36f9600, 0x00000000c3700000| 97%| O|  |TAMS 0x00000000c3600000, 0x00000000c3600000| Untracked 
|   1|0x00000000c3700000, 0x00000000c3700000, 0x00000000c3800000|  0%| F|  |TAMS 0x00000000c3700000, 0x00000000c3700000| Untracked 
|   2|0x00000000c3800000, 0x00000000c3800000, 0x00000000c3900000|  0%| F|  |TAMS 0x00000000c3800000, 0x00000000c3800000| Untracked 
|   3|0x00000000c3900000, 0x00000000c3900000, 0x00000000c3a00000|  0%| F|  |TAMS 0x00000000c3900000, 0x00000000c3900000| Untracked 
|   4|0x00000000c3a00000, 0x00000000c3a00000, 0x00000000c3b00000|  0%| F|  |TAMS 0x00000000c3a00000, 0x00000000c3a00000| Untracked 
|   5|0x00000000c3b00000, 0x00000000c3b00000, 0x00000000c3c00000|  0%| F|  |TAMS 0x00000000c3b00000, 0x00000000c3b00000| Untracked 
|   6|0x00000000c3c00000, 0x00000000c3c00000, 0x00000000c3d00000|  0%| F|  |TAMS 0x00000000c3c00000, 0x00000000c3c00000| Untracked 
|   7|0x00000000c3d00000, 0x00000000c3d00000, 0x00000000c3e00000|  0%| F|  |TAMS 0x00000000c3d00000, 0x00000000c3d00000| Untracked 
|   8|0x00000000c3e00000, 0x00000000c3e00000, 0x00000000c3f00000|  0%| F|  |TAMS 0x00000000c3e00000, 0x00000000c3e00000| Untracked 
|   9|0x00000000c3f00000, 0x00000000c3f00000, 0x00000000c4000000|  0%| F|  |TAMS 0x00000000c3f00000, 0x00000000c3f00000| Untracked 
|  10|0x00000000c4000000, 0x00000000c4000000, 0x00000000c4100000|  0%| F|  |TAMS 0x00000000c4000000, 0x00000000c4000000| Untracked 
|  11|0x00000000c4100000, 0x00000000c4100000, 0x00000000c4200000|  0%| F|  |TAMS 0x00000000c4100000, 0x00000000c4100000| Untracked 
|  12|0x00000000c4200000, 0x00000000c4200000, 0x00000000c4300000|  0%| F|  |TAMS 0x00000000c4200000, 0x00000000c4200000| Untracked 
|  13|0x00000000c4300000, 0x00000000c4300000, 0x00000000c4400000|  0%| F|  |TAMS 0x00000000c4300000, 0x00000000c4300000| Untracked 
|  14|0x00000000c4400000, 0x00000000c4400000, 0x00000000c4500000|  0%| F|  |TAMS 0x00000000c4400000, 0x00000000c4400000| Untracked 
|  15|0x00000000c4500000, 0x00000000c4500000, 0x00000000c4600000|  0%| F|  |TAMS 0x00000000c4500000, 0x00000000c4500000| Untracked 
|  16|0x00000000c4600000, 0x00000000c4600000, 0x00000000c4700000|  0%| F|  |TAMS 0x00000000c4600000, 0x00000000c4600000| Untracked 
|  17|0x00000000c4700000, 0x00000000c4700000, 0x00000000c4800000|  0%| F|  |TAMS 0x00000000c4700000, 0x00000000c4700000| Untracked 
|  18|0x00000000c4800000, 0x00000000c4800000, 0x00000000c4900000|  0%| F|  |TAMS 0x00000000c4800000, 0x00000000c4800000| Untracked 
|  19|0x00000000c4900000, 0x00000000c4900000, 0x00000000c4a00000|  0%| F|  |TAMS 0x00000000c4900000, 0x00000000c4900000| Untracked 
|  20|0x00000000c4a00000, 0x00000000c4a00000, 0x00000000c4b00000|  0%| F|  |TAMS 0x00000000c4a00000, 0x00000000c4a00000| Untracked 
|  21|0x00000000c4b00000, 0x00000000c4b00000, 0x00000000c4c00000|  0%| F|  |TAMS 0x00000000c4b00000, 0x00000000c4b00000| Untracked 
|  22|0x00000000c4c00000, 0x00000000c4c00000, 0x00000000c4d00000|  0%| F|  |TAMS 0x00000000c4c00000, 0x00000000c4c00000| Untracked 
|  23|0x00000000c4d00000, 0x00000000c4d00000, 0x00000000c4e00000|  0%| F|  |TAMS 0x00000000c4d00000, 0x00000000c4d00000| Untracked 
|  24|0x00000000c4e00000, 0x00000000c4e00000, 0x00000000c4f00000|  0%| F|  |TAMS 0x00000000c4e00000, 0x00000000c4e00000| Untracked 
|  25|0x00000000c4f00000, 0x00000000c4f00000, 0x00000000c5000000|  0%| F|  |TAMS 0x00000000c4f00000, 0x00000000c4f00000| Untracked 
|  26|0x00000000c5000000, 0x00000000c5000000, 0x00000000c5100000|  0%| F|  |TAMS 0x00000000c5000000, 0x00000000c5000000| Untracked 
|  27|0x00000000c5100000, 0x00000000c5100000, 0x00000000c5200000|  0%| F|  |TAMS 0x00000000c5100000, 0x00000000c5100000| Untracked 
|  28|0x00000000c5200000, 0x00000000c5200000, 0x00000000c5300000|  0%| F|  |TAMS 0x00000000c5200000, 0x00000000c5200000| Untracked 
|  29|0x00000000c5300000, 0x00000000c5300000, 0x00000000c5400000|  0%| F|  |TAMS 0x00000000c5300000, 0x00000000c5300000| Untracked 
|  30|0x00000000c5400000, 0x00000000c5400000, 0x00000000c5500000|  0%| F|  |TAMS 0x00000000c5400000, 0x00000000c5400000| Untracked 
|  31|0x00000000c5500000, 0x00000000c5500000, 0x00000000c5600000|  0%| F|  |TAMS 0x00000000c5500000, 0x00000000c5500000| Untracked 
|  32|0x00000000c5600000, 0x00000000c5600000, 0x00000000c5700000|  0%| F|  |TAMS 0x00000000c5600000, 0x00000000c5600000| Untracked 
|  33|0x00000000c5700000, 0x00000000c5700000, 0x00000000c5800000|  0%| F|  |TAMS 0x00000000c5700000, 0x00000000c5700000| Untracked 
|  34|0x00000000c5800000, 0x00000000c5800000, 0x00000000c5900000|  0%| F|  |TAMS 0x00000000c5800000, 0x00000000c5800000| Untracked 
|  35|0x00000000c5900000, 0x00000000c5900000, 0x00000000c5a00000|  0%| F|  |TAMS 0x00000000c5900000, 0x00000000c5900000| Untracked 
|  36|0x00000000c5a00000, 0x00000000c5a00000, 0x00000000c5b00000|  0%| F|  |TAMS 0x00000000c5a00000, 0x00000000c5a00000| Untracked 
|  37|0x00000000c5b00000, 0x00000000c5b00000, 0x00000000c5c00000|  0%| F|  |TAMS 0x00000000c5b00000, 0x00000000c5b00000| Untracked 
|  38|0x00000000c5c00000, 0x00000000c5c00000, 0x00000000c5d00000|  0%| F|  |TAMS 0x00000000c5c00000, 0x00000000c5c00000| Untracked 
|  39|0x00000000c5d00000, 0x00000000c5d00000, 0x00000000c5e00000|  0%| F|  |TAMS 0x00000000c5d00000, 0x00000000c5d00000| Untracked 
|  40|0x00000000c5e00000, 0x00000000c5e00000, 0x00000000c5f00000|  0%| F|  |TAMS 0x00000000c5e00000, 0x00000000c5e00000| Untracked 
|  41|0x00000000c5f00000, 0x00000000c5f00000, 0x00000000c6000000|  0%| F|  |TAMS 0x00000000c5f00000, 0x00000000c5f00000| Untracked 
|  42|0x00000000c6000000, 0x00000000c6000000, 0x00000000c6100000|  0%| F|  |TAMS 0x00000000c6000000, 0x00000000c6000000| Untracked 
|  43|0x00000000c6100000, 0x00000000c6100000, 0x00000000c6200000|  0%| F|  |TAMS 0x00000000c6100000, 0x00000000c6100000| Untracked 
|  44|0x00000000c6200000, 0x00000000c6200000, 0x00000000c6300000|  0%| F|  |TAMS 0x00000000c6200000, 0x00000000c6200000| Untracked 
|  45|0x00000000c6300000, 0x00000000c6300000, 0x00000000c6400000|  0%| F|  |TAMS 0x00000000c6300000, 0x00000000c6300000| Untracked 
|  46|0x00000000c6400000, 0x00000000c6400000, 0x00000000c6500000|  0%| F|  |TAMS 0x00000000c6400000, 0x00000000c6400000| Untracked 
|  47|0x00000000c6500000, 0x00000000c6500000, 0x00000000c6600000|  0%| F|  |TAMS 0x00000000c6500000, 0x00000000c6500000| Untracked 
|  48|0x00000000c6600000, 0x00000000c6600000, 0x00000000c6700000|  0%| F|  |TAMS 0x00000000c6600000, 0x00000000c6600000| Untracked 
|  49|0x00000000c6700000, 0x00000000c6700000, 0x00000000c6800000|  0%| F|  |TAMS 0x00000000c6700000, 0x00000000c6700000| Untracked 
|  50|0x00000000c6800000, 0x00000000c6800000, 0x00000000c6900000|  0%| F|  |TAMS 0x00000000c6800000, 0x00000000c6800000| Untracked 
|  51|0x00000000c6900000, 0x00000000c6a00000, 0x00000000c6a00000|100%| S|CS|TAMS 0x00000000c6900000, 0x00000000c6900000| Complete 
|  52|0x00000000c6a00000, 0x00000000c6b00000, 0x00000000c6b00000|100%| S|CS|TAMS 0x00000000c6a00000, 0x00000000c6a00000| Complete 
|  53|0x00000000c6b00000, 0x00000000c6b00000, 0x00000000c6c00000|  0%| F|  |TAMS 0x00000000c6b00000, 0x00000000c6b00000| Untracked 
|  54|0x00000000c6c00000, 0x00000000c6c00000, 0x00000000c6d00000|  0%| F|  |TAMS 0x00000000c6c00000, 0x00000000c6c00000| Untracked 
|  55|0x00000000c6d00000, 0x00000000c6d00000, 0x00000000c6e00000|  0%| F|  |TAMS 0x00000000c6d00000, 0x00000000c6d00000| Untracked 
|  56|0x00000000c6e00000, 0x00000000c6e00000, 0x00000000c6f00000|  0%| F|  |TAMS 0x00000000c6e00000, 0x00000000c6e00000| Untracked 
|  57|0x00000000c6f00000, 0x00000000c6f00000, 0x00000000c7000000|  0%| F|  |TAMS 0x00000000c6f00000, 0x00000000c6f00000| Untracked 
|  58|0x00000000c7000000, 0x00000000c7000000, 0x00000000c7100000|  0%| F|  |TAMS 0x00000000c7000000, 0x00000000c7000000| Untracked 
|  59|0x00000000c7100000, 0x00000000c7100000, 0x00000000c7200000|  0%| F|  |TAMS 0x00000000c7100000, 0x00000000c7100000| Untracked 
|  60|0x00000000c7200000, 0x00000000c7200000, 0x00000000c7300000|  0%| F|  |TAMS 0x00000000c7200000, 0x00000000c7200000| Untracked 
|  61|0x00000000c7300000, 0x00000000c7300000, 0x00000000c7400000|  0%| F|  |TAMS 0x00000000c7300000, 0x00000000c7300000| Untracked 

Card table byte_map: [0x00000283ea670000,0x00000283ea860000] _byte_map_base: 0x00000283ea055000

Marking Bits (Prev, Next): (CMBitMap*) 0x00000283d326f4d0, (CMBitMap*) 0x00000283d326f510
 Prev Bits: [0x00000283eaa50000, 0x00000283eb978000)
 Next Bits: [0x00000283eb980000, 0x00000283ec8a8000)

Polling page: 0x00000283d1190000

Metaspace:

Usage:
  Non-class:      6.98 MB capacity,     6.85 MB ( 98%) used,   123.95 KB (  2%) free+waste,    11.38 KB ( <1%) overhead. 
      Class:    970.00 KB capacity,   881.55 KB ( 91%) used,    83.33 KB (  9%) free+waste,     5.12 KB ( <1%) overhead. 
       Both:      7.93 MB capacity,     7.71 MB ( 97%) used,   207.27 KB (  3%) free+waste,    16.50 KB ( <1%) overhead. 

Virtual space:
  Non-class space:       16.00 MB reserved,       7.00 MB ( 44%) committed 
      Class space:        1.00 GB reserved,       1.00 MB ( <1%) committed 
             Both:        1.02 GB reserved,       8.00 MB ( <1%) committed 

Chunk freelists:
   Non-Class:  20.00 KB
       Class:  22.00 KB
        Both:  42.00 KB

MaxMetaspaceSize: 17179869184.00 GB
CompressedClassSpaceSize: 1.00 GB

CodeHeap 'non-profiled nmethods': size=120000Kb used=254Kb max_used=254Kb free=119745Kb
 bounds [0x00000283e2f50000, 0x00000283e31c0000, 0x00000283ea480000]
CodeHeap 'profiled nmethods': size=120000Kb used=1345Kb max_used=1345Kb free=118654Kb
 bounds [0x00000283dba20000, 0x00000283dbc90000, 0x00000283e2f50000]
CodeHeap 'non-nmethods': size=5760Kb used=1353Kb max_used=1366Kb free=4406Kb
 bounds [0x00000283db480000, 0x00000283db6f0000, 0x00000283dba20000]
 total_blobs=1391 nmethods=837 adapters=467
 compilation: enabled
              stopped_count=0, restarted_count=0
 full_count=0

Compilation events (20 events):
Event: 75.192 Thread 0x00000283ef533110  831       3       java.awt.Component::getTreeLock (4 bytes)
Event: 75.192 Thread 0x00000283ef533110 nmethod 831 0x00000283dbb6ca10 code [0x00000283dbb6cba0, 0x00000283dbb6ccb8]
Event: 76.978 Thread 0x00000283ef533110  832       3       java.awt.Component::getContainer (5 bytes)
Event: 76.979 Thread 0x00000283ef533110 nmethod 832 0x00000283dbb6cd90 code [0x00000283dbb6cf20, 0x00000283dbb6d038]
Event: 76.979 Thread 0x00000283ef533110  833       3       java.util.ArrayList::get (15 bytes)
Event: 76.980 Thread 0x00000283ef533110 nmethod 833 0x00000283dbb6d110 code [0x00000283dbb6d2e0, 0x00000283dbb6d628]
Event: 76.980 Thread 0x00000283ef533110  834       3       java.util.Objects::checkIndex (7 bytes)
Event: 76.981 Thread 0x00000283ef533110 nmethod 834 0x00000283dbb6d810 code [0x00000283dbb6d9c0, 0x00000283dbb6dbe8]
Event: 77.149 Thread 0x00000283ef533110  835       3       java.lang.invoke.MethodHandleNatives::isCallerSensitive (29 bytes)
Event: 77.149 Thread 0x00000283ef533110 nmethod 835 0x00000283dbb6dd10 code [0x00000283dbb6df00, 0x00000283dbb6e468]
Event: 77.149 Thread 0x00000283ef533110  836       3       java.lang.invoke.MethodHandleNatives::canBeCalledVirtual (94 bytes)
Event: 77.150 Thread 0x00000283ef533110 nmethod 836 0x00000283dbb6e610 code [0x00000283dbb6e820, 0x00000283dbb6ed98]
Event: 77.248 Thread 0x00000283ef533110  837       3       java.lang.StringLatin1::toLowerCase (186 bytes)
Event: 77.248 Thread 0x00000283ef5315b0  838       4       java.lang.StringLatin1::canEncode (13 bytes)
Event: 77.250 Thread 0x00000283ef5315b0 nmethod 838 0x00000283e2f8f210 code [0x00000283e2f8f380, 0x00000283e2f8f3d8]
Event: 77.252 Thread 0x00000283ef533110 nmethod 837 0x00000283dbb6ef90 code [0x00000283dbb6f200, 0x00000283dbb6fd18]
Event: 77.253 Thread 0x00000283ef533110  839       3       java.lang.String::toLowerCase (29 bytes)
Event: 77.254 Thread 0x00000283ef533110 nmethod 839 0x00000283dbb70190 code [0x00000283dbb70360, 0x00000283dbb70618]
Event: 77.258 Thread 0x00000283ef5315b0  840       4       java.lang.CharacterDataLatin1::toLowerCase (39 bytes)
Event: 77.261 Thread 0x00000283ef5315b0 nmethod 840 0x00000283e2f8f510 code [0x00000283e2f8f680, 0x00000283e2f8f778]

GC Heap History (2 events):
Event: 77.271 GC heap before
{Heap before GC invocations=0 (full 0):
 garbage-first heap   total 63488K, used 8192K [0x00000000c3600000, 0x0000000100000000)
  region size 1024K, 9 young (9216K), 0 survivors (0K)
 Metaspace       used 7894K, capacity 8118K, committed 8192K, reserved 1062912K
  class space    used 881K, capacity 970K, committed 1024K, reserved 1048576K
}
Event: 77.346 GC heap after
{Heap after GC invocations=1 (full 0):
 garbage-first heap   total 63488K, used 3045K [0x00000000c3600000, 0x0000000100000000)
  region size 1024K, 2 young (2048K), 2 survivors (2048K)
 Metaspace       used 7894K, capacity 8118K, committed 8192K, reserved 1062912K
  class space    used 881K, capacity 970K, committed 1024K, reserved 1048576K
}

Deoptimization events (20 events):
Event: 36.899 Thread 0x00000283d3240660 Uncommon trap: trap_request=0xffffff45 fr.pc=0x00000283e2f5ef60 relative=0x0000000000000ae0
Event: 36.899 Thread 0x00000283d3240660 Uncommon trap: reason=unstable_if action=reinterpret pc=0x00000283e2f5ef60 method=java.util.HashMap.putVal(ILjava/lang/Object;Ljava/lang/Object;ZZ)Ljava/lang/Object; @ 81 c2
Event: 36.899 Thread 0x00000283d3240660 DEOPT PACKING pc=0x00000283e2f5ef60 sp=0x0000009542bfe460
Event: 36.899 Thread 0x00000283d3240660 DEOPT UNPACKING pc=0x00000283db4ce42f sp=0x0000009542bfe410 mode 2
Event: 73.745 Thread 0x00000283ef748f00 Uncommon trap: trap_request=0xffffff45 fr.pc=0x00000283e2f85454 relative=0x0000000000000334
Event: 73.745 Thread 0x00000283ef748f00 Uncommon trap: reason=unstable_if action=reinterpret pc=0x00000283e2f85454 method=java.lang.StringLatin1.newString([BII)Ljava/lang/String; @ 1 c2
Event: 73.745 Thread 0x00000283ef748f00 DEOPT PACKING pc=0x00000283e2f85454 sp=0x00000095440fe790
Event: 73.745 Thread 0x00000283ef748f00 DEOPT UNPACKING pc=0x00000283db4ce42f sp=0x00000095440fe790 mode 2
Event: 74.234 Thread 0x00000283efa38770 Uncommon trap: trap_request=0xffffffde fr.pc=0x00000283e2f7ee64 relative=0x0000000000000ee4
Event: 74.234 Thread 0x00000283efa38770 Uncommon trap: reason=class_check action=maybe_recompile pc=0x00000283e2f7ee64 method=java.util.HashMap.putVal(ILjava/lang/Object;Ljava/lang/Object;ZZ)Ljava/lang/Object; @ 91 c2
Event: 74.234 Thread 0x00000283efa38770 DEOPT PACKING pc=0x00000283e2f7ee64 sp=0x00000095441fde40
Event: 74.234 Thread 0x00000283efa38770 DEOPT UNPACKING pc=0x00000283db4ce42f sp=0x00000095441fdd90 mode 2
Event: 74.234 Thread 0x00000283efa38770 Uncommon trap: trap_request=0xffffffde fr.pc=0x00000283e2f7ee64 relative=0x0000000000000ee4
Event: 74.234 Thread 0x00000283efa38770 Uncommon trap: reason=class_check action=maybe_recompile pc=0x00000283e2f7ee64 method=java.util.HashMap.putVal(ILjava/lang/Object;Ljava/lang/Object;ZZ)Ljava/lang/Object; @ 91 c2
Event: 74.234 Thread 0x00000283efa38770 DEOPT PACKING pc=0x00000283e2f7ee64 sp=0x00000095441fde40
Event: 74.234 Thread 0x00000283efa38770 DEOPT UNPACKING pc=0x00000283db4ce42f sp=0x00000095441fdd90 mode 2
Event: 74.985 Thread 0x00000283d3240660 Uncommon trap: trap_request=0xffffff45 fr.pc=0x00000283e2f8204c relative=0x00000000000003ac
Event: 74.985 Thread 0x00000283d3240660 Uncommon trap: reason=unstable_if action=reinterpret pc=0x00000283e2f8204c method=java.lang.StringUTF16.compress([CI[BII)I @ 20 c2
Event: 74.986 Thread 0x00000283d3240660 DEOPT PACKING pc=0x00000283e2f8204c sp=0x0000009542bfd230
Event: 74.986 Thread 0x00000283d3240660 DEOPT UNPACKING pc=0x00000283db4ce42f sp=0x0000009542bfd1b0 mode 2

Classes unloaded (0 events):
No events

Classes redefined (0 events):
No events

Internal exceptions (17 events):
Event: 8.455 Thread 0x00000283d3240660 Exception <a 'sun/nio/fs/WindowsException'{0x00000000c721b848}> (0x00000000c721b848) 
thrown [./open/src/hotspot/share/prims/jni.cpp, line 578]
Event: 8.457 Thread 0x00000283d3240660 Exception <a 'sun/nio/fs/WindowsException'{0x00000000c721bd70}> (0x00000000c721bd70) 
thrown [./open/src/hotspot/share/prims/jni.cpp, line 578]
Event: 8.462 Thread 0x00000283d3240660 Exception <a 'sun/nio/fs/WindowsException'{0x00000000c721e058}> (0x00000000c721e058) 
thrown [./open/src/hotspot/share/prims/jni.cpp, line 578]
Event: 8.462 Thread 0x00000283d3240660 Exception <a 'sun/nio/fs/WindowsException'{0x00000000c721eb00}> (0x00000000c721eb00) 
thrown [./open/src/hotspot/share/prims/jni.cpp, line 578]
Event: 38.316 Thread 0x00000283d3240660 Exception <a 'java/lang/NoSuchMethodError'{0x00000000c712b188}: 'void java.lang.invoke.DirectMethodHandle$Holder.invokeSpecial(java.lang.Object, java.lang.Object, java.lang.Object)'> (0x00000000c712b188) 
thrown [./open/src/hotspot/share/interpreter/linkResolver.cpp, line 782]
Event: 38.771 Thread 0x00000283d3240660 Exception <a 'java/lang/ClassNotFoundException'{0x00000000c713f900}: sun/awt/resources/spi/awtProvider> (0x00000000c713f900) 
thrown [./open/src/hotspot/share/classfile/systemDictionary.cpp, line 295]
Event: 41.259 Thread 0x00000283d3240660 Exception <a 'java/io/FileNotFoundException'{0x00000000c7196150}> (0x00000000c7196150) 
thrown [./open/src/hotspot/share/prims/jni.cpp, line 578]
Event: 41.325 Thread 0x00000283d3240660 Exception <a 'java/io/FileNotFoundException'{0x00000000c71c4b88}> (0x00000000c71c4b88) 
thrown [./open/src/hotspot/share/prims/jni.cpp, line 578]
Event: 41.610 Thread 0x00000283d3240660 Exception <a 'java/lang/NoSuchMethodError'{0x00000000c71c5c70}: 'java.lang.Object java.lang.invoke.DirectMethodHandle$Holder.invokeStatic(java.lang.Object)'> (0x00000000c71c5c70) 
thrown [./open/src/hotspot/share/interpreter/linkResolver.cpp, line 782]
Event: 45.114 Thread 0x00000283d3240660 Exception <a 'java/lang/NoSuchMethodError'{0x00000000c701bf30}: 'java.lang.Object java.lang.invoke.DirectMethodHandle$Holder.invokeStaticInit(java.lang.Object)'> (0x00000000c701bf30) 
thrown [./open/src/hotspot/share/interpreter/linkResolver.cpp, line 782]
Event: 56.713 Thread 0x00000283d3240660 Exception <a 'java/lang/NoSuchMethodError'{0x00000000c6f13400}: 'java.lang.Object java.lang.invoke.DirectMethodHandle$Holder.newInvokeSpecial(java.lang.Object, java.lang.Object, java.lang.Object, java.lang.Object, java.lang.Object)'> (0x00000000c6f13400) 
thrown [./open/src/hotspot/share/interpreter/linkResolver.cpp, line 782]
Event: 56.793 Thread 0x00000283d3240660 Exception <a 'java/lang/NoSuchMethodError'{0x00000000c6f1ee90}: 'java.lang.Object java.lang.invoke.DirectMethodHandle$Holder.invokeStatic(java.lang.Object, int, java.lang.Object, java.lang.Object, java.lang.Object, java.lang.Object)'> (0x00000000c6f1ee90) 
thrown [./open/src/hotspot/share/interpreter/linkResolver.cpp, line 782]
Event: 56.840 Thread 0x00000283d3240660 Exception <a 'java/lang/NoSuchMethodError'{0x00000000c6f45388}: 'java.lang.Object java.lang.invoke.DirectMethodHandle$Holder.invokeStatic(java.lang.Object, int, java.lang.Object)'> (0x00000000c6f45388) 
thrown [./open/src/hotspot/share/interpreter/linkResolver.cpp, line 782]
Event: 57.224 Thread 0x00000283d3240660 Exception <a 'java/lang/ClassNotFoundException'{0x00000000c6ffdb00}: com/sun/swing/internal/plaf/metal/resources/spi/metalProvider> (0x00000000c6ffdb00) 
thrown [./open/src/hotspot/share/classfile/systemDictionary.cpp, line 295]
Event: 57.287 Thread 0x00000283d3240660 Exception <a 'java/lang/ClassNotFoundException'{0x00000000c6e02250}: com/sun/swing/internal/plaf/basic/resources/spi/basicProvider> (0x00000000c6e02250) 
thrown [./open/src/hotspot/share/classfile/systemDictionary.cpp, line 295]
Event: 73.751 Thread 0x00000283ef748f00 Exception <a 'java/lang/NoSuchMethodError'{0x00000000c6defda8}: 'java.lang.Object java.lang.invoke.DirectMethodHandle$Holder.newInvokeSpecial(java.lang.Object, java.lang.Object, java.lang.Object, int, int, int, int, int)'> (0x00000000c6defda8) 
thrown [./open/src/hotspot/share/interpreter/linkResolver.cpp, line 782]
Event: 74.809 Thread 0x00000283d3240660 Exception <a 'java/lang/NoSuchMethodError'{0x00000000c6e792e0}: 'void java.lang.invoke.DirectMethodHandle$Holder.invokeStaticInit(java.lang.Object)'> (0x00000000c6e792e0) 
thrown [./open/src/hotspot/share/interpreter/linkResolver.cpp, line 782]

Events (20 events):
Event: 77.267 loading class java/nio/channels/WritableByteChannel
Event: 77.267 loading class java/nio/channels/WritableByteChannel done
Event: 77.267 loading class java/nio/channels/ByteChannel done
Event: 77.267 loading class java/nio/channels/SeekableByteChannel done
Event: 77.267 loading class java/nio/channels/GatheringByteChannel
Event: 77.267 loading class java/nio/channels/GatheringByteChannel done
Event: 77.267 loading class java/nio/channels/ScatteringByteChannel
Event: 77.267 loading class java/nio/channels/ScatteringByteChannel done
Event: 77.267 loading class java/nio/channels/spi/AbstractInterruptibleChannel
Event: 77.267 loading class java/nio/channels/InterruptibleChannel
Event: 77.267 loading class java/nio/channels/InterruptibleChannel done
Event: 77.267 loading class java/nio/channels/spi/AbstractInterruptibleChannel done
Event: 77.267 loading class java/nio/channels/FileChannel done
Event: 77.267 loading class sun/nio/ch/FileChannelImpl done
Event: 77.268 loading class sun/nio/ch/IOUtil
Event: 77.268 loading class sun/nio/ch/IOUtil done
Event: 77.270 loading class sun/nio/ch/NativeThreadSet
Event: 77.270 loading class sun/nio/ch/NativeThreadSet done
Event: 77.270 loading class sun/nio/ch/FileDispatcherImpl
Event: 77.271 Executing VM operation: CollectForMetadataAllocation


Dynamic libraries:
0x00007ff749af0000 - 0x00007ff749aff000 	C:\Program Files\Java\jdk-15\bin\java.exe
0x00007ff9a62d0000 - 0x00007ff9a64c7000 	C:\WINDOWS\SYSTEM32\ntdll.dll
0x00007ff9a4b00000 - 0x00007ff9a4bbd000 	C:\WINDOWS\System32\KERNEL32.DLL
0x00007ff9a3b60000 - 0x00007ff9a3e56000 	C:\WINDOWS\System32\KERNELBASE.dll
0x00007ff9a4290000 - 0x00007ff9a4390000 	C:\WINDOWS\System32\ucrtbase.dll
0x00007ff999e30000 - 0x00007ff999e49000 	C:\Program Files\Java\jdk-15\bin\VCRUNTIME140.dll
0x00007ff9903f0000 - 0x00007ff990408000 	C:\Program Files\Java\jdk-15\bin\jli.dll
0x00007ff9a4830000 - 0x00007ff9a48de000 	C:\WINDOWS\System32\ADVAPI32.dll
0x00007ff9a61c0000 - 0x00007ff9a625e000 	C:\WINDOWS\System32\msvcrt.dll
0x00007ff9a46f0000 - 0x00007ff9a478c000 	C:\WINDOWS\System32\sechost.dll
0x00007ff9a4cf0000 - 0x00007ff9a4e16000 	C:\WINDOWS\System32\RPCRT4.dll
0x00007ff9a4390000 - 0x00007ff9a452e000 	C:\WINDOWS\System32\USER32.dll
0x00007ff9a3e60000 - 0x00007ff9a3e82000 	C:\WINDOWS\System32\win32u.dll
0x00007ff9a4790000 - 0x00007ff9a47bc000 	C:\WINDOWS\System32\GDI32.dll
0x00007ff9a4010000 - 0x00007ff9a412a000 	C:\WINDOWS\System32\gdi32full.dll
0x00007ff9a3f70000 - 0x00007ff9a400d000 	C:\WINDOWS\System32\msvcp_win.dll
0x00007ff9942c0000 - 0x00007ff99455a000 	C:\WINDOWS\WinSxS\amd64_microsoft.windows.common-controls_6595b64144ccf1df_6.0.19041.3570_none_60bb2a3971f3e41a\COMCTL32.dll
0x00007ff995360000 - 0x00007ff99536a000 	C:\WINDOWS\SYSTEM32\VERSION.dll
0x00007ff9a6260000 - 0x00007ff9a6290000 	C:\WINDOWS\System32\IMM32.DLL
0x00007ff98bfd0000 - 0x00007ff98bfdc000 	C:\Program Files\Java\jdk-15\bin\vcruntime140_1.dll
0x00007ff97e110000 - 0x00007ff97e1a1000 	C:\Program Files\Java\jdk-15\bin\msvcp140.dll
0x00007ff948100000 - 0x00007ff948c5c000 	C:\Program Files\Java\jdk-15\bin\server\jvm.dll
0x00007ff9a4bc0000 - 0x00007ff9a4bc8000 	C:\WINDOWS\System32\PSAPI.DLL
0x00007ff990600000 - 0x00007ff990609000 	C:\WINDOWS\SYSTEM32\WSOCK32.dll
0x00007ff9a48e0000 - 0x00007ff9a494b000 	C:\WINDOWS\System32\WS2_32.dll
0x00007ff9939e0000 - 0x00007ff993a07000 	C:\WINDOWS\SYSTEM32\WINMM.dll
0x00007ff9a1940000 - 0x00007ff9a1952000 	C:\WINDOWS\SYSTEM32\kernel.appcore.dll
0x00007ff98aa80000 - 0x00007ff98aa8a000 	C:\Program Files\Java\jdk-15\bin\jimage.dll
0x00007ff9a1650000 - 0x00007ff9a1834000 	C:\WINDOWS\SYSTEM32\DBGHELP.DLL
0x00007ff98f8d0000 - 0x00007ff98f904000 	C:\WINDOWS\SYSTEM32\dbgcore.DLL
0x00007ff9a3ee0000 - 0x00007ff9a3f62000 	C:\WINDOWS\System32\bcryptPrimitives.dll
0x00007ff990380000 - 0x00007ff9903b9000 	C:\Program Files\Java\jdk-15\bin\jdwp.dll
0x00007ff98bfa0000 - 0x00007ff98bfc5000 	C:\Program Files\Java\jdk-15\bin\java.dll
0x00007ff9a5830000 - 0x00007ff9a5f74000 	C:\WINDOWS\System32\SHELL32.dll
0x00007ff9a1ab0000 - 0x00007ff9a224b000 	C:\WINDOWS\SYSTEM32\windows.storage.dll
0x00007ff9a53c0000 - 0x00007ff9a5714000 	C:\WINDOWS\System32\combase.dll
0x00007ff9a3380000 - 0x00007ff9a33ad000 	C:\WINDOWS\SYSTEM32\Wldp.dll
0x00007ff9a5f80000 - 0x00007ff9a602d000 	C:\WINDOWS\System32\SHCORE.dll
0x00007ff9a6030000 - 0x00007ff9a6085000 	C:\WINDOWS\System32\shlwapi.dll
0x00007ff9a3940000 - 0x00007ff9a3965000 	C:\WINDOWS\SYSTEM32\profapi.dll
0x00007ff98aa60000 - 0x00007ff98aa79000 	C:\Program Files\Java\jdk-15\bin\net.dll
0x00007ff9950b0000 - 0x00007ff9951ba000 	C:\WINDOWS\SYSTEM32\WINHTTP.dll
0x00007ff9a30e0000 - 0x00007ff9a314a000 	C:\WINDOWS\system32\mswsock.dll
0x00007ff98aa40000 - 0x00007ff98aa52000 	C:\Program Files\Java\jdk-15\bin\nio.dll
0x00007ff9932b0000 - 0x00007ff9932bb000 	C:\Program Files\Java\jdk-15\bin\dt_shmem.dll
0x00007ff98aa20000 - 0x00007ff98aa38000 	C:\Program Files\Java\jdk-15\bin\zip.dll
0x00007ff97e1b0000 - 0x00007ff97e330000 	C:\Program Files\Java\jdk-15\bin\awt.dll
0x00007ff9a4540000 - 0x00007ff9a460d000 	C:\WINDOWS\System32\OLEAUT32.dll
0x00007ff9a05d0000 - 0x00007ff9a0660000 	C:\WINDOWS\SYSTEM32\apphelp.dll
0x00007ff9a0ec0000 - 0x00007ff9a0eef000 	C:\WINDOWS\system32\DWMAPI.DLL
0x00007ff9a0c60000 - 0x00007ff9a0cfe000 	C:\WINDOWS\system32\uxtheme.dll
0x00007ff98e710000 - 0x00007ff98e835000 	C:\WINDOWS\system32\opengl32.dll
0x00007ff98e6e0000 - 0x00007ff98e70c000 	C:\WINDOWS\SYSTEM32\GLU32.dll
0x00007ff9a4bd0000 - 0x00007ff9a4ce4000 	C:\WINDOWS\System32\MSCTF.dll
0x00007ff9a4e20000 - 0x00007ff9a4f4b000 	C:\WINDOWS\System32\ole32.dll
0x00007ff987f50000 - 0x00007ff987f7d000 	C:\Program Files\Java\jdk-15\bin\javajpeg.dll
0x00007ff94a6b0000 - 0x00007ff94a735000 	C:\Program Files\Java\jdk-15\bin\freetype.dll
0x00007ff94a600000 - 0x00007ff94a6a9000 	C:\Program Files\Java\jdk-15\bin\fontmanager.dll
0x00007ff9a6110000 - 0x00007ff9a61b9000 	C:\WINDOWS\System32\clbcatq.dll
0x00007ff99dc00000 - 0x00007ff99ddb4000 	C:\WINDOWS\SYSTEM32\WindowsCodecs.dll
0x00007ff9a3a10000 - 0x00007ff9a3a37000 	C:\WINDOWS\System32\bcrypt.dll
0x00007ff9851c0000 - 0x00007ff9851fe000 	C:\WINDOWS\system32\dataexchange.dll
0x00007ff99f060000 - 0x00007ff99f2c3000 	C:\WINDOWS\system32\d3d11.dll
0x00007ff99f9e0000 - 0x00007ff99fbc3000 	C:\WINDOWS\system32\dcomp.dll
0x00007ff9a22b0000 - 0x00007ff9a23a3000 	C:\WINDOWS\system32\dxgi.dll
0x00007ff99d8e0000 - 0x00007ff99dae7000 	C:\WINDOWS\system32\twinapi.appcore.dll

dbghelp: loaded successfully - version: 4.0.5 - missing functions: none
symbol engine: initialized successfully - sym options: 0x614 - pdb path: .;C:\Program Files\Java\jdk-15\bin;C:\WINDOWS\SYSTEM32;C:\WINDOWS\WinSxS\amd64_microsoft.windows.common-controls_6595b64144ccf1df_6.0.19041.3570_none_60bb2a3971f3e41a;C:\Program Files\Java\jdk-15\bin\server

VM Arguments:
jvm_args: -Dfile.encoding=UTF-8 -agentlib:jdwp=transport=dt_shmem,address=javadebug5167 --module-path=C:\Users\aysha\Documents\NetBeansProjects\java_CRUD\build\classes 
java_command: java_crud.Java_CRUD
java_class_path (initial): C:\Users\aysha\Desktop\lbr\MySqlJdbcDriver\mysql-connector-j-8.1.0.jar;C:\Users\aysha\Desktop\Libraries\rs2xml.jar;C:\Users\aysha\Documents\NetBeansProjects\java_CRUD\build\classes
Launcher Type: SUN_STANDARD

[Global flags]
     intx CICompilerCount                          = 3                                         {product} {ergonomic}
     uint ConcGCThreads                            = 1                                         {product} {ergonomic}
     uint G1ConcRefinementThreads                  = 4                                         {product} {ergonomic}
   size_t G1HeapRegionSize                         = 1048576                                   {product} {ergonomic}
    uintx GCDrainStackTargetSize                   = 64                                        {product} {ergonomic}
   size_t InitialHeapSize                          = 65011712                                  {product} {ergonomic}
   size_t MarkStackSize                            = 4194304                                   {product} {ergonomic}
   size_t MaxHeapSize                              = 1017118720                                {product} {ergonomic}
   size_t MaxNewSize                               = 610271232                                 {product} {ergonomic}
   size_t MinHeapDeltaBytes                        = 1048576                                   {product} {ergonomic}
   size_t MinHeapSize                              = 8388608                                   {product} {ergonomic}
    uintx NonNMethodCodeHeapSize                   = 5832780                                {pd product} {ergonomic}
    uintx NonProfiledCodeHeapSize                  = 122912730                              {pd product} {ergonomic}
    uintx ProfiledCodeHeapSize                     = 122912730                              {pd product} {ergonomic}
    uintx ReservedCodeCacheSize                    = 251658240                              {pd product} {ergonomic}
     bool SegmentedCodeCache                       = true                                      {product} {ergonomic}
   size_t SoftMaxHeapSize                          = 1017118720                             {manageable} {ergonomic}
     bool UseCompressedClassPointers               = true                                 {lp64_product} {ergonomic}
     bool UseCompressedOops                        = true                                 {lp64_product} {ergonomic}
     bool UseG1GC                                  = true                                      {product} {ergonomic}
     bool UseLargePagesIndividualAllocation        = false                                  {pd product} {ergonomic}

Logging:
Log output configuration:
 #0: stdout all=warning uptime,level,tags
 #1: stderr all=off uptime,level,tags

Environment Variables:
JAVA_HOME=C:\Program Files\Java\jdk-15
PATH=C:\Program Files\Common Files\Oracle\Java\javapath;C:\WINDOWS\system32;C:\WINDOWS;C:\WINDOWS\System32\Wbem;C:\WINDOWS\System32\WindowsPowerShell\v1.0\;C:\WINDOWS\System32\OpenSSH\;C:\Program Files\Microsoft SQL Server\150\Tools\Binn\;C:\Program Files\Microsoft\Web Platform Installer\;C:\Program Files (x86)\Microsoft ASP.NET\ASP.NET Web Pages\v1.0\;C:\Program Files (x86)\Windows Kits\8.0\Windows Performance Toolkit\;C:\Program Files\Microsoft SQL Server\110\Tools\Binn\;C:\Program Files\Java\jdk-15\bin;C:\Program Files\MySQL\MySQL Shell 8.0\bin\;C:\Users\aysha\AppData\Local\Microsoft\WindowsApps;C:\Users\aysha\AppData\Local\Programs\Microsoft VS Code\bin
USERNAME=aysha
OS=Windows_NT
PROCESSOR_IDENTIFIER=Intel64 Family 6 Model 142 Stepping 9, GenuineIntel



---------------  S Y S T E M  ---------------

OS:
 Windows 10 , 64 bit Build 19041 (10.0.19041.3570)
OS uptime: 0 days 3:32 hours

CPU: total 4 (initial active 4) (2 cores per cpu, 2 threads per core) family 6 model 142 stepping 9, cmov, cx8, fxsr, mmx, sse, sse2, sse3, ssse3, sse4.1, sse4.2, popcnt, vzeroupper, avx, avx2, aes, clmul, erms, 3dnowpref, lzcnt, ht, tsc, tscinvbit, bmi1, bmi2, adx, fma, clflush, clflushopt

Memory: 4k page, system-wide physical 3879M (204M free)
TotalPageFile size 15655M (AvailPageFile size 0M)
current process WorkingSet (physical memory assigned to process): 60M, peak: 60M
current process commit charge ("private bytes"): 146M, peak: 147M

vm_info: Java HotSpot(TM) 64-Bit Server VM (15+36-1562) for windows-amd64 JRE (15+36-1562), built on Aug 11 2020 22:38:02 by "mach5one" with unknown MS VC++:1925

END.
